#
# There is insufficient memory for the Java Runtime Environment to continue.
# Native memory allocation (mmap) failed to map 99614720 bytes for G1 virtual space
# Possible reasons:
#   The system is out of physical RAM or swap space
#   The process is running with CompressedOops enabled, and the Java Heap may be blocking the growth of the native heap
# Possible solutions:
#   Reduce memory load on the system
#   Increase physical memory or swap space
#   Check if swap backing store is full
#   Decrease Java heap size (-Xmx/-Xms)
#   Decrease number of Java threads
#   Decrease Java thread stack sizes (-Xss)
#   Set larger code cache with -XX:ReservedCodeCacheSize=
#   JVM is running with Unscaled Compressed Oops mode in which the Java heap is
#     placed in the first 4GB address space. The Java Heap base address is the
#     maximum limit for the native heap growth. Please use -XX:HeapBaseMinAddress
#     to set the Java Heap base and to place the Java Heap above 4GB virtual address.
# This output file may be truncated or incomplete.
#
#  Out of Memory Error (os_windows.cpp:3769), pid=26336, tid=24800
#
# JRE version: OpenJDK Runtime Environment (17.0.6) (build 17.0.6+0-b2043.56-9586694)
# Java VM: OpenJDK 64-Bit Server VM (17.0.6+0-b2043.56-9586694, mixed mode, tiered, compressed oops, compressed class ptrs, g1 gc, windows-amd64)
# No core dump will be written. Minidumps are not enabled by default on client versions of Windows
#

---------------  S U M M A R Y ------------

Command Line: --add-opens=java.base/java.util=ALL-UNNAMED --add-opens=java.base/java.lang=ALL-UNNAMED --add-opens=java.base/java.lang.invoke=ALL-UNNAMED --add-opens=java.base/java.util=ALL-UNNAMED --add-opens=java.prefs/java.util.prefs=ALL-UNNAMED --add-opens=java.prefs/java.util.prefs=ALL-UNNAMED --add-opens=java.base/java.nio.charset=ALL-UNNAMED --add-opens=java.base/java.net=ALL-UNNAMED --add-opens=java.base/java.util.concurrent.atomic=ALL-UNNAMED -Xmx2048m -Dfile.encoding=UTF-8 -Duser.country=IN -Duser.language=en -Duser.variant org.gradle.launcher.daemon.bootstrap.GradleDaemon 7.5

Host: AMD Athlon Gold 3150U with Radeon Graphics     , 4 cores, 3G,  Windows 11 , 64 bit Build 22621 (10.0.22621.1485)
Time: Tue May  9 22:17:48 2023 India Standard Time elapsed time: 44.844033 seconds (0d 0h 0m 44s)

---------------  T H R E A D  ---------------

Current thread (0x00000255cde3e030):  VMThread "VM Thread" [stack: 0x000000dc03500000,0x000000dc03600000] [id=24800]

Stack: [0x000000dc03500000,0x000000dc03600000]
Native frames: (J=compiled Java code, j=interpreted, Vv=VM code, C=native code)
V  [jvm.dll+0x683b4a]
V  [jvm.dll+0x842654]
V  [jvm.dll+0x843dfe]
V  [jvm.dll+0x844463]
V  [jvm.dll+0x249b75]
V  [jvm.dll+0x680a19]
V  [jvm.dll+0x674f0a]
V  [jvm.dll+0x309acb]
V  [jvm.dll+0x310f86]
V  [jvm.dll+0x3608ee]
V  [jvm.dll+0x360b1f]
V  [jvm.dll+0x2dfbf8]
V  [jvm.dll+0x2ddec4]
V  [jvm.dll+0x2dd4cc]
V  [jvm.dll+0x321f3b]
V  [jvm.dll+0x84893b]
V  [jvm.dll+0x849674]
V  [jvm.dll+0x849b8d]
V  [jvm.dll+0x849f64]
V  [jvm.dll+0x84a030]
V  [jvm.dll+0x7f25fa]
V  [jvm.dll+0x682985]
C  [ucrtbase.dll+0x29363]
C  [KERNEL32.DLL+0x1269d]
C  [ntdll.dll+0x5a9f8]

VM_Operation (0x000000dc056fcb50): G1CollectForAllocation, mode: safepoint, requested by thread 0x00000255d1ace730


---------------  P R O C E S S  ---------------

Threads class SMR info:
_java_thread_list=0x00000255cf717b10, length=38, elements={
0x00000255b48c9cd0, 0x00000255cde41760, 0x00000255cde42310, 0x00000255cde65cb0,
0x00000255cde66570, 0x00000255ce8074b0, 0x00000255ce80bd80, 0x00000255ce80c970,
0x00000255ce80d410, 0x00000255ce80ed20, 0x00000255ce990010, 0x00000255ce996910,
0x00000255cfed8890, 0x00000255d00cb0a0, 0x00000255cfd9a130, 0x00000255d013d040,
0x00000255cfb6b0d0, 0x00000255d0c5b5a0, 0x00000255d0c5ac00, 0x00000255d0c58a50,
0x00000255d0c59d90, 0x00000255d0c5b0d0, 0x00000255d0c58f20, 0x00000255d0c5c410,
0x00000255d0c593f0, 0x00000255d0c5ba70, 0x00000255d0c5bf40, 0x00000255d0c5a260,
0x00000255d0c5a730, 0x00000255d1ace730, 0x00000255d1acc0b0, 0x00000255d1acbbe0,
0x00000255d1acfa70, 0x00000255d1acf0d0, 0x00000255d1acd8c0, 0x00000255d1acc580,
0x00000255d1acca50, 0x00000255cf9bf710
}

Java Threads: ( => current thread )
  0x00000255b48c9cd0 JavaThread "main" [_thread_blocked, id=14520, stack(0x000000dc02f00000,0x000000dc03000000)]
  0x00000255cde41760 JavaThread "Reference Handler" daemon [_thread_blocked, id=24960, stack(0x000000dc03600000,0x000000dc03700000)]
  0x00000255cde42310 JavaThread "Finalizer" daemon [_thread_blocked, id=27192, stack(0x000000dc03700000,0x000000dc03800000)]
  0x00000255cde65cb0 JavaThread "Signal Dispatcher" daemon [_thread_blocked, id=20316, stack(0x000000dc03800000,0x000000dc03900000)]
  0x00000255cde66570 JavaThread "Attach Listener" daemon [_thread_blocked, id=30408, stack(0x000000dc03900000,0x000000dc03a00000)]
  0x00000255ce8074b0 JavaThread "Service Thread" daemon [_thread_blocked, id=28116, stack(0x000000dc03a00000,0x000000dc03b00000)]
  0x00000255ce80bd80 JavaThread "Monitor Deflation Thread" daemon [_thread_blocked, id=5556, stack(0x000000dc03b00000,0x000000dc03c00000)]
  0x00000255ce80c970 JavaThread "C2 CompilerThread0" daemon [_thread_blocked, id=4028, stack(0x000000dc03c00000,0x000000dc03d00000)]
  0x00000255ce80d410 JavaThread "C1 CompilerThread0" daemon [_thread_blocked, id=30236, stack(0x000000dc03d00000,0x000000dc03e00000)]
  0x00000255ce80ed20 JavaThread "Sweeper thread" daemon [_thread_blocked, id=24952, stack(0x000000dc03e00000,0x000000dc03f00000)]
  0x00000255ce990010 JavaThread "Common-Cleaner" daemon [_thread_blocked, id=8, stack(0x000000dc03f00000,0x000000dc04000000)]
  0x00000255ce996910 JavaThread "Notification Thread" daemon [_thread_blocked, id=10428, stack(0x000000dc04000000,0x000000dc04100000)]
  0x00000255cfed8890 JavaThread "Daemon health stats" [_thread_blocked, id=20736, stack(0x000000dc04500000,0x000000dc04600000)]
  0x00000255d00cb0a0 JavaThread "Incoming local TCP Connector on port 62498" [_thread_in_native, id=12120, stack(0x000000dc04600000,0x000000dc04700000)]
  0x00000255cfd9a130 JavaThread "Daemon periodic checks" [_thread_blocked, id=5912, stack(0x000000dc04700000,0x000000dc04800000)]
  0x00000255d013d040 JavaThread "Daemon" [_thread_blocked, id=9560, stack(0x000000dc04800000,0x000000dc04900000)]
  0x00000255cfb6b0d0 JavaThread "Handler for socket connection from /127.0.0.1:62498 to /127.0.0.1:62499" [_thread_in_native, id=4728, stack(0x000000dc04900000,0x000000dc04a00000)]
  0x00000255d0c5b5a0 JavaThread "Cancel handler" [_thread_blocked, id=13996, stack(0x000000dc04a00000,0x000000dc04b00000)]
  0x00000255d0c5ac00 JavaThread "Daemon worker" [_thread_blocked, id=26628, stack(0x000000dc04b00000,0x000000dc04c00000)]
  0x00000255d0c58a50 JavaThread "Asynchronous log dispatcher for DefaultDaemonConnection: socket connection from /127.0.0.1:62498 to /127.0.0.1:62499" [_thread_blocked, id=13968, stack(0x000000dc04c00000,0x000000dc04d00000)]
  0x00000255d0c59d90 JavaThread "Stdin handler" [_thread_blocked, id=26400, stack(0x000000dc04d00000,0x000000dc04e00000)]
  0x00000255d0c5b0d0 JavaThread "Daemon client event forwarder" [_thread_blocked, id=19008, stack(0x000000dc04e00000,0x000000dc04f00000)]
  0x00000255d0c58f20 JavaThread "Cache worker for journal cache (C:\Users\mohan\.gradle\caches\journal-1)" [_thread_blocked, id=22600, stack(0x000000dc04f00000,0x000000dc05000000)]
  0x00000255d0c5c410 JavaThread "File lock request listener" [_thread_in_native, id=27552, stack(0x000000dc05000000,0x000000dc05100000)]
  0x00000255d0c593f0 JavaThread "Cache worker for file hash cache (C:\Users\mohan\.gradle\caches\7.5\fileHashes)" [_thread_blocked, id=22452, stack(0x000000dc05100000,0x000000dc05200000)]
  0x00000255d0c5ba70 JavaThread "File watcher server" daemon [_thread_in_native, id=6224, stack(0x000000dc05200000,0x000000dc05300000)]
  0x00000255d0c5bf40 JavaThread "File watcher consumer" daemon [_thread_blocked, id=26784, stack(0x000000dc05300000,0x000000dc05400000)]
  0x00000255d0c5a260 JavaThread "jar transforms" [_thread_blocked, id=29900, stack(0x000000dc05400000,0x000000dc05500000)]
  0x00000255d0c5a730 JavaThread "jar transforms Thread 2" [_thread_blocked, id=23832, stack(0x000000dc05500000,0x000000dc05600000)]
  0x00000255d1ace730 JavaThread "jar transforms Thread 3" [_thread_blocked, id=3252, stack(0x000000dc05600000,0x000000dc05700000)]
  0x00000255d1acc0b0 JavaThread "jar transforms Thread 4" [_thread_blocked, id=26024, stack(0x000000dc05700000,0x000000dc05800000)]
  0x00000255d1acbbe0 JavaThread "Cache worker for checksums cache (C:\Users\mohan\AndroidStudioProjects\Location\.gradle\7.5\checksums)" [_thread_blocked, id=9676, stack(0x000000dc05800000,0x000000dc05900000)]
  0x00000255d1acfa70 JavaThread "Cache worker for cache directory md-rule (C:\Users\mohan\.gradle\caches\7.5\md-rule)" [_thread_blocked, id=27220, stack(0x000000dc05900000,0x000000dc05a00000)]
  0x00000255d1acf0d0 JavaThread "Cache worker for file content cache (C:\Users\mohan\.gradle\caches\7.5\fileContent)" [_thread_blocked, id=28088, stack(0x000000dc05a00000,0x000000dc05b00000)]
  0x00000255d1acd8c0 JavaThread "Cache worker for file hash cache (C:\Users\mohan\AndroidStudioProjects\Location\.gradle\7.5\fileHashes)" [_thread_blocked, id=13960, stack(0x000000dc05b00000,0x000000dc05c00000)]
  0x00000255d1acc580 JavaThread "Cache worker for cache directory md-supplier (C:\Users\mohan\.gradle\caches\7.5\md-supplier)" [_thread_blocked, id=4476, stack(0x000000dc05c00000,0x000000dc05d00000)]
  0x00000255d1acca50 JavaThread "Cache worker for execution history cache (C:\Users\mohan\.gradle\caches\7.5\executionHistory)" [_thread_blocked, id=11160, stack(0x000000dc05d00000,0x000000dc05e00000)]
  0x00000255cf9bf710 JavaThread "C2 CompilerThread1" daemon [_thread_in_native, id=22980, stack(0x000000dc06000000,0x000000dc06100000)]

Other Threads:
=>0x00000255cde3e030 VMThread "VM Thread" [stack: 0x000000dc03500000,0x000000dc03600000] [id=24800]
  0x00000255ce998df0 WatcherThread [stack: 0x000000dc04100000,0x000000dc04200000] [id=1848]
  0x00000255b49251c0 GCTaskThread "GC Thread#0" [stack: 0x000000dc03000000,0x000000dc03100000] [id=11016]
  0x00000255cebfe8d0 GCTaskThread "GC Thread#1" [stack: 0x000000dc04200000,0x000000dc04300000] [id=5200]
  0x00000255ced14680 GCTaskThread "GC Thread#2" [stack: 0x000000dc04300000,0x000000dc04400000] [id=6832]
  0x00000255cf58ba50 GCTaskThread "GC Thread#3" [stack: 0x000000dc04400000,0x000000dc04500000] [id=11212]
  0x00000255b4936a00 ConcurrentGCThread "G1 Main Marker" [stack: 0x000000dc03100000,0x000000dc03200000] [id=30204]
  0x00000255b4937570 ConcurrentGCThread "G1 Conc#0" [stack: 0x000000dc03200000,0x000000dc03300000] [id=23564]
  0x00000255b4976a70 ConcurrentGCThread "G1 Refine#0" [stack: 0x000000dc03300000,0x000000dc03400000] [id=17968]
  0x00000255b4977490 ConcurrentGCThread "G1 Service" [stack: 0x000000dc03400000,0x000000dc03500000] [id=12128]

Threads with active compile tasks:
C2 CompilerThread1    44964 5159 %     4       org.objectweb.asm.ClassReader::readCode @ 2186 (5109 bytes)

VM state: at safepoint (normal execution)

VM Mutex/Monitor currently owned by a thread:  ([mutex/lock_event])
[0x00000255b48c4e30] Threads_lock - owner thread: 0x00000255cde3e030
[0x00000255b48c49b0] Heap_lock - owner thread: 0x00000255d1ace730

Heap address: 0x0000000080000000, size: 2048 MB, Compressed Oops mode: 32-bit

CDS archive(s) not mapped
Compressed class space mapped at: 0x0000000100000000-0x0000000140000000, reserved size: 1073741824
Narrow klass base: 0x0000000000000000, Narrow klass shift: 3, Narrow klass range: 0x140000000

GC Precious Log:
 CPUs: 4 total, 4 available
 Memory: 3470M
 Large Page Support: Disabled
 NUMA Support: Disabled
 Compressed Oops: Enabled (32-bit)
 Heap Region Size: 1M
 Heap Min Capacity: 8M
 Heap Initial Capacity: 56M
 Heap Max Capacity: 2G
 Pre-touch: Disabled
 Parallel Workers: 4
 Concurrent Workers: 1
 Concurrent Refinement Workers: 4
 Periodic GC: Disabled

Heap:
 garbage-first heap   total 307200K, used 114343K [0x0000000080000000, 0x0000000100000000)
  region size 1024K, 12 young (12288K), 12 survivors (12288K)
 Metaspace       used 46230K, committed 46656K, reserved 1089536K
  class space    used 6092K, committed 6272K, reserved 1048576K

Heap Regions: E=young(eden), S=young(survivor), O=old, HS=humongous(starts), HC=humongous(continues), CS=collection set, F=free, OA=open archive, CA=closed archive, TAMS=top-at-mark-start (previous, next)
|   0|0x0000000080000000, 0x0000000080100000, 0x0000000080100000|100%|HS|  |TAMS 0x0000000080100000, 0x0000000080000000| Complete 
|   1|0x0000000080100000, 0x0000000080200000, 0x0000000080200000|100%|HC|  |TAMS 0x0000000080200000, 0x0000000080100000| Complete 
|   2|0x0000000080200000, 0x0000000080300000, 0x0000000080300000|100%|HC|  |TAMS 0x0000000080300000, 0x0000000080200000| Complete 
|   3|0x0000000080300000, 0x0000000080400000, 0x0000000080400000|100%| O|  |TAMS 0x0000000080400000, 0x0000000080300000| Untracked 
|   4|0x0000000080400000, 0x0000000080500000, 0x0000000080500000|100%| O|  |TAMS 0x0000000080500000, 0x0000000080400000| Untracked 
|   5|0x0000000080500000, 0x0000000080600000, 0x0000000080600000|100%| O|  |TAMS 0x0000000080600000, 0x0000000080500000| Untracked 
|   6|0x0000000080600000, 0x0000000080700000, 0x0000000080700000|100%| O|  |TAMS 0x0000000080700000, 0x0000000080600000| Untracked 
|   7|0x0000000080700000, 0x0000000080800000, 0x0000000080800000|100%| O|  |TAMS 0x0000000080800000, 0x0000000080700000| Untracked 
|   8|0x0000000080800000, 0x0000000080900000, 0x0000000080900000|100%| O|  |TAMS 0x0000000080900000, 0x0000000080800000| Untracked 
|   9|0x0000000080900000, 0x0000000080a00000, 0x0000000080a00000|100%| O|  |TAMS 0x0000000080a00000, 0x0000000080900000| Untracked 
|  10|0x0000000080a00000, 0x0000000080b00000, 0x0000000080b00000|100%| O|  |TAMS 0x0000000080b00000, 0x0000000080a00000| Untracked 
|  11|0x0000000080b00000, 0x0000000080c00000, 0x0000000080c00000|100%| O|  |TAMS 0x0000000080c00000, 0x0000000080b00000| Untracked 
|  12|0x0000000080c00000, 0x0000000080d00000, 0x0000000080d00000|100%| O|  |TAMS 0x0000000080d00000, 0x0000000080c00000| Untracked 
|  13|0x0000000080d00000, 0x0000000080e00000, 0x0000000080e00000|100%| O|  |TAMS 0x0000000080e00000, 0x0000000080d00000| Untracked 
|  14|0x0000000080e00000, 0x0000000080f00000, 0x0000000080f00000|100%| O|  |TAMS 0x0000000080f00000, 0x0000000080e00000| Untracked 
|  15|0x0000000080f00000, 0x0000000081000000, 0x0000000081000000|100%| O|  |TAMS 0x0000000081000000, 0x0000000080f00000| Untracked 
|  16|0x0000000081000000, 0x0000000081100000, 0x0000000081100000|100%| O|  |TAMS 0x0000000081100000, 0x0000000081000000| Untracked 
|  17|0x0000000081100000, 0x0000000081200000, 0x0000000081200000|100%| O|  |TAMS 0x0000000081200000, 0x0000000081100000| Untracked 
|  18|0x0000000081200000, 0x0000000081300000, 0x0000000081300000|100%| O|  |TAMS 0x0000000081300000, 0x0000000081200000| Untracked 
|  19|0x0000000081300000, 0x0000000081400000, 0x0000000081400000|100%| O|  |TAMS 0x0000000081400000, 0x0000000081300000| Untracked 
|  20|0x0000000081400000, 0x0000000081500000, 0x0000000081500000|100%|HS|  |TAMS 0x0000000081500000, 0x0000000081400000| Complete 
|  21|0x0000000081500000, 0x0000000081600000, 0x0000000081600000|100%|HC|  |TAMS 0x0000000081600000, 0x0000000081500000| Complete 
|  22|0x0000000081600000, 0x0000000081700000, 0x0000000081700000|100%|HS|  |TAMS 0x0000000081700000, 0x0000000081600000| Complete 
|  23|0x0000000081700000, 0x0000000081800000, 0x0000000081800000|100%|HC|  |TAMS 0x0000000081800000, 0x0000000081700000| Complete 
|  24|0x0000000081800000, 0x0000000081900000, 0x0000000081900000|100%|HC|  |TAMS 0x0000000081900000, 0x0000000081800000| Complete 
|  25|0x0000000081900000, 0x0000000081a00000, 0x0000000081a00000|100%| O|  |TAMS 0x0000000081a00000, 0x0000000081900000| Untracked 
|  26|0x0000000081a00000, 0x0000000081b00000, 0x0000000081b00000|100%|HS|  |TAMS 0x0000000081b00000, 0x0000000081a00000| Complete 
|  27|0x0000000081b00000, 0x0000000081c00000, 0x0000000081c00000|100%|HC|  |TAMS 0x0000000081c00000, 0x0000000081b00000| Complete 
|  28|0x0000000081c00000, 0x0000000081d00000, 0x0000000081d00000|100%|HC|  |TAMS 0x0000000081d00000, 0x0000000081c00000| Complete 
|  29|0x0000000081d00000, 0x0000000081e00000, 0x0000000081e00000|100%| O|  |TAMS 0x0000000081e00000, 0x0000000081d00000| Untracked 
|  30|0x0000000081e00000, 0x0000000081f00000, 0x0000000081f00000|100%|HS|  |TAMS 0x0000000081f00000, 0x0000000081e00000| Complete 
|  31|0x0000000081f00000, 0x0000000082000000, 0x0000000082000000|100%|HC|  |TAMS 0x0000000082000000, 0x0000000081f00000| Complete 
|  32|0x0000000082000000, 0x0000000082100000, 0x0000000082100000|100%|HS|  |TAMS 0x0000000082100000, 0x0000000082000000| Complete 
|  33|0x0000000082100000, 0x0000000082200000, 0x0000000082200000|100%|HC|  |TAMS 0x0000000082200000, 0x0000000082100000| Complete 
|  34|0x0000000082200000, 0x0000000082300000, 0x0000000082300000|100%|HC|  |TAMS 0x0000000082300000, 0x0000000082200000| Complete 
|  35|0x0000000082300000, 0x0000000082400000, 0x0000000082400000|100%|HC|  |TAMS 0x0000000082400000, 0x0000000082300000| Complete 
|  36|0x0000000082400000, 0x0000000082500000, 0x0000000082500000|100%|HC|  |TAMS 0x0000000082500000, 0x0000000082400000| Complete 
|  37|0x0000000082500000, 0x0000000082600000, 0x0000000082600000|100%|HC|  |TAMS 0x0000000082600000, 0x0000000082500000| Complete 
|  38|0x0000000082600000, 0x0000000082700000, 0x0000000082700000|100%|HC|  |TAMS 0x0000000082700000, 0x0000000082600000| Complete 
|  39|0x0000000082700000, 0x0000000082800000, 0x0000000082800000|100%|HC|  |TAMS 0x0000000082800000, 0x0000000082700000| Complete 
|  40|0x0000000082800000, 0x0000000082900000, 0x0000000082900000|100%|HC|  |TAMS 0x0000000082900000, 0x0000000082800000| Complete 
|  41|0x0000000082900000, 0x0000000082a00000, 0x0000000082a00000|100%|HC|  |TAMS 0x0000000082a00000, 0x0000000082900000| Complete 
|  42|0x0000000082a00000, 0x0000000082b00000, 0x0000000082b00000|100%| O|  |TAMS 0x0000000082b00000, 0x0000000082a00000| Untracked 
|  43|0x0000000082b00000, 0x0000000082c00000, 0x0000000082c00000|100%|HS|  |TAMS 0x0000000082c00000, 0x0000000082b00000| Complete 
|  44|0x0000000082c00000, 0x0000000082d00000, 0x0000000082d00000|100%|HC|  |TAMS 0x0000000082d00000, 0x0000000082c00000| Complete 
|  45|0x0000000082d00000, 0x0000000082e00000, 0x0000000082e00000|100%|HS|  |TAMS 0x0000000082e00000, 0x0000000082d00000| Complete 
|  46|0x0000000082e00000, 0x0000000082f00000, 0x0000000082f00000|100%|HC|  |TAMS 0x0000000082f00000, 0x0000000082e00000| Complete 
|  47|0x0000000082f00000, 0x0000000083000000, 0x0000000083000000|100%|HC|  |TAMS 0x0000000083000000, 0x0000000082f00000| Complete 
|  48|0x0000000083000000, 0x0000000083100000, 0x0000000083100000|100%|HC|  |TAMS 0x0000000083100000, 0x0000000083000000| Complete 
|  49|0x0000000083100000, 0x0000000083200000, 0x0000000083200000|100%|HC|  |TAMS 0x0000000083200000, 0x0000000083100000| Complete 
|  50|0x0000000083200000, 0x0000000083300000, 0x0000000083300000|100%|HC|  |TAMS 0x0000000083300000, 0x0000000083200000| Complete 
|  51|0x0000000083300000, 0x0000000083400000, 0x0000000083400000|100%|HS|  |TAMS 0x0000000083400000, 0x0000000083300000| Complete 
|  52|0x0000000083400000, 0x0000000083500000, 0x0000000083500000|100%| O|  |TAMS 0x0000000083500000, 0x0000000083400000| Untracked 
|  53|0x0000000083500000, 0x0000000083600000, 0x0000000083600000|100%| O|  |TAMS 0x0000000083600000, 0x0000000083500000| Untracked 
|  54|0x0000000083600000, 0x0000000083700000, 0x0000000083700000|100%| O|  |TAMS 0x0000000083700000, 0x0000000083600000| Untracked 
|  55|0x0000000083700000, 0x0000000083800000, 0x0000000083800000|100%| O|  |TAMS 0x0000000083800000, 0x0000000083700000| Untracked 
|  56|0x0000000083800000, 0x0000000083900000, 0x0000000083900000|100%| O|  |TAMS 0x0000000083900000, 0x0000000083800000| Untracked 
|  57|0x0000000083900000, 0x0000000083a00000, 0x0000000083a00000|100%| O|  |TAMS 0x0000000083a00000, 0x0000000083900000| Untracked 
|  58|0x0000000083a00000, 0x0000000083b00000, 0x0000000083b00000|100%| O|  |TAMS 0x0000000083b00000, 0x0000000083a00000| Untracked 
|  59|0x0000000083b00000, 0x0000000083c00000, 0x0000000083c00000|100%| O|  |TAMS 0x0000000083c00000, 0x0000000083b00000| Untracked 
|  60|0x0000000083c00000, 0x0000000083d00000, 0x0000000083d00000|100%| O|  |TAMS 0x0000000083c00000, 0x0000000083c00000| Untracked 
|  61|0x0000000083d00000, 0x0000000083e00000, 0x0000000083e00000|100%| O|  |TAMS 0x0000000083d00000, 0x0000000083d00000| Untracked 
|  62|0x0000000083e00000, 0x0000000083f00000, 0x0000000083f00000|100%| O|  |TAMS 0x0000000083e00000, 0x0000000083e00000| Untracked 
|  63|0x0000000083f00000, 0x0000000084000000, 0x0000000084000000|100%| O|  |TAMS 0x0000000084000000, 0x0000000083f00000| Untracked 
|  64|0x0000000084000000, 0x0000000084100000, 0x0000000084100000|100%| O|  |TAMS 0x0000000084100000, 0x0000000084000000| Untracked 
|  65|0x0000000084100000, 0x0000000084200000, 0x0000000084200000|100%|HS|  |TAMS 0x0000000084100000, 0x0000000084100000| Complete 
|  66|0x0000000084200000, 0x0000000084300000, 0x0000000084300000|100%|HC|  |TAMS 0x0000000084200000, 0x0000000084200000| Complete 
|  67|0x0000000084300000, 0x0000000084400000, 0x0000000084400000|100%| O|  |TAMS 0x0000000084300000, 0x0000000084300000| Untracked 
|  68|0x0000000084400000, 0x0000000084500000, 0x0000000084500000|100%| O|  |TAMS 0x0000000084400000, 0x0000000084400000| Untracked 
|  69|0x0000000084500000, 0x0000000084529e00, 0x0000000084600000| 16%| O|  |TAMS 0x0000000084500000, 0x0000000084500000| Untracked 
|  70|0x0000000084600000, 0x0000000084600000, 0x0000000084700000|  0%| F|  |TAMS 0x0000000084600000, 0x0000000084600000| Untracked 
|  71|0x0000000084700000, 0x0000000084800000, 0x0000000084800000|100%| O|  |TAMS 0x0000000084700000, 0x0000000084700000| Untracked 
|  72|0x0000000084800000, 0x0000000084900000, 0x0000000084900000|100%| O|  |TAMS 0x0000000084800000, 0x0000000084800000| Untracked 
|  73|0x0000000084900000, 0x0000000084a00000, 0x0000000084a00000|100%| O|  |TAMS 0x0000000084a00000, 0x0000000084900000| Untracked 
|  74|0x0000000084a00000, 0x0000000084b00000, 0x0000000084b00000|100%| O|  |TAMS 0x0000000084b00000, 0x0000000084a00000| Untracked 
|  75|0x0000000084b00000, 0x0000000084c00000, 0x0000000084c00000|100%| O|  |TAMS 0x0000000084c00000, 0x0000000084b00000| Untracked 
|  76|0x0000000084c00000, 0x0000000084d00000, 0x0000000084d00000|100%| O|  |TAMS 0x0000000084c00000, 0x0000000084c00000| Untracked 
|  77|0x0000000084d00000, 0x0000000084e00000, 0x0000000084e00000|100%| O|  |TAMS 0x0000000084d00000, 0x0000000084d00000| Untracked 
|  78|0x0000000084e00000, 0x0000000084f00000, 0x0000000084f00000|100%| O|  |TAMS 0x0000000084e00000, 0x0000000084e00000| Untracked 
|  79|0x0000000084f00000, 0x0000000085000000, 0x0000000085000000|100%| O|  |TAMS 0x0000000084f00000, 0x0000000084f00000| Untracked 
|  80|0x0000000085000000, 0x0000000085100000, 0x0000000085100000|100%| O|  |TAMS 0x0000000085000000, 0x0000000085000000| Untracked 
|  81|0x0000000085100000, 0x0000000085200000, 0x0000000085200000|100%| O|  |TAMS 0x0000000085100000, 0x0000000085100000| Untracked 
|  82|0x0000000085200000, 0x0000000085300000, 0x0000000085300000|100%| O|  |TAMS 0x0000000085200000, 0x0000000085200000| Untracked 
|  83|0x0000000085300000, 0x0000000085400000, 0x0000000085400000|100%| O|  |TAMS 0x0000000085300000, 0x0000000085300000| Untracked 
|  84|0x0000000085400000, 0x0000000085500000, 0x0000000085500000|100%| O|  |TAMS 0x0000000085400000, 0x0000000085400000| Untracked 
|  85|0x0000000085500000, 0x0000000085600000, 0x0000000085600000|100%| O|  |TAMS 0x0000000085500000, 0x0000000085500000| Untracked 
|  86|0x0000000085600000, 0x0000000085600000, 0x0000000085700000|  0%| F|  |TAMS 0x0000000085600000, 0x0000000085600000| Untracked 
|  87|0x0000000085700000, 0x0000000085700000, 0x0000000085800000|  0%| F|  |TAMS 0x0000000085700000, 0x0000000085700000| Untracked 
|  88|0x0000000085800000, 0x0000000085800000, 0x0000000085900000|  0%| F|  |TAMS 0x0000000085800000, 0x0000000085800000| Untracked 
|  89|0x0000000085900000, 0x0000000085900000, 0x0000000085a00000|  0%| F|  |TAMS 0x0000000085900000, 0x0000000085900000| Untracked 
|  90|0x0000000085a00000, 0x0000000085a00000, 0x0000000085b00000|  0%| F|  |TAMS 0x0000000085a00000, 0x0000000085a00000| Untracked 
|  91|0x0000000085b00000, 0x0000000085b00000, 0x0000000085c00000|  0%| F|  |TAMS 0x0000000085b00000, 0x0000000085b00000| Untracked 
|  92|0x0000000085c00000, 0x0000000085c00000, 0x0000000085d00000|  0%| F|  |TAMS 0x0000000085c00000, 0x0000000085c00000| Untracked 
|  93|0x0000000085d00000, 0x0000000085d00000, 0x0000000085e00000|  0%| F|  |TAMS 0x0000000085d00000, 0x0000000085d00000| Untracked 
|  94|0x0000000085e00000, 0x0000000085e00000, 0x0000000085f00000|  0%| F|  |TAMS 0x0000000085e00000, 0x0000000085e00000| Untracked 
|  95|0x0000000085f00000, 0x0000000085f00000, 0x0000000086000000|  0%| F|  |TAMS 0x0000000085f00000, 0x0000000085f00000| Untracked 
|  96|0x0000000086000000, 0x0000000086000000, 0x0000000086100000|  0%| F|  |TAMS 0x0000000086000000, 0x0000000086000000| Untracked 
|  97|0x0000000086100000, 0x0000000086100000, 0x0000000086200000|  0%| F|  |TAMS 0x0000000086100000, 0x0000000086100000| Untracked 
|  98|0x0000000086200000, 0x0000000086200000, 0x0000000086300000|  0%| F|  |TAMS 0x0000000086200000, 0x0000000086200000| Untracked 
|  99|0x0000000086300000, 0x0000000086300000, 0x0000000086400000|  0%| F|  |TAMS 0x0000000086300000, 0x0000000086300000| Untracked 
| 100|0x0000000086400000, 0x0000000086400000, 0x0000000086500000|  0%| F|  |TAMS 0x0000000086400000, 0x0000000086400000| Untracked 
| 101|0x0000000086500000, 0x0000000086500000, 0x0000000086600000|  0%| F|  |TAMS 0x0000000086500000, 0x0000000086500000| Untracked 
| 102|0x0000000086600000, 0x0000000086700000, 0x0000000086700000|100%|HS|  |TAMS 0x0000000086600000, 0x0000000086600000| Complete 
| 103|0x0000000086700000, 0x0000000086800000, 0x0000000086800000|100%|HC|  |TAMS 0x0000000086700000, 0x0000000086700000| Complete 
| 104|0x0000000086800000, 0x0000000086900000, 0x0000000086900000|100%|HC|  |TAMS 0x0000000086800000, 0x0000000086800000| Complete 
| 105|0x0000000086900000, 0x0000000086a00000, 0x0000000086a00000|100%|HS|  |TAMS 0x0000000086900000, 0x0000000086900000| Complete 
| 106|0x0000000086a00000, 0x0000000086b00000, 0x0000000086b00000|100%|HC|  |TAMS 0x0000000086a00000, 0x0000000086a00000| Complete 
| 107|0x0000000086b00000, 0x0000000086c00000, 0x0000000086c00000|100%|HC|  |TAMS 0x0000000086b00000, 0x0000000086b00000| Complete 
| 108|0x0000000086c00000, 0x0000000086c00000, 0x0000000086d00000|  0%| F|  |TAMS 0x0000000086c00000, 0x0000000086c00000| Untracked 
| 109|0x0000000086d00000, 0x0000000086d00000, 0x0000000086e00000|  0%| F|  |TAMS 0x0000000086d00000, 0x0000000086d00000| Untracked 
| 110|0x0000000086e00000, 0x0000000086e00000, 0x0000000086f00000|  0%| F|  |TAMS 0x0000000086e00000, 0x0000000086e00000| Untracked 
| 111|0x0000000086f00000, 0x0000000086f00000, 0x0000000087000000|  0%| F|  |TAMS 0x0000000086f00000, 0x0000000086f00000| Untracked 
| 112|0x0000000087000000, 0x0000000087000000, 0x0000000087100000|  0%| F|  |TAMS 0x0000000087000000, 0x0000000087000000| Untracked 
| 113|0x0000000087100000, 0x0000000087100000, 0x0000000087200000|  0%| F|  |TAMS 0x0000000087100000, 0x0000000087100000| Untracked 
| 114|0x0000000087200000, 0x0000000087200000, 0x0000000087300000|  0%| F|  |TAMS 0x0000000087200000, 0x0000000087200000| Untracked 
| 115|0x0000000087300000, 0x0000000087300000, 0x0000000087400000|  0%| F|  |TAMS 0x0000000087300000, 0x0000000087300000| Untracked 
| 116|0x0000000087400000, 0x0000000087400000, 0x0000000087500000|  0%| F|  |TAMS 0x0000000087400000, 0x0000000087400000| Untracked 
| 117|0x0000000087500000, 0x0000000087500000, 0x0000000087600000|  0%| F|  |TAMS 0x0000000087500000, 0x0000000087500000| Untracked 
| 118|0x0000000087600000, 0x0000000087600000, 0x0000000087700000|  0%| F|  |TAMS 0x0000000087600000, 0x0000000087600000| Untracked 
| 119|0x0000000087700000, 0x0000000087780000, 0x0000000087800000| 50%| S|CS|TAMS 0x0000000087700000, 0x0000000087700000| Complete 
| 120|0x0000000087800000, 0x0000000087900000, 0x0000000087900000|100%| S|CS|TAMS 0x0000000087800000, 0x0000000087800000| Complete 
| 121|0x0000000087900000, 0x0000000087a00000, 0x0000000087a00000|100%| S|CS|TAMS 0x0000000087900000, 0x0000000087900000| Complete 
| 122|0x0000000087a00000, 0x0000000087b00000, 0x0000000087b00000|100%| S|CS|TAMS 0x0000000087a00000, 0x0000000087a00000| Complete 
| 123|0x0000000087b00000, 0x0000000087c00000, 0x0000000087c00000|100%| S|CS|TAMS 0x0000000087b00000, 0x0000000087b00000| Complete 
| 124|0x0000000087c00000, 0x0000000087d00000, 0x0000000087d00000|100%| S|CS|TAMS 0x0000000087c00000, 0x0000000087c00000| Complete 
| 125|0x0000000087d00000, 0x0000000087e00000, 0x0000000087e00000|100%| S|CS|TAMS 0x0000000087d00000, 0x0000000087d00000| Complete 
| 126|0x0000000087e00000, 0x0000000087f00000, 0x0000000087f00000|100%| S|CS|TAMS 0x0000000087e00000, 0x0000000087e00000| Complete 
| 127|0x0000000087f00000, 0x0000000087f00000, 0x0000000088000000|  0%| F|  |TAMS 0x0000000087f00000, 0x0000000087f00000| Untracked 
| 128|0x0000000088000000, 0x0000000088100000, 0x0000000088100000|100%|HS|  |TAMS 0x0000000088000000, 0x0000000088000000| Complete 
| 129|0x0000000088100000, 0x0000000088200000, 0x0000000088200000|100%|HC|  |TAMS 0x0000000088100000, 0x0000000088100000| Complete 
| 130|0x0000000088200000, 0x0000000088300000, 0x0000000088300000|100%|HC|  |TAMS 0x0000000088200000, 0x0000000088200000| Complete 
| 131|0x0000000088300000, 0x0000000088400000, 0x0000000088400000|100%|HC|  |TAMS 0x0000000088300000, 0x0000000088300000| Complete 
| 132|0x0000000088400000, 0x0000000088500000, 0x0000000088500000|100%|HC|  |TAMS 0x0000000088400000, 0x0000000088400000| Complete 
| 133|0x0000000088500000, 0x0000000088600000, 0x0000000088600000|100%|HC|  |TAMS 0x0000000088500000, 0x0000000088500000| Complete 
| 134|0x0000000088600000, 0x0000000088700000, 0x0000000088700000|100%|HC|  |TAMS 0x0000000088600000, 0x0000000088600000| Complete 
| 135|0x0000000088700000, 0x0000000088800000, 0x0000000088800000|100%|HC|  |TAMS 0x0000000088700000, 0x0000000088700000| Complete 
| 136|0x0000000088800000, 0x0000000088900000, 0x0000000088900000|100%|HC|  |TAMS 0x0000000088800000, 0x0000000088800000| Complete 
| 137|0x0000000088900000, 0x0000000088a00000, 0x0000000088a00000|100%|HC|  |TAMS 0x0000000088900000, 0x0000000088900000| Complete 
| 138|0x0000000088a00000, 0x0000000088a00000, 0x0000000088b00000|  0%| F|  |TAMS 0x0000000088a00000, 0x0000000088a00000| Untracked 
| 139|0x0000000088b00000, 0x0000000088b00000, 0x0000000088c00000|  0%| F|  |TAMS 0x0000000088b00000, 0x0000000088b00000| Untracked 
| 140|0x0000000088c00000, 0x0000000088c00000, 0x0000000088d00000|  0%| F|  |TAMS 0x0000000088c00000, 0x0000000088c00000| Untracked 
| 141|0x0000000088d00000, 0x0000000088d00000, 0x0000000088e00000|  0%| F|  |TAMS 0x0000000088d00000, 0x0000000088d00000| Untracked 
| 142|0x0000000088e00000, 0x0000000088e00000, 0x0000000088f00000|  0%| F|  |TAMS 0x0000000088e00000, 0x0000000088e00000| Untracked 
| 143|0x0000000088f00000, 0x0000000088f00000, 0x0000000089000000|  0%| F|  |TAMS 0x0000000088f00000, 0x0000000088f00000| Untracked 
| 144|0x0000000089000000, 0x0000000089000000, 0x0000000089100000|  0%| F|  |TAMS 0x0000000089000000, 0x0000000089000000| Untracked 
| 145|0x0000000089100000, 0x0000000089200000, 0x0000000089200000|100%| S|CS|TAMS 0x0000000089100000, 0x0000000089100000| Complete 
| 146|0x0000000089200000, 0x0000000089300000, 0x0000000089300000|100%| S|CS|TAMS 0x0000000089200000, 0x0000000089200000| Complete 
| 147|0x0000000089300000, 0x0000000089300000, 0x0000000089400000|  0%| F|  |TAMS 0x0000000089300000, 0x0000000089300000| Untracked 
| 148|0x0000000089400000, 0x0000000089400000, 0x0000000089500000|  0%| F|  |TAMS 0x0000000089400000, 0x0000000089400000| Untracked 
| 149|0x0000000089500000, 0x0000000089500000, 0x0000000089600000|  0%| F|  |TAMS 0x0000000089500000, 0x0000000089500000| Untracked 
| 150|0x0000000089600000, 0x0000000089600000, 0x0000000089700000|  0%| F|  |TAMS 0x0000000089600000, 0x0000000089600000| Untracked 
| 151|0x0000000089700000, 0x0000000089800000, 0x0000000089800000|100%| S|CS|TAMS 0x0000000089700000, 0x0000000089700000| Complete 
| 152|0x0000000089800000, 0x0000000089900000, 0x0000000089900000|100%| S|CS|TAMS 0x0000000089800000, 0x0000000089800000| Complete 
| 153|0x0000000089900000, 0x0000000089900000, 0x0000000089a00000|  0%| F|  |TAMS 0x0000000089900000, 0x0000000089900000| Untracked 
| 154|0x0000000089a00000, 0x0000000089a00000, 0x0000000089b00000|  0%| F|  |TAMS 0x0000000089a00000, 0x0000000089a00000| Untracked 
| 155|0x0000000089b00000, 0x0000000089b00000, 0x0000000089c00000|  0%| F|  |TAMS 0x0000000089b00000, 0x0000000089b00000| Untracked 
| 156|0x0000000089c00000, 0x0000000089c00000, 0x0000000089d00000|  0%| F|  |TAMS 0x0000000089c00000, 0x0000000089c00000| Untracked 
| 157|0x0000000089d00000, 0x0000000089d00000, 0x0000000089e00000|  0%| F|  |TAMS 0x0000000089d00000, 0x0000000089d00000| Untracked 
| 158|0x0000000089e00000, 0x0000000089e00000, 0x0000000089f00000|  0%| F|  |TAMS 0x0000000089e00000, 0x0000000089e00000| Untracked 
| 159|0x0000000089f00000, 0x0000000089f00000, 0x000000008a000000|  0%| F|  |TAMS 0x0000000089f00000, 0x0000000089f00000| Untracked 
| 160|0x000000008a000000, 0x000000008a000000, 0x000000008a100000|  0%| F|  |TAMS 0x000000008a000000, 0x000000008a000000| Untracked 
| 161|0x000000008a100000, 0x000000008a100000, 0x000000008a200000|  0%| F|  |TAMS 0x000000008a100000, 0x000000008a100000| Untracked 
| 162|0x000000008a200000, 0x000000008a200000, 0x000000008a300000|  0%| F|  |TAMS 0x000000008a200000, 0x000000008a200000| Untracked 
| 163|0x000000008a300000, 0x000000008a300000, 0x000000008a400000|  0%| F|  |TAMS 0x000000008a300000, 0x000000008a300000| Untracked 
| 164|0x000000008a400000, 0x000000008a400000, 0x000000008a500000|  0%| F|  |TAMS 0x000000008a400000, 0x000000008a400000| Untracked 
| 165|0x000000008a500000, 0x000000008a500000, 0x000000008a600000|  0%| F|  |TAMS 0x000000008a500000, 0x000000008a500000| Untracked 
| 166|0x000000008a600000, 0x000000008a600000, 0x000000008a700000|  0%| F|  |TAMS 0x000000008a600000, 0x000000008a600000| Untracked 
| 167|0x000000008a700000, 0x000000008a700000, 0x000000008a800000|  0%| F|  |TAMS 0x000000008a700000, 0x000000008a700000| Untracked 
| 168|0x000000008a800000, 0x000000008a800000, 0x000000008a900000|  0%| F|  |TAMS 0x000000008a800000, 0x000000008a800000| Untracked 
| 169|0x000000008a900000, 0x000000008a900000, 0x000000008aa00000|  0%| F|  |TAMS 0x000000008a900000, 0x000000008a900000| Untracked 
| 170|0x000000008aa00000, 0x000000008aa00000, 0x000000008ab00000|  0%| F|  |TAMS 0x000000008aa00000, 0x000000008aa00000| Untracked 
| 171|0x000000008ab00000, 0x000000008ab00000, 0x000000008ac00000|  0%| F|  |TAMS 0x000000008ab00000, 0x000000008ab00000| Untracked 
| 172|0x000000008ac00000, 0x000000008ac00000, 0x000000008ad00000|  0%| F|  |TAMS 0x000000008ac00000, 0x000000008ac00000| Untracked 
| 173|0x000000008ad00000, 0x000000008ad00000, 0x000000008ae00000|  0%| F|  |TAMS 0x000000008ad00000, 0x000000008ad00000| Untracked 
| 174|0x000000008ae00000, 0x000000008ae00000, 0x000000008af00000|  0%| F|  |TAMS 0x000000008ae00000, 0x000000008ae00000| Untracked 
| 175|0x000000008af00000, 0x000000008af00000, 0x000000008b000000|  0%| F|  |TAMS 0x000000008af00000, 0x000000008af00000| Untracked 
| 176|0x000000008b000000, 0x000000008b000000, 0x000000008b100000|  0%| F|  |TAMS 0x000000008b000000, 0x000000008b000000| Untracked 
| 177|0x000000008b100000, 0x000000008b100000, 0x000000008b200000|  0%| F|  |TAMS 0x000000008b100000, 0x000000008b100000| Untracked 
| 178|0x000000008b200000, 0x000000008b200000, 0x000000008b300000|  0%| F|  |TAMS 0x000000008b200000, 0x000000008b200000| Untracked 
| 179|0x000000008b300000, 0x000000008b300000, 0x000000008b400000|  0%| F|  |TAMS 0x000000008b300000, 0x000000008b300000| Untracked 
| 180|0x000000008b400000, 0x000000008b400000, 0x000000008b500000|  0%| F|  |TAMS 0x000000008b400000, 0x000000008b400000| Untracked 
| 181|0x000000008b500000, 0x000000008b500000, 0x000000008b600000|  0%| F|  |TAMS 0x000000008b500000, 0x000000008b500000| Untracked 
| 182|0x000000008b600000, 0x000000008b600000, 0x000000008b700000|  0%| F|  |TAMS 0x000000008b600000, 0x000000008b600000| Untracked 
| 183|0x000000008b700000, 0x000000008b700000, 0x000000008b800000|  0%| F|  |TAMS 0x000000008b700000, 0x000000008b700000| Untracked 
| 184|0x000000008b800000, 0x000000008b800000, 0x000000008b900000|  0%| F|  |TAMS 0x000000008b800000, 0x000000008b800000| Untracked 
| 185|0x000000008b900000, 0x000000008b900000, 0x000000008ba00000|  0%| F|  |TAMS 0x000000008b900000, 0x000000008b900000| Untracked 
| 186|0x000000008ba00000, 0x000000008ba00000, 0x000000008bb00000|  0%| F|  |TAMS 0x000000008ba00000, 0x000000008ba00000| Untracked 
| 187|0x000000008bb00000, 0x000000008bb00000, 0x000000008bc00000|  0%| F|  |TAMS 0x000000008bb00000, 0x000000008bb00000| Untracked 
| 188|0x000000008bc00000, 0x000000008bc00000, 0x000000008bd00000|  0%| F|  |TAMS 0x000000008bc00000, 0x000000008bc00000| Untracked 
| 189|0x000000008bd00000, 0x000000008bd00000, 0x000000008be00000|  0%| F|  |TAMS 0x000000008bd00000, 0x000000008bd00000| Untracked 
| 190|0x000000008be00000, 0x000000008be00000, 0x000000008bf00000|  0%| F|  |TAMS 0x000000008be00000, 0x000000008be00000| Untracked 
| 191|0x000000008bf00000, 0x000000008bf00000, 0x000000008c000000|  0%| F|  |TAMS 0x000000008bf00000, 0x000000008bf00000| Untracked 
| 192|0x000000008c000000, 0x000000008c000000, 0x000000008c100000|  0%| F|  |TAMS 0x000000008c000000, 0x000000008c000000| Untracked 
| 193|0x000000008c100000, 0x000000008c100000, 0x000000008c200000|  0%| F|  |TAMS 0x000000008c100000, 0x000000008c100000| Untracked 
| 194|0x000000008c200000, 0x000000008c200000, 0x000000008c300000|  0%| F|  |TAMS 0x000000008c200000, 0x000000008c200000| Untracked 
| 195|0x000000008c300000, 0x000000008c300000, 0x000000008c400000|  0%| F|  |TAMS 0x000000008c300000, 0x000000008c300000| Untracked 
| 196|0x000000008c400000, 0x000000008c400000, 0x000000008c500000|  0%| F|  |TAMS 0x000000008c400000, 0x000000008c400000| Untracked 
| 197|0x000000008c500000, 0x000000008c500000, 0x000000008c600000|  0%| F|  |TAMS 0x000000008c500000, 0x000000008c500000| Untracked 
| 198|0x000000008c600000, 0x000000008c600000, 0x000000008c700000|  0%| F|  |TAMS 0x000000008c600000, 0x000000008c600000| Untracked 
| 199|0x000000008c700000, 0x000000008c700000, 0x000000008c800000|  0%| F|  |TAMS 0x000000008c700000, 0x000000008c700000| Untracked 
| 200|0x000000008c800000, 0x000000008c800000, 0x000000008c900000|  0%| F|  |TAMS 0x000000008c800000, 0x000000008c800000| Untracked 
| 201|0x000000008c900000, 0x000000008c900000, 0x000000008ca00000|  0%| F|  |TAMS 0x000000008c900000, 0x000000008c900000| Untracked 
| 202|0x000000008ca00000, 0x000000008ca00000, 0x000000008cb00000|  0%| F|  |TAMS 0x000000008ca00000, 0x000000008ca00000| Untracked 
| 203|0x000000008cb00000, 0x000000008cb00000, 0x000000008cc00000|  0%| F|  |TAMS 0x000000008cb00000, 0x000000008cb00000| Untracked 
| 204|0x000000008cc00000, 0x000000008cc00000, 0x000000008cd00000|  0%| F|  |TAMS 0x000000008cc00000, 0x000000008cc00000| Untracked 
| 205|0x000000008cd00000, 0x000000008cd00000, 0x000000008ce00000|  0%| F|  |TAMS 0x000000008cd00000, 0x000000008cd00000| Untracked 
| 206|0x000000008ce00000, 0x000000008ce00000, 0x000000008cf00000|  0%| F|  |TAMS 0x000000008ce00000, 0x000000008ce00000| Untracked 
| 207|0x000000008cf00000, 0x000000008cf00000, 0x000000008d000000|  0%| F|  |TAMS 0x000000008cf00000, 0x000000008cf00000| Untracked 
| 208|0x000000008d000000, 0x000000008d000000, 0x000000008d100000|  0%| F|  |TAMS 0x000000008d000000, 0x000000008d000000| Untracked 
| 209|0x000000008d100000, 0x000000008d100000, 0x000000008d200000|  0%| F|  |TAMS 0x000000008d100000, 0x000000008d100000| Untracked 
| 210|0x000000008d200000, 0x000000008d200000, 0x000000008d300000|  0%| F|  |TAMS 0x000000008d200000, 0x000000008d200000| Untracked 
| 211|0x000000008d300000, 0x000000008d300000, 0x000000008d400000|  0%| F|  |TAMS 0x000000008d300000, 0x000000008d300000| Untracked 
| 212|0x000000008d400000, 0x000000008d400000, 0x000000008d500000|  0%| F|  |TAMS 0x000000008d400000, 0x000000008d400000| Untracked 
| 213|0x000000008d500000, 0x000000008d500000, 0x000000008d600000|  0%| F|  |TAMS 0x000000008d500000, 0x000000008d500000| Untracked 
| 214|0x000000008d600000, 0x000000008d600000, 0x000000008d700000|  0%| F|  |TAMS 0x000000008d600000, 0x000000008d600000| Untracked 
| 215|0x000000008d700000, 0x000000008d700000, 0x000000008d800000|  0%| F|  |TAMS 0x000000008d700000, 0x000000008d700000| Untracked 
| 216|0x000000008d800000, 0x000000008d800000, 0x000000008d900000|  0%| F|  |TAMS 0x000000008d800000, 0x000000008d800000| Untracked 
| 217|0x000000008d900000, 0x000000008d900000, 0x000000008da00000|  0%| F|  |TAMS 0x000000008d900000, 0x000000008d900000| Untracked 
| 218|0x000000008da00000, 0x000000008da00000, 0x000000008db00000|  0%| F|  |TAMS 0x000000008da00000, 0x000000008da00000| Untracked 
| 219|0x000000008db00000, 0x000000008db00000, 0x000000008dc00000|  0%| F|  |TAMS 0x000000008db00000, 0x000000008db00000| Untracked 
| 220|0x000000008dc00000, 0x000000008dc00000, 0x000000008dd00000|  0%| F|  |TAMS 0x000000008dc00000, 0x000000008dc00000| Untracked 
| 221|0x000000008dd00000, 0x000000008dd00000, 0x000000008de00000|  0%| F|  |TAMS 0x000000008dd00000, 0x000000008dd00000| Untracked 
| 222|0x000000008de00000, 0x000000008de00000, 0x000000008df00000|  0%| F|  |TAMS 0x000000008de00000, 0x000000008de00000| Untracked 
| 223|0x000000008df00000, 0x000000008df00000, 0x000000008e000000|  0%| F|  |TAMS 0x000000008df00000, 0x000000008df00000| Untracked 
| 224|0x000000008e000000, 0x000000008e000000, 0x000000008e100000|  0%| F|  |TAMS 0x000000008e000000, 0x000000008e000000| Untracked 
| 225|0x000000008e100000, 0x000000008e100000, 0x000000008e200000|  0%| F|  |TAMS 0x000000008e100000, 0x000000008e100000| Untracked 
| 226|0x000000008e200000, 0x000000008e200000, 0x000000008e300000|  0%| F|  |TAMS 0x000000008e200000, 0x000000008e200000| Untracked 
| 227|0x000000008e300000, 0x000000008e300000, 0x000000008e400000|  0%| F|  |TAMS 0x000000008e300000, 0x000000008e300000| Untracked 
| 228|0x000000008e400000, 0x000000008e400000, 0x000000008e500000|  0%| F|  |TAMS 0x000000008e400000, 0x000000008e400000| Untracked 
| 229|0x000000008e500000, 0x000000008e500000, 0x000000008e600000|  0%| F|  |TAMS 0x000000008e500000, 0x000000008e500000| Untracked 
| 230|0x000000008e600000, 0x000000008e600000, 0x000000008e700000|  0%| F|  |TAMS 0x000000008e600000, 0x000000008e600000| Untracked 
| 231|0x000000008e700000, 0x000000008e700000, 0x000000008e800000|  0%| F|  |TAMS 0x000000008e700000, 0x000000008e700000| Untracked 
| 232|0x000000008e800000, 0x000000008e800000, 0x000000008e900000|  0%| F|  |TAMS 0x000000008e800000, 0x000000008e800000| Untracked 
| 233|0x000000008e900000, 0x000000008e900000, 0x000000008ea00000|  0%| F|  |TAMS 0x000000008e900000, 0x000000008e900000| Untracked 
| 234|0x000000008ea00000, 0x000000008ea00000, 0x000000008eb00000|  0%| F|  |TAMS 0x000000008ea00000, 0x000000008ea00000| Untracked 
| 235|0x000000008eb00000, 0x000000008eb00000, 0x000000008ec00000|  0%| F|  |TAMS 0x000000008eb00000, 0x000000008eb00000| Untracked 
| 236|0x000000008ec00000, 0x000000008ec00000, 0x000000008ed00000|  0%| F|  |TAMS 0x000000008ec00000, 0x000000008ec00000| Untracked 
| 237|0x000000008ed00000, 0x000000008ed00000, 0x000000008ee00000|  0%| F|  |TAMS 0x000000008ed00000, 0x000000008ed00000| Untracked 
| 238|0x000000008ee00000, 0x000000008ee00000, 0x000000008ef00000|  0%| F|  |TAMS 0x000000008ee00000, 0x000000008ee00000| Untracked 
| 239|0x000000008ef00000, 0x000000008ef00000, 0x000000008f000000|  0%| F|  |TAMS 0x000000008ef00000, 0x000000008ef00000| Untracked 
| 240|0x000000008f000000, 0x000000008f000000, 0x000000008f100000|  0%| F|  |TAMS 0x000000008f000000, 0x000000008f000000| Untracked 
| 241|0x000000008f100000, 0x000000008f100000, 0x000000008f200000|  0%| F|  |TAMS 0x000000008f100000, 0x000000008f100000| Untracked 
| 242|0x000000008f200000, 0x000000008f200000, 0x000000008f300000|  0%| F|  |TAMS 0x000000008f200000, 0x000000008f200000| Untracked 
| 243|0x000000008f300000, 0x000000008f300000, 0x000000008f400000|  0%| F|  |TAMS 0x000000008f300000, 0x000000008f300000| Untracked 
| 244|0x000000008f400000, 0x000000008f400000, 0x000000008f500000|  0%| F|  |TAMS 0x000000008f400000, 0x000000008f400000| Untracked 
| 245|0x000000008f500000, 0x000000008f500000, 0x000000008f600000|  0%| F|  |TAMS 0x000000008f500000, 0x000000008f500000| Untracked 
| 246|0x000000008f600000, 0x000000008f600000, 0x000000008f700000|  0%| F|  |TAMS 0x000000008f600000, 0x000000008f600000| Untracked 
| 247|0x000000008f700000, 0x000000008f700000, 0x000000008f800000|  0%| F|  |TAMS 0x000000008f700000, 0x000000008f700000| Untracked 
| 248|0x000000008f800000, 0x000000008f800000, 0x000000008f900000|  0%| F|  |TAMS 0x000000008f800000, 0x000000008f800000| Untracked 
| 249|0x000000008f900000, 0x000000008f900000, 0x000000008fa00000|  0%| F|  |TAMS 0x000000008f900000, 0x000000008f900000| Untracked 
| 250|0x000000008fa00000, 0x000000008fa00000, 0x000000008fb00000|  0%| F|  |TAMS 0x000000008fa00000, 0x000000008fa00000| Untracked 
| 251|0x000000008fb00000, 0x000000008fb00000, 0x000000008fc00000|  0%| F|  |TAMS 0x000000008fb00000, 0x000000008fb00000| Untracked 
| 252|0x000000008fc00000, 0x000000008fc00000, 0x000000008fd00000|  0%| F|  |TAMS 0x000000008fc00000, 0x000000008fc00000| Untracked 
| 253|0x000000008fd00000, 0x000000008fd00000, 0x000000008fe00000|  0%| F|  |TAMS 0x000000008fd00000, 0x000000008fd00000| Untracked 
| 254|0x000000008fe00000, 0x000000008fe00000, 0x000000008ff00000|  0%| F|  |TAMS 0x000000008fe00000, 0x000000008fe00000| Untracked 
| 255|0x000000008ff00000, 0x000000008ff00000, 0x0000000090000000|  0%| F|  |TAMS 0x000000008ff00000, 0x000000008ff00000| Untracked 
| 256|0x0000000090000000, 0x0000000090000000, 0x0000000090100000|  0%| F|  |TAMS 0x0000000090000000, 0x0000000090000000| Untracked 
| 257|0x0000000090100000, 0x0000000090100000, 0x0000000090200000|  0%| F|  |TAMS 0x0000000090100000, 0x0000000090100000| Untracked 
| 258|0x0000000090200000, 0x0000000090200000, 0x0000000090300000|  0%| F|  |TAMS 0x0000000090200000, 0x0000000090200000| Untracked 
| 259|0x0000000090300000, 0x0000000090300000, 0x0000000090400000|  0%| F|  |TAMS 0x0000000090300000, 0x0000000090300000| Untracked 
| 260|0x0000000090400000, 0x0000000090400000, 0x0000000090500000|  0%| F|  |TAMS 0x0000000090400000, 0x0000000090400000| Untracked 
| 261|0x0000000090500000, 0x0000000090500000, 0x0000000090600000|  0%| F|  |TAMS 0x0000000090500000, 0x0000000090500000| Untracked 
| 262|0x0000000090600000, 0x0000000090600000, 0x0000000090700000|  0%| F|  |TAMS 0x0000000090600000, 0x0000000090600000| Untracked 
| 263|0x0000000090700000, 0x0000000090700000, 0x0000000090800000|  0%| F|  |TAMS 0x0000000090700000, 0x0000000090700000| Untracked 
| 264|0x0000000090800000, 0x0000000090800000, 0x0000000090900000|  0%| F|  |TAMS 0x0000000090800000, 0x0000000090800000| Untracked 
| 265|0x0000000090900000, 0x0000000090900000, 0x0000000090a00000|  0%| F|  |TAMS 0x0000000090900000, 0x0000000090900000| Untracked 
| 266|0x0000000090a00000, 0x0000000090a00000, 0x0000000090b00000|  0%| F|  |TAMS 0x0000000090a00000, 0x0000000090a00000| Untracked 
| 267|0x0000000090b00000, 0x0000000090b00000, 0x0000000090c00000|  0%| F|  |TAMS 0x0000000090b00000, 0x0000000090b00000| Untracked 
| 268|0x0000000090c00000, 0x0000000090c00000, 0x0000000090d00000|  0%| F|  |TAMS 0x0000000090c00000, 0x0000000090c00000| Untracked 
| 269|0x0000000090d00000, 0x0000000090d00000, 0x0000000090e00000|  0%| F|  |TAMS 0x0000000090d00000, 0x0000000090d00000| Untracked 
| 270|0x0000000090e00000, 0x0000000090e00000, 0x0000000090f00000|  0%| F|  |TAMS 0x0000000090e00000, 0x0000000090e00000| Untracked 
| 271|0x0000000090f00000, 0x0000000090f00000, 0x0000000091000000|  0%| F|  |TAMS 0x0000000090f00000, 0x0000000090f00000| Untracked 
| 272|0x0000000091000000, 0x0000000091000000, 0x0000000091100000|  0%| F|  |TAMS 0x0000000091000000, 0x0000000091000000| Untracked 
| 273|0x0000000091100000, 0x0000000091100000, 0x0000000091200000|  0%| F|  |TAMS 0x0000000091100000, 0x0000000091100000| Untracked 
| 274|0x0000000091200000, 0x0000000091200000, 0x0000000091300000|  0%| F|  |TAMS 0x0000000091200000, 0x0000000091200000| Untracked 
| 275|0x0000000091300000, 0x0000000091300000, 0x0000000091400000|  0%| F|  |TAMS 0x0000000091300000, 0x0000000091300000| Untracked 
| 276|0x0000000091400000, 0x0000000091400000, 0x0000000091500000|  0%| F|  |TAMS 0x0000000091400000, 0x0000000091400000| Untracked 
| 277|0x0000000091500000, 0x0000000091500000, 0x0000000091600000|  0%| F|  |TAMS 0x0000000091500000, 0x0000000091500000| Untracked 
| 278|0x0000000091600000, 0x0000000091600000, 0x0000000091700000|  0%| F|  |TAMS 0x0000000091600000, 0x0000000091600000| Untracked 
| 279|0x0000000091700000, 0x0000000091700000, 0x0000000091800000|  0%| F|  |TAMS 0x0000000091700000, 0x0000000091700000| Untracked 
| 280|0x0000000091800000, 0x0000000091800000, 0x0000000091900000|  0%| F|  |TAMS 0x0000000091800000, 0x0000000091800000| Untracked 
| 281|0x0000000091900000, 0x0000000091900000, 0x0000000091a00000|  0%| F|  |TAMS 0x0000000091900000, 0x0000000091900000| Untracked 
| 282|0x0000000091a00000, 0x0000000091a00000, 0x0000000091b00000|  0%| F|  |TAMS 0x0000000091a00000, 0x0000000091a00000| Untracked 
| 283|0x0000000091b00000, 0x0000000091b00000, 0x0000000091c00000|  0%| F|  |TAMS 0x0000000091b00000, 0x0000000091b00000| Untracked 
| 284|0x0000000091c00000, 0x0000000091c00000, 0x0000000091d00000|  0%| F|  |TAMS 0x0000000091c00000, 0x0000000091c00000| Untracked 
| 285|0x0000000091d00000, 0x0000000091d00000, 0x0000000091e00000|  0%| F|  |TAMS 0x0000000091d00000, 0x0000000091d00000| Untracked 
| 286|0x0000000091e00000, 0x0000000091e00000, 0x0000000091f00000|  0%| F|  |TAMS 0x0000000091e00000, 0x0000000091e00000| Untracked 
| 287|0x0000000091f00000, 0x0000000091f00000, 0x0000000092000000|  0%| F|  |TAMS 0x0000000091f00000, 0x0000000091f00000| Untracked 
| 288|0x0000000092000000, 0x0000000092000000, 0x0000000092100000|  0%| F|  |TAMS 0x0000000092000000, 0x0000000092000000| Untracked 
| 289|0x0000000092100000, 0x0000000092100000, 0x0000000092200000|  0%| F|  |TAMS 0x0000000092100000, 0x0000000092100000| Untracked 
| 290|0x0000000092200000, 0x0000000092200000, 0x0000000092300000|  0%| F|  |TAMS 0x0000000092200000, 0x0000000092200000| Untracked 
| 291|0x0000000092300000, 0x0000000092300000, 0x0000000092400000|  0%| F|  |TAMS 0x0000000092300000, 0x0000000092300000| Untracked 
| 292|0x0000000092400000, 0x0000000092400000, 0x0000000092500000|  0%| F|  |TAMS 0x0000000092400000, 0x0000000092400000| Untracked 
| 293|0x0000000092500000, 0x0000000092500000, 0x0000000092600000|  0%| F|  |TAMS 0x0000000092500000, 0x0000000092500000| Untracked 
| 294|0x0000000092600000, 0x0000000092600000, 0x0000000092700000|  0%| F|  |TAMS 0x0000000092600000, 0x0000000092600000| Untracked 
| 295|0x0000000092700000, 0x0000000092700000, 0x0000000092800000|  0%| F|  |TAMS 0x0000000092700000, 0x0000000092700000| Untracked 
| 296|0x0000000092800000, 0x0000000092800000, 0x0000000092900000|  0%| F|  |TAMS 0x0000000092800000, 0x0000000092800000| Untracked 
| 297|0x0000000092900000, 0x0000000092900000, 0x0000000092a00000|  0%| F|  |TAMS 0x0000000092900000, 0x0000000092900000| Untracked 
| 298|0x0000000092a00000, 0x0000000092a00000, 0x0000000092b00000|  0%| F|  |TAMS 0x0000000092a00000, 0x0000000092a00000| Untracked 
| 299|0x0000000092b00000, 0x0000000092b00000, 0x0000000092c00000|  0%| F|  |TAMS 0x0000000092b00000, 0x0000000092b00000| Untracked 

Card table byte_map: [0x00000255c7190000,0x00000255c7590000] _byte_map_base: 0x00000255c6d90000

Marking Bits (Prev, Next): (CMBitMap*) 0x00000255b4925810, (CMBitMap*) 0x00000255b49257d0
 Prev Bits: [0x00000255c9990000, 0x00000255cb990000)
 Next Bits: [0x00000255c7990000, 0x00000255c9990000)

Polling page: 0x00000255b2880000

Metaspace:

Usage:
  Non-class:     39.20 MB used.
      Class:      5.95 MB used.
       Both:     45.15 MB used.

Virtual space:
  Non-class space:       40.00 MB reserved,      39.44 MB ( 99%) committed,  5 nodes.
      Class space:        1.00 GB reserved,       6.12 MB ( <1%) committed,  1 nodes.
             Both:        1.04 GB reserved,      45.56 MB (  4%) committed. 

Chunk freelists:
   Non-Class:  549.00 KB
       Class:  1.82 MB
        Both:  2.35 MB

MaxMetaspaceSize: unlimited
CompressedClassSpaceSize: 1.00 GB
Initial GC threshold: 21.00 MB
Current GC threshold: 75.56 MB
CDS: off
MetaspaceReclaimPolicy: balanced
 - commit_granule_bytes: 65536.
 - commit_granule_words: 8192.
 - virtual_space_node_default_size: 1048576.
 - enlarge_chunks_in_place: 1.
 - new_chunks_are_fully_committed: 0.
 - uncommit_free_chunks: 1.
 - use_allocation_guard: 0.
 - handle_deallocations: 1.


Internal statistics:

num_allocs_failed_limit: 3.
num_arena_births: 412.
num_arena_deaths: 0.
num_vsnodes_births: 6.
num_vsnodes_deaths: 0.
num_space_committed: 729.
num_space_uncommitted: 0.
num_chunks_returned_to_freelist: 3.
num_chunks_taken_from_freelist: 1813.
num_chunk_merges: 3.
num_chunk_splits: 1169.
num_chunks_enlarged: 792.
num_purges: 0.
num_inconsistent_stats: 0.

CodeHeap 'non-profiled nmethods': size=120000Kb used=4229Kb max_used=4229Kb free=115770Kb
 bounds [0x00000255bf860000, 0x00000255bfc90000, 0x00000255c6d90000]
CodeHeap 'profiled nmethods': size=120000Kb used=9404Kb max_used=9665Kb free=110595Kb
 bounds [0x00000255b7d90000, 0x00000255b87a0000, 0x00000255bf2c0000]
CodeHeap 'non-nmethods': size=5760Kb used=2295Kb max_used=2373Kb free=3464Kb
 bounds [0x00000255bf2c0000, 0x00000255bf530000, 0x00000255bf860000]
 total_blobs=5253 nmethods=4445 adapters=720
 compilation: enabled
              stopped_count=0, restarted_count=0
 full_count=0

Compilation events (20 events):
Event: 44.409 Thread 0x00000255ce80c970 5165       4       org.objectweb.asm.MethodWriter::visitJumpInsn (495 bytes)
Event: 44.465 Thread 0x00000255ce80c970 nmethod 5165 0x00000255bfc79610 code [0x00000255bfc79820, 0x00000255bfc7aaa0]
Event: 44.466 Thread 0x00000255ce80c970 5164       4       org.gradle.api.file.RelativePath::parse (16 bytes)
Event: 44.472 Thread 0x00000255ce80c970 nmethod 5164 0x00000255bfc7b310 code [0x00000255bfc7b4a0, 0x00000255bfc7b7e8]
Event: 44.472 Thread 0x00000255ce80c970 5161       4       org.apache.tools.zip.ZipOutputStream$CurrentEntry::<init> (6 bytes)
Event: 44.475 Thread 0x00000255ce80c970 nmethod 5161 0x00000255bfc7ba10 code [0x00000255bfc7bb80, 0x00000255bfc7bcd8]
Event: 44.475 Thread 0x00000255ce80c970 5158       4       org.objectweb.asm.Edge::<init> (20 bytes)
Event: 44.478 Thread 0x00000255ce80c970 nmethod 5158 0x00000255bfc7bd90 code [0x00000255bfc7bf00, 0x00000255bfc7c138]
Event: 44.478 Thread 0x00000255ce80c970 5151       4       org.gradle.internal.classpath.ClasspathBuilder$ZipEntryBuilder::newZipEntryWithFixedTime (18 bytes)
Event: 44.495 Thread 0x00000255ce80c970 nmethod 5151 0x00000255bfc7c190 code [0x00000255bfc7c340, 0x00000255bfc7ca58]
Event: 44.506 Thread 0x00000255ce80c970 5166       4       org.objectweb.asm.MethodWriter::computeMaxStackAndLocal (420 bytes)
Event: 44.544 Thread 0x00000255ce80c970 nmethod 5166 0x00000255bfc7cd90 code [0x00000255bfc7cf80, 0x00000255bfc7da48]
Event: 44.545 Thread 0x00000255ce80c970 5167       4       org.objectweb.asm.MethodVisitor::visitTryCatchBlock (20 bytes)
Event: 44.586 Thread 0x00000255ce80c970 nmethod 5167 0x00000255bfc7df90 code [0x00000255bfc7e160, 0x00000255bfc7f308]
Event: 44.664 Thread 0x00000255ce80c970 5168       4       org.objectweb.asm.ClassWriter::visitAnnotation (40 bytes)
Event: 44.686 Thread 0x00000255ce80d410 5169       3       java.util.Optional::get (22 bytes)
Event: 44.687 Thread 0x00000255ce80d410 nmethod 5169 0x00000255b7efa310 code [0x00000255b7efa4c0, 0x00000255b7efa6e8]
Event: 44.702 Thread 0x00000255ce80c970 nmethod 5168 0x00000255bfc7f690 code [0x00000255bfc7f8a0, 0x00000255bfc80af0]
Event: 44.783 Thread 0x00000255ce80c970 5170       4       org.objectweb.asm.ClassVisitor::visitAnnotation (19 bytes)
Event: 44.788 Thread 0x00000255ce80c970 nmethod 5170 0x00000255bfc81110 code [0x00000255bfc812a0, 0x00000255bfc81388]

GC Heap History (20 events):
Event: 38.562 GC heap after
{Heap after GC invocations=61 (full 0):
 garbage-first heap   total 307200K, used 104301K [0x0000000080000000, 0x0000000100000000)
  region size 1024K, 7 young (7168K), 7 survivors (7168K)
 Metaspace       used 46219K, committed 46656K, reserved 1089536K
  class space    used 6091K, committed 6272K, reserved 1048576K
}
Event: 39.197 GC heap before
{Heap before GC invocations=61 (full 0):
 garbage-first heap   total 307200K, used 268141K [0x0000000080000000, 0x0000000100000000)
  region size 1024K, 168 young (172032K), 7 survivors (7168K)
 Metaspace       used 46219K, committed 46656K, reserved 1089536K
  class space    used 6091K, committed 6272K, reserved 1048576K
}
Event: 39.211 GC heap after
{Heap after GC invocations=62 (full 0):
 garbage-first heap   total 307200K, used 105335K [0x0000000080000000, 0x0000000100000000)
  region size 1024K, 8 young (8192K), 8 survivors (8192K)
 Metaspace       used 46219K, committed 46656K, reserved 1089536K
  class space    used 6091K, committed 6272K, reserved 1048576K
}
Event: 40.287 GC heap before
{Heap before GC invocations=62 (full 0):
 garbage-first heap   total 307200K, used 267127K [0x0000000080000000, 0x0000000100000000)
  region size 1024K, 167 young (171008K), 8 survivors (8192K)
 Metaspace       used 46220K, committed 46656K, reserved 1089536K
  class space    used 6091K, committed 6272K, reserved 1048576K
}
Event: 40.300 GC heap after
{Heap after GC invocations=63 (full 0):
 garbage-first heap   total 307200K, used 106940K [0x0000000080000000, 0x0000000100000000)
  region size 1024K, 10 young (10240K), 10 survivors (10240K)
 Metaspace       used 46220K, committed 46656K, reserved 1089536K
  class space    used 6091K, committed 6272K, reserved 1048576K
}
Event: 40.651 GC heap before
{Heap before GC invocations=63 (full 0):
 garbage-first heap   total 307200K, used 265660K [0x0000000080000000, 0x0000000100000000)
  region size 1024K, 165 young (168960K), 10 survivors (10240K)
 Metaspace       used 46226K, committed 46656K, reserved 1089536K
  class space    used 6091K, committed 6272K, reserved 1048576K
}
Event: 40.666 GC heap after
{Heap after GC invocations=64 (full 0):
 garbage-first heap   total 307200K, used 106359K [0x0000000080000000, 0x0000000100000000)
  region size 1024K, 9 young (9216K), 9 survivors (9216K)
 Metaspace       used 46226K, committed 46656K, reserved 1089536K
  class space    used 6091K, committed 6272K, reserved 1048576K
}
Event: 40.989 GC heap before
{Heap before GC invocations=64 (full 0):
 garbage-first heap   total 307200K, used 267127K [0x0000000080000000, 0x0000000100000000)
  region size 1024K, 166 young (169984K), 9 survivors (9216K)
 Metaspace       used 46229K, committed 46656K, reserved 1089536K
  class space    used 6091K, committed 6272K, reserved 1048576K
}
Event: 41.001 GC heap after
{Heap after GC invocations=65 (full 0):
 garbage-first heap   total 307200K, used 107383K [0x0000000080000000, 0x0000000100000000)
  region size 1024K, 10 young (10240K), 10 survivors (10240K)
 Metaspace       used 46229K, committed 46656K, reserved 1089536K
  class space    used 6091K, committed 6272K, reserved 1048576K
}
Event: 41.425 GC heap before
{Heap before GC invocations=65 (full 0):
 garbage-first heap   total 307200K, used 266103K [0x0000000080000000, 0x0000000100000000)
  region size 1024K, 165 young (168960K), 10 survivors (10240K)
 Metaspace       used 46229K, committed 46656K, reserved 1089536K
  class space    used 6091K, committed 6272K, reserved 1048576K
}
Event: 41.438 GC heap after
{Heap after GC invocations=66 (full 0):
 garbage-first heap   total 307200K, used 108407K [0x0000000080000000, 0x0000000100000000)
  region size 1024K, 11 young (11264K), 11 survivors (11264K)
 Metaspace       used 46229K, committed 46656K, reserved 1089536K
  class space    used 6091K, committed 6272K, reserved 1048576K
}
Event: 42.245 GC heap before
{Heap before GC invocations=66 (full 0):
 garbage-first heap   total 307200K, used 265079K [0x0000000080000000, 0x0000000100000000)
  region size 1024K, 164 young (167936K), 11 survivors (11264K)
 Metaspace       used 46229K, committed 46656K, reserved 1089536K
  class space    used 6091K, committed 6272K, reserved 1048576K
}
Event: 42.259 GC heap after
{Heap after GC invocations=67 (full 0):
 garbage-first heap   total 307200K, used 109914K [0x0000000080000000, 0x0000000100000000)
  region size 1024K, 13 young (13312K), 13 survivors (13312K)
 Metaspace       used 46229K, committed 46656K, reserved 1089536K
  class space    used 6091K, committed 6272K, reserved 1048576K
}
Event: 42.954 GC heap before
{Heap before GC invocations=67 (full 0):
 garbage-first heap   total 307200K, used 262490K [0x0000000080000000, 0x0000000100000000)
  region size 1024K, 162 young (165888K), 13 survivors (13312K)
 Metaspace       used 46229K, committed 46656K, reserved 1089536K
  class space    used 6091K, committed 6272K, reserved 1048576K
}
Event: 43.011 GC heap after
{Heap after GC invocations=68 (full 0):
 garbage-first heap   total 307200K, used 110788K [0x0000000080000000, 0x0000000100000000)
  region size 1024K, 12 young (12288K), 12 survivors (12288K)
 Metaspace       used 46229K, committed 46656K, reserved 1089536K
  class space    used 6091K, committed 6272K, reserved 1048576K
}
Event: 43.652 GC heap before
{Heap before GC invocations=68 (full 0):
 garbage-first heap   total 307200K, used 263364K [0x0000000080000000, 0x0000000100000000)
  region size 1024K, 161 young (164864K), 12 survivors (12288K)
 Metaspace       used 46229K, committed 46656K, reserved 1089536K
  class space    used 6091K, committed 6272K, reserved 1048576K
}
Event: 43.667 GC heap after
{Heap after GC invocations=69 (full 0):
 garbage-first heap   total 307200K, used 111616K [0x0000000080000000, 0x0000000100000000)
  region size 1024K, 12 young (12288K), 12 survivors (12288K)
 Metaspace       used 46229K, committed 46656K, reserved 1089536K
  class space    used 6091K, committed 6272K, reserved 1048576K
}
Event: 44.292 GC heap before
{Heap before GC invocations=69 (full 0):
 garbage-first heap   total 307200K, used 264192K [0x0000000080000000, 0x0000000100000000)
  region size 1024K, 161 young (164864K), 12 survivors (12288K)
 Metaspace       used 46230K, committed 46656K, reserved 1089536K
  class space    used 6092K, committed 6272K, reserved 1048576K
}
Event: 44.330 GC heap after
{Heap after GC invocations=70 (full 0):
 garbage-first heap   total 307200K, used 113043K [0x0000000080000000, 0x0000000100000000)
  region size 1024K, 12 young (12288K), 12 survivors (12288K)
 Metaspace       used 46230K, committed 46656K, reserved 1089536K
  class space    used 6092K, committed 6272K, reserved 1048576K
}
Event: 44.814 GC heap before
{Heap before GC invocations=70 (full 0):
 garbage-first heap   total 307200K, used 263571K [0x0000000080000000, 0x0000000100000000)
  region size 1024K, 159 young (162816K), 12 survivors (12288K)
 Metaspace       used 46230K, committed 46656K, reserved 1089536K
  class space    used 6092K, committed 6272K, reserved 1048576K
}

Dll operation events (2 events):
Event: 0.048 Loaded shared library C:\Program Files\Android\Android Studio\jbr\bin\java.dll
Event: 0.947 Loaded shared library C:\Program Files\Android\Android Studio\jbr\bin\verify.dll

Deoptimization events (20 events):
Event: 44.054 Thread 0x00000255d0c5a260 Uncommon trap: trap_request=0xffffff45 fr.pc=0x00000255bfbf41e4 relative=0x0000000000000ec4
Event: 44.054 Thread 0x00000255d0c5a260 Uncommon trap: reason=unstable_if action=reinterpret pc=0x00000255bfbf41e4 method=org.objectweb.asm.MethodWriter.visitJumpInsn(ILorg/objectweb/asm/Label;)V @ 364 c2
Event: 44.055 Thread 0x00000255d0c5a260 DEOPT PACKING pc=0x00000255bfbf41e4 sp=0x000000dc054fdde0
Event: 44.055 Thread 0x00000255d0c5a260 DEOPT UNPACKING pc=0x00000255bf3169a3 sp=0x000000dc054fdd98 mode 2
Event: 44.055 Thread 0x00000255d0c5a260 Uncommon trap: trap_request=0xffffff45 fr.pc=0x00000255bfaf0014 relative=0x0000000000000754
Event: 44.055 Thread 0x00000255d0c5a260 Uncommon trap: reason=unstable_if action=reinterpret pc=0x00000255bfaf0014 method=org.objectweb.asm.MethodWriter.visitVarInsn(II)V @ 148 c2
Event: 44.055 Thread 0x00000255d0c5a260 DEOPT PACKING pc=0x00000255bfaf0014 sp=0x000000dc054fddc0
Event: 44.055 Thread 0x00000255d0c5a260 DEOPT UNPACKING pc=0x00000255bf3169a3 sp=0x000000dc054fdda8 mode 2
Event: 44.055 Thread 0x00000255d0c5a260 Uncommon trap: trap_request=0xffffff45 fr.pc=0x00000255bf886dd4 relative=0x0000000000000514
Event: 44.055 Thread 0x00000255d0c5a260 Uncommon trap: reason=unstable_if action=reinterpret pc=0x00000255bf886dd4 method=org.objectweb.asm.MethodWriter.computeMaxStackAndLocal()V @ 38 c2
Event: 44.055 Thread 0x00000255d0c5a260 DEOPT PACKING pc=0x00000255bf886dd4 sp=0x000000dc054fddd0
Event: 44.055 Thread 0x00000255d0c5a260 DEOPT UNPACKING pc=0x00000255bf3169a3 sp=0x000000dc054fdd58 mode 2
Event: 44.213 Thread 0x00000255d1ace730 Uncommon trap: trap_request=0xffffff45 fr.pc=0x00000255bfc1ac94 relative=0x00000000000010b4
Event: 44.213 Thread 0x00000255d1ace730 Uncommon trap: reason=unstable_if action=reinterpret pc=0x00000255bfc1ac94 method=org.objectweb.asm.ClassReader.readTypeAnnotationTarget(Lorg/objectweb/asm/Context;I)I @ 14 c2
Event: 44.213 Thread 0x00000255d1ace730 DEOPT PACKING pc=0x00000255bfc1ac94 sp=0x000000dc056fe250
Event: 44.213 Thread 0x00000255d1ace730 DEOPT UNPACKING pc=0x00000255bf3169a3 sp=0x000000dc056fe210 mode 2
Event: 44.213 Thread 0x00000255d1ace730 Uncommon trap: trap_request=0xffffff45 fr.pc=0x00000255bfc56a14 relative=0x00000000000001d4
Event: 44.213 Thread 0x00000255d1ace730 Uncommon trap: reason=unstable_if action=reinterpret pc=0x00000255bfc56a14 method=org.objectweb.asm.TypeReference.putTarget(ILorg/objectweb/asm/ByteVector;)V @ 4 c2
Event: 44.213 Thread 0x00000255d1ace730 DEOPT PACKING pc=0x00000255bfc56a14 sp=0x000000dc056fe070
Event: 44.213 Thread 0x00000255d1ace730 DEOPT UNPACKING pc=0x00000255bf3169a3 sp=0x000000dc056fe010 mode 2

Classes unloaded (0 events):
No events

Classes redefined (0 events):
No events

Internal exceptions (20 events):
Event: 36.853 Thread 0x00000255d1ace730 Exception <a 'sun/nio/fs/WindowsException'{0x000000008b9a0568}> (0x000000008b9a0568) 
thrown [s\src\hotspot\share\prims\jni.cpp, line 517]
Event: 36.869 Thread 0x00000255d1ace730 Exception <a 'sun/nio/fs/WindowsException'{0x000000008b9a0718}> (0x000000008b9a0718) 
thrown [s\src\hotspot\share\prims\jni.cpp, line 517]
Event: 36.869 Thread 0x00000255d0c5a260 Exception <a 'sun/nio/fs/WindowsException'{0x000000008b52c5c0}> (0x000000008b52c5c0) 
thrown [s\src\hotspot\share\prims\jni.cpp, line 517]
Event: 36.873 Thread 0x00000255d0c5a730 Exception <a 'sun/nio/fs/WindowsException'{0x000000008b5ae588}> (0x000000008b5ae588) 
thrown [s\src\hotspot\share\prims\jni.cpp, line 517]
Event: 36.877 Thread 0x00000255d0c5a260 Exception <a 'sun/nio/fs/WindowsException'{0x000000008b52c788}> (0x000000008b52c788) 
thrown [s\src\hotspot\share\prims\jni.cpp, line 517]
Event: 36.882 Thread 0x00000255d0c5a730 Exception <a 'sun/nio/fs/WindowsException'{0x000000008b5ae700}> (0x000000008b5ae700) 
thrown [s\src\hotspot\share\prims\jni.cpp, line 517]
Event: 36.973 Thread 0x00000255d0c5a260 Exception <a 'sun/nio/fs/WindowsException'{0x000000008ad92338}> (0x000000008ad92338) 
thrown [s\src\hotspot\share\prims\jni.cpp, line 517]
Event: 36.981 Thread 0x00000255d0c5a730 Exception <a 'sun/nio/fs/WindowsException'{0x000000008a788020}> (0x000000008a788020) 
thrown [s\src\hotspot\share\prims\jni.cpp, line 517]
Event: 37.239 Thread 0x00000255d1ace730 Exception <a 'sun/nio/fs/WindowsException'{0x00000000927b7100}> (0x00000000927b7100) 
thrown [s\src\hotspot\share\prims\jni.cpp, line 517]
Event: 40.364 Thread 0x00000255d1acc0b0 Exception <a 'sun/nio/fs/WindowsException'{0x0000000091028570}> (0x0000000091028570) 
thrown [s\src\hotspot\share\prims\jni.cpp, line 517]
Event: 40.430 Thread 0x00000255d1acc0b0 Exception <a 'sun/nio/fs/WindowsException'{0x00000000910286d8}> (0x00000000910286d8) 
thrown [s\src\hotspot\share\prims\jni.cpp, line 517]
Event: 40.906 Thread 0x00000255d1acc0b0 Exception <a 'sun/nio/fs/WindowsException'{0x000000008d69e910}> (0x000000008d69e910) 
thrown [s\src\hotspot\share\prims\jni.cpp, line 517]
Event: 40.925 Thread 0x00000255d1acc0b0 Implicit null exception at 0x00000255bf920060 to 0x00000255bf92096c
Event: 40.946 Thread 0x00000255d1acc0b0 Implicit null exception at 0x00000255bf878bec to 0x00000255bf879c60
Event: 40.950 Thread 0x00000255d1acc0b0 Implicit null exception at 0x00000255bf8bed45 to 0x00000255bf8bf570
Event: 41.094 Thread 0x00000255d1acc0b0 Exception <a 'sun/nio/fs/WindowsException'{0x0000000090e6cde8}> (0x0000000090e6cde8) 
thrown [s\src\hotspot\share\prims\jni.cpp, line 517]
Event: 41.133 Thread 0x00000255d1acc0b0 Exception <a 'sun/nio/fs/WindowsException'{0x0000000090e6cfb0}> (0x0000000090e6cfb0) 
thrown [s\src\hotspot\share\prims\jni.cpp, line 517]
Event: 41.464 Thread 0x00000255d1acc0b0 Exception <a 'sun/nio/fs/WindowsException'{0x00000000929846d0}> (0x00000000929846d0) 
thrown [s\src\hotspot\share\prims\jni.cpp, line 517]
Event: 41.515 Thread 0x00000255d1acc0b0 Exception <a 'sun/nio/fs/WindowsException'{0x0000000090ec0c78}> (0x0000000090ec0c78) 
thrown [s\src\hotspot\share\prims\jni.cpp, line 517]
Event: 41.539 Thread 0x00000255d1acc0b0 Exception <a 'sun/nio/fs/WindowsException'{0x0000000090ec0e18}> (0x0000000090ec0e18) 
thrown [s\src\hotspot\share\prims\jni.cpp, line 517]

VM Operations (20 events):
Event: 39.211 Executing VM operation: G1CollectForAllocation done
Event: 40.266 Executing VM operation: G1CollectForAllocation
Event: 40.301 Executing VM operation: G1CollectForAllocation done
Event: 40.632 Executing VM operation: G1CollectForAllocation
Event: 40.666 Executing VM operation: G1CollectForAllocation done
Event: 40.988 Executing VM operation: G1CollectForAllocation
Event: 41.002 Executing VM operation: G1CollectForAllocation done
Event: 41.403 Executing VM operation: G1CollectForAllocation
Event: 41.409 Executing VM operation: G1CollectForAllocation done
Event: 41.409 Executing VM operation: G1CollectForAllocation
Event: 41.438 Executing VM operation: G1CollectForAllocation done
Event: 42.245 Executing VM operation: G1CollectForAllocation
Event: 42.261 Executing VM operation: G1CollectForAllocation done
Event: 42.953 Executing VM operation: G1CollectForAllocation
Event: 43.017 Executing VM operation: G1CollectForAllocation done
Event: 43.652 Executing VM operation: G1CollectForAllocation
Event: 43.668 Executing VM operation: G1CollectForAllocation done
Event: 44.284 Executing VM operation: G1CollectForAllocation
Event: 44.331 Executing VM operation: G1CollectForAllocation done
Event: 44.814 Executing VM operation: G1CollectForAllocation

Events (20 events):
Event: 27.633 Thread 0x00000255ce80ed20 flushing nmethod 0x00000255b8681390
Event: 27.633 Thread 0x00000255ce80ed20 flushing nmethod 0x00000255b868af10
Event: 27.633 Thread 0x00000255ce80ed20 flushing nmethod 0x00000255b868df90
Event: 27.633 Thread 0x00000255ce80ed20 flushing nmethod 0x00000255b8690f90
Event: 27.633 Thread 0x00000255ce80ed20 flushing nmethod 0x00000255b8692b90
Event: 27.633 Thread 0x00000255ce80ed20 flushing nmethod 0x00000255b8693090
Event: 27.633 Thread 0x00000255ce80ed20 flushing nmethod 0x00000255b8694210
Event: 27.633 Thread 0x00000255ce80ed20 flushing nmethod 0x00000255b86a8f90
Event: 27.633 Thread 0x00000255ce80ed20 flushing nmethod 0x00000255b86a9510
Event: 27.633 Thread 0x00000255ce80ed20 flushing nmethod 0x00000255b86aa010
Event: 27.633 Thread 0x00000255ce80ed20 flushing nmethod 0x00000255b86ac010
Event: 27.633 Thread 0x00000255ce80ed20 flushing nmethod 0x00000255b86b4d10
Event: 27.633 Thread 0x00000255ce80ed20 flushing nmethod 0x00000255b86c2190
Event: 27.633 Thread 0x00000255ce80ed20 flushing nmethod 0x00000255b86d1310
Event: 27.633 Thread 0x00000255ce80ed20 flushing nmethod 0x00000255b86d4a10
Event: 27.633 Thread 0x00000255ce80ed20 flushing nmethod 0x00000255b86d5790
Event: 32.593 loading class jdk/internal/access/foreign/MemorySegmentProxy
Event: 32.622 loading class jdk/internal/access/foreign/MemorySegmentProxy done
Event: 36.654 Thread 0x00000255ce80ed20 flushing nmethod 0x00000255b86f8090
Event: 40.798 Thread 0x00000255cf9bf710 Thread added: 0x00000255cf9bf710


Dynamic libraries:
0x00007ff77b480000 - 0x00007ff77b48a000 	C:\Program Files\Android\Android Studio\jbr\bin\java.exe
0x00007fff5b1b0000 - 0x00007fff5b3c4000 	C:\WINDOWS\SYSTEM32\ntdll.dll
0x00007fff5a100000 - 0x00007fff5a1c2000 	C:\WINDOWS\System32\KERNEL32.DLL
0x00007fff58870000 - 0x00007fff58c0c000 	C:\WINDOWS\System32\KERNELBASE.dll
0x00007fff58660000 - 0x00007fff58771000 	C:\WINDOWS\System32\ucrtbase.dll
0x00007fff51660000 - 0x00007fff51677000 	C:\Program Files\Android\Android Studio\jbr\bin\jli.dll
0x00007fff52e00000 - 0x00007fff52e1b000 	C:\Program Files\Android\Android Studio\jbr\bin\VCRUNTIME140.dll
0x00007fff590c0000 - 0x00007fff5926b000 	C:\WINDOWS\System32\USER32.dll
0x00007fff58780000 - 0x00007fff587a6000 	C:\WINDOWS\System32\win32u.dll
0x00007fff593f0000 - 0x00007fff59419000 	C:\WINDOWS\System32\GDI32.dll
0x00007fff58e00000 - 0x00007fff58f13000 	C:\WINDOWS\System32\gdi32full.dll
0x00007fff58f20000 - 0x00007fff58fba000 	C:\WINDOWS\System32\msvcp_win.dll
0x00007fff3dd60000 - 0x00007fff3dfee000 	C:\WINDOWS\WinSxS\amd64_microsoft.windows.common-controls_6595b64144ccf1df_6.0.22621.608_none_a9444ca7c10bb01d\COMCTL32.dll
0x00007fff59420000 - 0x00007fff594c7000 	C:\WINDOWS\System32\msvcrt.dll
0x00007fff5a8d0000 - 0x00007fff5a901000 	C:\WINDOWS\System32\IMM32.DLL
0x00007fff4ec10000 - 0x00007fff4ec1c000 	C:\Program Files\Android\Android Studio\jbr\bin\vcruntime140_1.dll
0x00007fff3b140000 - 0x00007fff3b1cd000 	C:\Program Files\Android\Android Studio\jbr\bin\msvcp140.dll
0x00007fff080e0000 - 0x00007fff08d4d000 	C:\Program Files\Android\Android Studio\jbr\bin\server\jvm.dll
0x00007fff59630000 - 0x00007fff596de000 	C:\WINDOWS\System32\ADVAPI32.dll
0x00007fff5af40000 - 0x00007fff5afe4000 	C:\WINDOWS\System32\sechost.dll
0x00007fff59ee0000 - 0x00007fff59ff7000 	C:\WINDOWS\System32\RPCRT4.dll
0x00007fff56240000 - 0x00007fff56249000 	C:\WINDOWS\SYSTEM32\WSOCK32.dll
0x00007fff5b0f0000 - 0x00007fff5b161000 	C:\WINDOWS\System32\WS2_32.dll
0x00007fff561b0000 - 0x00007fff561ba000 	C:\WINDOWS\SYSTEM32\VERSION.dll
0x00007fff52010000 - 0x00007fff52044000 	C:\WINDOWS\SYSTEM32\WINMM.dll
0x00007fff57610000 - 0x00007fff57628000 	C:\WINDOWS\SYSTEM32\kernel.appcore.dll
0x00007fff56230000 - 0x00007fff5623a000 	C:\Program Files\Android\Android Studio\jbr\bin\jimage.dll
0x00007fff50040000 - 0x00007fff5026e000 	C:\WINDOWS\SYSTEM32\DBGHELP.DLL
0x00007fff5a390000 - 0x00007fff5a719000 	C:\WINDOWS\System32\combase.dll
0x00007fff594f0000 - 0x00007fff595c7000 	C:\WINDOWS\System32\OLEAUT32.dll
0x00007fff4f5c0000 - 0x00007fff4f5f2000 	C:\WINDOWS\SYSTEM32\dbgcore.DLL
0x00007fff58c10000 - 0x00007fff58c8b000 	C:\WINDOWS\System32\bcryptPrimitives.dll
0x00007fff3c680000 - 0x00007fff3c6a5000 	C:\Program Files\Android\Android Studio\jbr\bin\java.dll
0x00007fff4e230000 - 0x00007fff4e248000 	C:\Program Files\Android\Android Studio\jbr\bin\zip.dll
0x00007fff596e0000 - 0x00007fff59ed0000 	C:\WINDOWS\System32\SHELL32.dll
0x00007fff565b0000 - 0x00007fff56e7d000 	C:\WINDOWS\SYSTEM32\windows.storage.dll
0x00007fff56470000 - 0x00007fff565ae000 	C:\WINDOWS\SYSTEM32\wintypes.dll
0x00007fff592f0000 - 0x00007fff593e1000 	C:\WINDOWS\System32\SHCORE.dll
0x00007fff5b090000 - 0x00007fff5b0ee000 	C:\WINDOWS\System32\shlwapi.dll
0x00007fff58520000 - 0x00007fff58541000 	C:\WINDOWS\SYSTEM32\profapi.dll
0x00007fff4d5b0000 - 0x00007fff4d5c9000 	C:\Program Files\Android\Android Studio\jbr\bin\net.dll
0x00007fff51ed0000 - 0x00007fff52007000 	C:\WINDOWS\SYSTEM32\WINHTTP.dll
0x00007fff57a90000 - 0x00007fff57af9000 	C:\WINDOWS\system32\mswsock.dll
0x00007fff4c050000 - 0x00007fff4c066000 	C:\Program Files\Android\Android Studio\jbr\bin\nio.dll
0x00007fff51650000 - 0x00007fff51660000 	C:\Program Files\Android\Android Studio\jbr\bin\verify.dll
0x00007fff47160000 - 0x00007fff47187000 	C:\Users\mohan\.gradle\native\e1d6ef7f7dcc3fd88c89a11ec53ec762bb8ba0a96d01ffa2cd45eb1d1d8dd5c5\windows-amd64\native-platform.dll
0x00007fff265b0000 - 0x00007fff266f4000 	C:\Users\mohan\.gradle\native\0d407fdbe67a94daf76414ababcb853783967236a71b16ec16e742cd7a986fd3\windows-amd64\native-platform-file-events.dll
0x00007fff56100000 - 0x00007fff56109000 	C:\Program Files\Android\Android Studio\jbr\bin\management.dll
0x00007fff52c30000 - 0x00007fff52c3b000 	C:\Program Files\Android\Android Studio\jbr\bin\management_ext.dll
0x00007fff59ed0000 - 0x00007fff59ed8000 	C:\WINDOWS\System32\PSAPI.DLL
0x00007fff57d10000 - 0x00007fff57d2b000 	C:\WINDOWS\SYSTEM32\CRYPTSP.dll
0x00007fff57580000 - 0x00007fff575b5000 	C:\WINDOWS\system32\rsaenh.dll
0x00007fff57bb0000 - 0x00007fff57bd8000 	C:\WINDOWS\SYSTEM32\USERENV.dll
0x00007fff57ed0000 - 0x00007fff57ef8000 	C:\WINDOWS\SYSTEM32\bcrypt.dll
0x00007fff57d30000 - 0x00007fff57d3c000 	C:\WINDOWS\SYSTEM32\CRYPTBASE.dll
0x00007fff57110000 - 0x00007fff5713d000 	C:\WINDOWS\SYSTEM32\IPHLPAPI.DLL
0x00007fff592e0000 - 0x00007fff592e9000 	C:\WINDOWS\System32\NSI.dll
0x00007fff51eb0000 - 0x00007fff51ec9000 	C:\WINDOWS\SYSTEM32\dhcpcsvc6.DLL
0x00007fff51e90000 - 0x00007fff51eaf000 	C:\WINDOWS\SYSTEM32\dhcpcsvc.DLL
0x00007fff57190000 - 0x00007fff57283000 	C:\WINDOWS\SYSTEM32\DNSAPI.dll
0x00007fff4d5a0000 - 0x00007fff4d5a8000 	C:\WINDOWS\system32\wshunix.dll

dbghelp: loaded successfully - version: 4.0.5 - missing functions: none
symbol engine: initialized successfully - sym options: 0x614 - pdb path: .;C:\Program Files\Android\Android Studio\jbr\bin;C:\WINDOWS\SYSTEM32;C:\WINDOWS\WinSxS\amd64_microsoft.windows.common-controls_6595b64144ccf1df_6.0.22621.608_none_a9444ca7c10bb01d;C:\Program Files\Android\Android Studio\jbr\bin\server;C:\Users\mohan\.gradle\native\e1d6ef7f7dcc3fd88c89a11ec53ec762bb8ba0a96d01ffa2cd45eb1d1d8dd5c5\windows-amd64;C:\Users\mohan\.gradle\native\0d407fdbe67a94daf76414ababcb853783967236a71b16ec16e742cd7a986fd3\windows-amd64

VM Arguments:
jvm_args: --add-opens=java.base/java.util=ALL-UNNAMED --add-opens=java.base/java.lang=ALL-UNNAMED --add-opens=java.base/java.lang.invoke=ALL-UNNAMED --add-opens=java.base/java.util=ALL-UNNAMED --add-opens=java.prefs/java.util.prefs=ALL-UNNAMED --add-opens=java.prefs/java.util.prefs=ALL-UNNAMED --add-opens=java.base/java.nio.charset=ALL-UNNAMED --add-opens=java.base/java.net=ALL-UNNAMED --add-opens=java.base/java.util.concurrent.atomic=ALL-UNNAMED -Xmx2048m -Dfile.encoding=UTF-8 -Duser.country=IN -Duser.language=en -Duser.variant 
java_command: org.gradle.launcher.daemon.bootstrap.GradleDaemon 7.5
java_class_path (initial): C:\Users\mohan\.gradle\wrapper\dists\gradle-7.5-bin\f1w0cc9nuo0eivz97x2xlu9sv\gradle-7.5\lib\gradle-launcher-7.5.jar
Launcher Type: SUN_STANDARD

[Global flags]
     intx CICompilerCount                          = 3                                         {product} {ergonomic}
     uint ConcGCThreads                            = 1                                         {product} {ergonomic}
     uint G1ConcRefinementThreads                  = 4                                         {product} {ergonomic}
   size_t G1HeapRegionSize                         = 1048576                                   {product} {ergonomic}
    uintx GCDrainStackTargetSize                   = 64                                        {product} {ergonomic}
   size_t InitialHeapSize                          = 58720256                                  {product} {ergonomic}
   size_t MarkStackSize                            = 4194304                                   {product} {ergonomic}
   size_t MaxHeapSize                              = 2147483648                                {product} {command line}
   size_t MaxNewSize                               = 1287651328                                {product} {ergonomic}
   size_t MinHeapDeltaBytes                        = 1048576                                   {product} {ergonomic}
   size_t MinHeapSize                              = 8388608                                   {product} {ergonomic}
    uintx NonNMethodCodeHeapSize                   = 5832780                                {pd product} {ergonomic}
    uintx NonProfiledCodeHeapSize                  = 122912730                              {pd product} {ergonomic}
    uintx ProfiledCodeHeapSize                     = 122912730                              {pd product} {ergonomic}
    uintx ReservedCodeCacheSize                    = 251658240                              {pd product} {ergonomic}
     bool SegmentedCodeCache                       = true                                      {product} {ergonomic}
   size_t SoftMaxHeapSize                          = 2147483648                             {manageable} {ergonomic}
     bool UseCompressedClassPointers               = true                           {product lp64_product} {ergonomic}
     bool UseCompressedOops                        = true                           {product lp64_product} {ergonomic}
     bool UseG1GC                                  = true                                      {product} {ergonomic}
     bool UseLargePagesIndividualAllocation        = false                                  {pd product} {ergonomic}

Logging:
Log output configuration:
 #0: stdout all=warning uptime,level,tags
 #1: stderr all=off uptime,level,tags

Environment Variables:
PATH=C:\Program Files\Common Files\Oracle\Java\javapath;C:\WINDOWS\system32;C:\WINDOWS;C:\WINDOWS\System32\Wbem;C:\WINDOWS\System32\WindowsPowerShell\v1.0\;C:\WINDOWS\System32\OpenSSH\;C:\Program Files\dotnet\;C:\Program Files\Git\cmd;C:\Users\mohan\AppData\Local\Programs\Python\Python37\Scripts\;C:\Users\mohan\AppData\Local\Programs\Python\Python37\;C:\Users\mohan\AppData\Local\Microsoft\WindowsApps;C:\Users\mohan\AppData\Local\Programs\Microsoft VS Code\bin;C:\Program Files\JetBrains\PyCharm Community Edition 2021.3.2\bin;;C:\Users\mohan\OneDrive\Desktop\flutter_windows_3.3.8-stable\flutter\bin;
USERNAME=mohan
OS=Windows_NT
PROCESSOR_IDENTIFIER=AMD64 Family 23 Model 24 Stepping 1, AuthenticAMD
TMP=C:\Users\mohan\AppData\Local\Temp
TEMP=C:\Users\mohan\AppData\Local\Temp



---------------  S Y S T E M  ---------------

OS:
 Windows 11 , 64 bit Build 22621 (10.0.22621.1485)
OS uptime: 22 days 20:46 hours
Hyper-V role detected

CPU: total 4 (initial active 4) (4 cores per cpu, 2 threads per core) family 23 model 24 stepping 1 microcode 0x0, cx8, cmov, fxsr, ht, mmx, 3dnowpref, sse, sse2, sse3, ssse3, sse4a, sse4.1, sse4.2, popcnt, lzcnt, tsc, tscinvbit, avx, avx2, aes, clmul, bmi1, bmi2, adx, sha, fma, vzeroupper, clflush, clflushopt, hv

Memory: 4k page, system-wide physical 3470M (399M free)
TotalPageFile size 14222M (AvailPageFile size 68M)
current process WorkingSet (physical memory assigned to process): 306M, peak: 348M
current process commit charge ("private bytes"): 511M, peak: 604M

vm_info: OpenJDK 64-Bit Server VM (17.0.6+0-b2043.56-9586694) for windows-amd64 JRE (17.0.6+0-b2043.56-9586694), built on Feb  9 2023 20:06:20 by "androidbuild" with MS VC++ 16.10 / 16.11 (VS2019)

END.
