#
# There is insufficient memory for the Java Runtime Environment to continue.
# Native memory allocation (malloc) failed to allocate 768976 bytes for Chunk::new
# Possible reasons:
#   The system is out of physical RAM or swap space
#   The process is running with CompressedOops enabled, and the Java Heap may be blocking the growth of the native heap
# Possible solutions:
#   Reduce memory load on the system
#   Increase physical memory or swap space
#   Check if swap backing store is full
#   Decrease Java heap size (-Xmx/-Xms)
#   Decrease number of Java threads
#   Decrease Java thread stack sizes (-Xss)
#   Set larger code cache with -XX:ReservedCodeCacheSize=
#   JVM is running with Unscaled Compressed Oops mode in which the Java heap is
#     placed in the first 4GB address space. The Java Heap base address is the
#     maximum limit for the native heap growth. Please use -XX:HeapBaseMinAddress
#     to set the Java Heap base and to place the Java Heap above 4GB virtual address.
# This output file may be truncated or incomplete.
#
#  Out of Memory Error (arena.cpp:189), pid=12020, tid=8956
#
# JRE version: OpenJDK Runtime Environment (17.0.6) (build 17.0.6+0-b2043.56-9586694)
# Java VM: OpenJDK 64-Bit Server VM (17.0.6+0-b2043.56-9586694, mixed mode, tiered, compressed oops, compressed class ptrs, g1 gc, windows-amd64)
# No core dump will be written. Minidumps are not enabled by default on client versions of Windows
#

---------------  S U M M A R Y ------------

Command Line: --add-opens=java.base/java.util=ALL-UNNAMED --add-opens=java.base/java.lang=ALL-UNNAMED --add-opens=java.base/java.lang.invoke=ALL-UNNAMED --add-opens=java.base/java.util=ALL-UNNAMED --add-opens=java.prefs/java.util.prefs=ALL-UNNAMED --add-opens=java.prefs/java.util.prefs=ALL-UNNAMED --add-opens=java.base/java.nio.charset=ALL-UNNAMED --add-opens=java.base/java.net=ALL-UNNAMED --add-opens=java.base/java.util.concurrent.atomic=ALL-UNNAMED -Xmx2048m -Dfile.encoding=UTF-8 -Duser.country=IN -Duser.language=en -Duser.variant org.gradle.launcher.daemon.bootstrap.GradleDaemon 7.5

Host: AMD Athlon Gold 3150U with Radeon Graphics     , 4 cores, 3G,  Windows 11 , 64 bit Build 22621 (10.0.22621.1485)
Time: Tue May  9 22:19:55 2023 India Standard Time elapsed time: 27.677132 seconds (0d 0h 0m 27s)

---------------  T H R E A D  ---------------

Current thread (0x0000020bec583740):  JavaThread "C2 CompilerThread0" daemon [_thread_in_native, id=8956, stack(0x0000008502900000,0x0000008502a00000)]


Current CompileTask:
C2:  27677 4827       4       org.gradle.internal.classpath.InstrumentingBackwardsCompatibilityVisitor$BackwardCompatibilityMethodVisitor::visitLocalVariable (21 bytes)

Stack: [0x0000008502900000,0x0000008502a00000]
Native frames: (J=compiled Java code, j=interpreted, Vv=VM code, C=native code)
V  [jvm.dll+0x683b4a]
V  [jvm.dll+0x842654]
V  [jvm.dll+0x843dfe]
V  [jvm.dll+0x844463]
V  [jvm.dll+0x249b75]
V  [jvm.dll+0xabcac]
V  [jvm.dll+0xac27c]
V  [jvm.dll+0x368802]
V  [jvm.dll+0x332f31]
V  [jvm.dll+0x3323da]
V  [jvm.dll+0x21c201]
V  [jvm.dll+0x21b621]
V  [jvm.dll+0x1a4fdd]
V  [jvm.dll+0x22b098]
V  [jvm.dll+0x229159]
V  [jvm.dll+0x7f809c]
V  [jvm.dll+0x7f25fa]
V  [jvm.dll+0x682985]
C  [ucrtbase.dll+0x29363]
C  [KERNEL32.DLL+0x1269d]
C  [ntdll.dll+0x5a9f8]


---------------  P R O C E S S  ---------------

Threads class SMR info:
_java_thread_list=0x0000020beff97910, length=38, elements={
0x0000020bd2fbd050, 0x0000020bec539a80, 0x0000020bec53a630, 0x0000020bed00d0a0,
0x0000020bed00fc90, 0x0000020bed014650, 0x0000020bed015000, 0x0000020bec583740,
0x0000020bec58cd90, 0x0000020bec5966b0, 0x0000020bed18ae50, 0x0000020bed18b320,
0x0000020bee54bdd0, 0x0000020bee48e730, 0x0000020beeb89590, 0x0000020bee697090,
0x0000020beeaf8170, 0x0000020beeb10d50, 0x0000020beeb11220, 0x0000020beeb116f0,
0x0000020beeb0fee0, 0x0000020beeb103b0, 0x0000020beeb12090, 0x0000020beeb10880,
0x0000020beeb0f070, 0x0000020beeb11bc0, 0x0000020beeb12560, 0x0000020beeb0f540,
0x0000020bf10da810, 0x0000020bf10e0850, 0x0000020bf10dace0, 0x0000020bf10e1b90,
0x0000020bf10dfeb0, 0x0000020bf10db1b0, 0x0000020bf10dbb50, 0x0000020bf10dc020,
0x0000020bf10e11f0, 0x0000020bf020a790
}

Java Threads: ( => current thread )
  0x0000020bd2fbd050 JavaThread "main" [_thread_blocked, id=27652, stack(0x0000008501c00000,0x0000008501d00000)]
  0x0000020bec539a80 JavaThread "Reference Handler" daemon [_thread_blocked, id=792, stack(0x0000008502300000,0x0000008502400000)]
  0x0000020bec53a630 JavaThread "Finalizer" daemon [_thread_blocked, id=9300, stack(0x0000008502400000,0x0000008502500000)]
  0x0000020bed00d0a0 JavaThread "Signal Dispatcher" daemon [_thread_blocked, id=29404, stack(0x0000008502500000,0x0000008502600000)]
  0x0000020bed00fc90 JavaThread "Attach Listener" daemon [_thread_blocked, id=26464, stack(0x0000008502600000,0x0000008502700000)]
  0x0000020bed014650 JavaThread "Service Thread" daemon [_thread_blocked, id=18100, stack(0x0000008502700000,0x0000008502800000)]
  0x0000020bed015000 JavaThread "Monitor Deflation Thread" daemon [_thread_blocked, id=5572, stack(0x0000008502800000,0x0000008502900000)]
=>0x0000020bec583740 JavaThread "C2 CompilerThread0" daemon [_thread_in_native, id=8956, stack(0x0000008502900000,0x0000008502a00000)]
  0x0000020bec58cd90 JavaThread "C1 CompilerThread0" daemon [_thread_blocked, id=26456, stack(0x0000008502a00000,0x0000008502b00000)]
  0x0000020bec5966b0 JavaThread "Sweeper thread" daemon [_thread_blocked, id=30432, stack(0x0000008502b00000,0x0000008502c00000)]
  0x0000020bed18ae50 JavaThread "Common-Cleaner" daemon [_thread_blocked, id=26772, stack(0x0000008502c00000,0x0000008502d00000)]
  0x0000020bed18b320 JavaThread "Notification Thread" daemon [_thread_blocked, id=27316, stack(0x0000008502d00000,0x0000008502e00000)]
  0x0000020bee54bdd0 JavaThread "Daemon health stats" [_thread_blocked, id=5580, stack(0x0000008503200000,0x0000008503300000)]
  0x0000020bee48e730 JavaThread "Incoming local TCP Connector on port 62645" [_thread_in_native, id=1816, stack(0x0000008503300000,0x0000008503400000)]
  0x0000020beeb89590 JavaThread "Daemon periodic checks" [_thread_blocked, id=26944, stack(0x0000008503400000,0x0000008503500000)]
  0x0000020bee697090 JavaThread "Daemon" [_thread_blocked, id=6016, stack(0x0000008503500000,0x0000008503600000)]
  0x0000020beeaf8170 JavaThread "Handler for socket connection from /127.0.0.1:62645 to /127.0.0.1:62647" [_thread_in_native, id=28020, stack(0x0000008503600000,0x0000008503700000)]
  0x0000020beeb10d50 JavaThread "Cancel handler" [_thread_blocked, id=28292, stack(0x0000008503700000,0x0000008503800000)]
  0x0000020beeb11220 JavaThread "Daemon worker" [_thread_blocked, id=9372, stack(0x0000008503800000,0x0000008503900000)]
  0x0000020beeb116f0 JavaThread "Asynchronous log dispatcher for DefaultDaemonConnection: socket connection from /127.0.0.1:62645 to /127.0.0.1:62647" [_thread_blocked, id=20828, stack(0x0000008503900000,0x0000008503a00000)]
  0x0000020beeb0fee0 JavaThread "Stdin handler" [_thread_blocked, id=21540, stack(0x0000008503a00000,0x0000008503b00000)]
  0x0000020beeb103b0 JavaThread "Daemon client event forwarder" [_thread_blocked, id=21884, stack(0x0000008503b00000,0x0000008503c00000)]
  0x0000020beeb12090 JavaThread "Cache worker for journal cache (C:\Users\mohan\.gradle\caches\journal-1)" [_thread_blocked, id=29872, stack(0x0000008503c00000,0x0000008503d00000)]
  0x0000020beeb10880 JavaThread "File lock request listener" [_thread_in_native, id=12800, stack(0x0000008503d00000,0x0000008503e00000)]
  0x0000020beeb0f070 JavaThread "Cache worker for file hash cache (C:\Users\mohan\.gradle\caches\7.5\fileHashes)" [_thread_blocked, id=20560, stack(0x0000008503e00000,0x0000008503f00000)]
  0x0000020beeb11bc0 JavaThread "File watcher server" daemon [_thread_in_native, id=8796, stack(0x0000008503f00000,0x0000008504000000)]
  0x0000020beeb12560 JavaThread "File watcher consumer" daemon [_thread_blocked, id=25564, stack(0x0000008504000000,0x0000008504100000)]
  0x0000020beeb0f540 JavaThread "jar transforms" [_thread_blocked, id=24892, stack(0x0000008504100000,0x0000008504200000)]
  0x0000020bf10da810 JavaThread "jar transforms Thread 2" [_thread_blocked, id=20728, stack(0x0000008504200000,0x0000008504300000)]
  0x0000020bf10e0850 JavaThread "jar transforms Thread 3" [_thread_blocked, id=4536, stack(0x0000008504300000,0x0000008504400000)]
  0x0000020bf10dace0 JavaThread "jar transforms Thread 4" [_thread_in_native, id=15140, stack(0x0000008504400000,0x0000008504500000)]
  0x0000020bf10e1b90 JavaThread "Cache worker for checksums cache (C:\Users\mohan\AndroidStudioProjects\Location\.gradle\7.5\checksums)" [_thread_blocked, id=11900, stack(0x0000008504500000,0x0000008504600000)]
  0x0000020bf10dfeb0 JavaThread "Cache worker for cache directory md-rule (C:\Users\mohan\.gradle\caches\7.5\md-rule)" [_thread_blocked, id=18608, stack(0x0000008504600000,0x0000008504700000)]
  0x0000020bf10db1b0 JavaThread "Cache worker for file content cache (C:\Users\mohan\.gradle\caches\7.5\fileContent)" [_thread_blocked, id=22764, stack(0x0000008504700000,0x0000008504800000)]
  0x0000020bf10dbb50 JavaThread "Cache worker for file hash cache (C:\Users\mohan\AndroidStudioProjects\Location\.gradle\7.5\fileHashes)" [_thread_blocked, id=28616, stack(0x0000008504800000,0x0000008504900000)]
  0x0000020bf10dc020 JavaThread "Cache worker for cache directory md-supplier (C:\Users\mohan\.gradle\caches\7.5\md-supplier)" [_thread_blocked, id=25028, stack(0x0000008504900000,0x0000008504a00000)]
  0x0000020bf10e11f0 JavaThread "Cache worker for execution history cache (C:\Users\mohan\.gradle\caches\7.5\executionHistory)" [_thread_blocked, id=29996, stack(0x0000008504a00000,0x0000008504b00000)]
  0x0000020bf020a790 JavaThread "C2 CompilerThread1" daemon [_thread_in_native, id=27932, stack(0x0000008504b00000,0x0000008504c00000)]

Other Threads:
  0x0000020bec54fb20 VMThread "VM Thread" [stack: 0x0000008502200000,0x0000008502300000] [id=27020]
  0x0000020bed0d9850 WatcherThread [stack: 0x0000008502e00000,0x0000008502f00000] [id=9064]
  0x0000020bd301b7c0 GCTaskThread "GC Thread#0" [stack: 0x0000008501d00000,0x0000008501e00000] [id=12464]
  0x0000020bed4ff390 GCTaskThread "GC Thread#1" [stack: 0x0000008502f00000,0x0000008503000000] [id=27260]
  0x0000020bed669ed0 GCTaskThread "GC Thread#2" [stack: 0x0000008503000000,0x0000008503100000] [id=30572]
  0x0000020bed345010 GCTaskThread "GC Thread#3" [stack: 0x0000008503100000,0x0000008503200000] [id=26260]
  0x0000020bd302cd40 ConcurrentGCThread "G1 Main Marker" [stack: 0x0000008501e00000,0x0000008501f00000] [id=27516]
  0x0000020bd302d5f0 ConcurrentGCThread "G1 Conc#0" [stack: 0x0000008501f00000,0x0000008502000000] [id=1880]
  0x0000020bd306b3d0 ConcurrentGCThread "G1 Refine#0" [stack: 0x0000008502000000,0x0000008502100000] [id=29256]
  0x0000020bd306bc90 ConcurrentGCThread "G1 Service" [stack: 0x0000008502100000,0x0000008502200000] [id=25108]

Threads with active compile tasks:
C2 CompilerThread0    27787 4827       4       org.gradle.internal.classpath.InstrumentingBackwardsCompatibilityVisitor$BackwardCompatibilityMethodVisitor::visitLocalVariable (21 bytes)
C2 CompilerThread1    27788 4844       4       org.gradle.internal.classpath.InstrumentingBackwardsCompatibilityVisitor$BackwardCompatibilityMethodVisitor::<init> (8 bytes)

VM state: not at safepoint (normal execution)

VM Mutex/Monitor currently owned by a thread: None

Heap address: 0x0000000080000000, size: 2048 MB, Compressed Oops mode: 32-bit

CDS archive(s) not mapped
Compressed class space mapped at: 0x0000000100000000-0x0000000140000000, reserved size: 1073741824
Narrow klass base: 0x0000000000000000, Narrow klass shift: 3, Narrow klass range: 0x140000000

GC Precious Log:
 CPUs: 4 total, 4 available
 Memory: 3470M
 Large Page Support: Disabled
 NUMA Support: Disabled
 Compressed Oops: Enabled (32-bit)
 Heap Region Size: 1M
 Heap Min Capacity: 8M
 Heap Initial Capacity: 56M
 Heap Max Capacity: 2G
 Pre-touch: Disabled
 Parallel Workers: 4
 Concurrent Workers: 1
 Concurrent Refinement Workers: 4
 Periodic GC: Disabled

Heap:
 garbage-first heap   total 353280K, used 108920K [0x0000000080000000, 0x0000000100000000)
  region size 1024K, 18 young (18432K), 7 survivors (7168K)
 Metaspace       used 46149K, committed 46592K, reserved 1089536K
  class space    used 6087K, committed 6272K, reserved 1048576K

Heap Regions: E=young(eden), S=young(survivor), O=old, HS=humongous(starts), HC=humongous(continues), CS=collection set, F=free, OA=open archive, CA=closed archive, TAMS=top-at-mark-start (previous, next)
|   0|0x0000000080000000, 0x0000000080100000, 0x0000000080100000|100%|HS|  |TAMS 0x0000000080100000, 0x0000000080000000| Complete 
|   1|0x0000000080100000, 0x0000000080200000, 0x0000000080200000|100%|HC|  |TAMS 0x0000000080200000, 0x0000000080100000| Complete 
|   2|0x0000000080200000, 0x0000000080300000, 0x0000000080300000|100%|HC|  |TAMS 0x0000000080300000, 0x0000000080200000| Complete 
|   3|0x0000000080300000, 0x0000000080400000, 0x0000000080400000|100%| O|  |TAMS 0x0000000080400000, 0x0000000080300000| Untracked 
|   4|0x0000000080400000, 0x0000000080500000, 0x0000000080500000|100%| O|  |TAMS 0x0000000080500000, 0x0000000080400000| Untracked 
|   5|0x0000000080500000, 0x0000000080600000, 0x0000000080600000|100%| O|  |TAMS 0x0000000080600000, 0x0000000080500000| Untracked 
|   6|0x0000000080600000, 0x0000000080700000, 0x0000000080700000|100%| O|  |TAMS 0x0000000080700000, 0x0000000080600000| Untracked 
|   7|0x0000000080700000, 0x0000000080800000, 0x0000000080800000|100%| O|  |TAMS 0x0000000080800000, 0x0000000080700000| Untracked 
|   8|0x0000000080800000, 0x0000000080900000, 0x0000000080900000|100%| O|  |TAMS 0x0000000080900000, 0x0000000080800000| Untracked 
|   9|0x0000000080900000, 0x0000000080a00000, 0x0000000080a00000|100%| O|  |TAMS 0x0000000080a00000, 0x0000000080900000| Untracked 
|  10|0x0000000080a00000, 0x0000000080b00000, 0x0000000080b00000|100%| O|  |TAMS 0x0000000080b00000, 0x0000000080a00000| Untracked 
|  11|0x0000000080b00000, 0x0000000080c00000, 0x0000000080c00000|100%| O|  |TAMS 0x0000000080c00000, 0x0000000080b00000| Untracked 
|  12|0x0000000080c00000, 0x0000000080d00000, 0x0000000080d00000|100%| O|  |TAMS 0x0000000080d00000, 0x0000000080c00000| Untracked 
|  13|0x0000000080d00000, 0x0000000080e00000, 0x0000000080e00000|100%| O|  |TAMS 0x0000000080e00000, 0x0000000080d00000| Untracked 
|  14|0x0000000080e00000, 0x0000000080f00000, 0x0000000080f00000|100%| O|  |TAMS 0x0000000080f00000, 0x0000000080e00000| Untracked 
|  15|0x0000000080f00000, 0x0000000081000000, 0x0000000081000000|100%| O|  |TAMS 0x0000000081000000, 0x0000000080f00000| Untracked 
|  16|0x0000000081000000, 0x0000000081100000, 0x0000000081100000|100%| O|  |TAMS 0x0000000081100000, 0x0000000081000000| Untracked 
|  17|0x0000000081100000, 0x0000000081200000, 0x0000000081200000|100%| O|  |TAMS 0x0000000081200000, 0x0000000081100000| Untracked 
|  18|0x0000000081200000, 0x0000000081300000, 0x0000000081300000|100%| O|  |TAMS 0x0000000081300000, 0x0000000081200000| Untracked 
|  19|0x0000000081300000, 0x0000000081400000, 0x0000000081400000|100%| O|  |TAMS 0x0000000081400000, 0x0000000081300000| Untracked 
|  20|0x0000000081400000, 0x0000000081500000, 0x0000000081500000|100%|HS|  |TAMS 0x0000000081500000, 0x0000000081400000| Complete 
|  21|0x0000000081500000, 0x0000000081600000, 0x0000000081600000|100%|HC|  |TAMS 0x0000000081600000, 0x0000000081500000| Complete 
|  22|0x0000000081600000, 0x0000000081700000, 0x0000000081700000|100%|HS|  |TAMS 0x0000000081700000, 0x0000000081600000| Complete 
|  23|0x0000000081700000, 0x0000000081800000, 0x0000000081800000|100%|HC|  |TAMS 0x0000000081800000, 0x0000000081700000| Complete 
|  24|0x0000000081800000, 0x0000000081900000, 0x0000000081900000|100%|HC|  |TAMS 0x0000000081900000, 0x0000000081800000| Complete 
|  25|0x0000000081900000, 0x0000000081a00000, 0x0000000081a00000|100%| O|  |TAMS 0x0000000081a00000, 0x0000000081900000| Untracked 
|  26|0x0000000081a00000, 0x0000000081b00000, 0x0000000081b00000|100%|HS|  |TAMS 0x0000000081b00000, 0x0000000081a00000| Complete 
|  27|0x0000000081b00000, 0x0000000081c00000, 0x0000000081c00000|100%|HC|  |TAMS 0x0000000081c00000, 0x0000000081b00000| Complete 
|  28|0x0000000081c00000, 0x0000000081d00000, 0x0000000081d00000|100%|HC|  |TAMS 0x0000000081d00000, 0x0000000081c00000| Complete 
|  29|0x0000000081d00000, 0x0000000081e00000, 0x0000000081e00000|100%|HS|  |TAMS 0x0000000081e00000, 0x0000000081d00000| Complete 
|  30|0x0000000081e00000, 0x0000000081f00000, 0x0000000081f00000|100%|HC|  |TAMS 0x0000000081f00000, 0x0000000081e00000| Complete 
|  31|0x0000000081f00000, 0x0000000082000000, 0x0000000082000000|100%|HS|  |TAMS 0x0000000082000000, 0x0000000081f00000| Complete 
|  32|0x0000000082000000, 0x0000000082100000, 0x0000000082100000|100%|HC|  |TAMS 0x0000000082100000, 0x0000000082000000| Complete 
|  33|0x0000000082100000, 0x0000000082200000, 0x0000000082200000|100%|HC|  |TAMS 0x0000000082200000, 0x0000000082100000| Complete 
|  34|0x0000000082200000, 0x0000000082300000, 0x0000000082300000|100%|HC|  |TAMS 0x0000000082300000, 0x0000000082200000| Complete 
|  35|0x0000000082300000, 0x0000000082400000, 0x0000000082400000|100%|HC|  |TAMS 0x0000000082400000, 0x0000000082300000| Complete 
|  36|0x0000000082400000, 0x0000000082500000, 0x0000000082500000|100%|HC|  |TAMS 0x0000000082500000, 0x0000000082400000| Complete 
|  37|0x0000000082500000, 0x0000000082600000, 0x0000000082600000|100%|HC|  |TAMS 0x0000000082600000, 0x0000000082500000| Complete 
|  38|0x0000000082600000, 0x0000000082700000, 0x0000000082700000|100%|HC|  |TAMS 0x0000000082700000, 0x0000000082600000| Complete 
|  39|0x0000000082700000, 0x0000000082800000, 0x0000000082800000|100%|HC|  |TAMS 0x0000000082800000, 0x0000000082700000| Complete 
|  40|0x0000000082800000, 0x0000000082900000, 0x0000000082900000|100%|HC|  |TAMS 0x0000000082900000, 0x0000000082800000| Complete 
|  41|0x0000000082900000, 0x0000000082a00000, 0x0000000082a00000|100%|HS|  |TAMS 0x0000000082a00000, 0x0000000082900000| Complete 
|  42|0x0000000082a00000, 0x0000000082b00000, 0x0000000082b00000|100%|HC|  |TAMS 0x0000000082b00000, 0x0000000082a00000| Complete 
|  43|0x0000000082b00000, 0x0000000082c00000, 0x0000000082c00000|100%| O|  |TAMS 0x0000000082c00000, 0x0000000082b00000| Untracked 
|  44|0x0000000082c00000, 0x0000000082d00000, 0x0000000082d00000|100%| O|  |TAMS 0x0000000082d00000, 0x0000000082c00000| Untracked 
|  45|0x0000000082d00000, 0x0000000082e00000, 0x0000000082e00000|100%|HS|  |TAMS 0x0000000082e00000, 0x0000000082d00000| Complete 
|  46|0x0000000082e00000, 0x0000000082f00000, 0x0000000082f00000|100%|HC|  |TAMS 0x0000000082f00000, 0x0000000082e00000| Complete 
|  47|0x0000000082f00000, 0x0000000083000000, 0x0000000083000000|100%|HC|  |TAMS 0x0000000083000000, 0x0000000082f00000| Complete 
|  48|0x0000000083000000, 0x0000000083100000, 0x0000000083100000|100%|HC|  |TAMS 0x0000000083100000, 0x0000000083000000| Complete 
|  49|0x0000000083100000, 0x0000000083200000, 0x0000000083200000|100%|HC|  |TAMS 0x0000000083200000, 0x0000000083100000| Complete 
|  50|0x0000000083200000, 0x0000000083300000, 0x0000000083300000|100%|HC|  |TAMS 0x0000000083300000, 0x0000000083200000| Complete 
|  51|0x0000000083300000, 0x0000000083400000, 0x0000000083400000|100%|HS|  |TAMS 0x0000000083400000, 0x0000000083300000| Complete 
|  52|0x0000000083400000, 0x0000000083500000, 0x0000000083500000|100%| O|  |TAMS 0x0000000083500000, 0x0000000083400000| Untracked 
|  53|0x0000000083500000, 0x0000000083600000, 0x0000000083600000|100%| O|  |TAMS 0x0000000083600000, 0x0000000083500000| Untracked 
|  54|0x0000000083600000, 0x0000000083700000, 0x0000000083700000|100%| O|  |TAMS 0x0000000083700000, 0x0000000083600000| Untracked 
|  55|0x0000000083700000, 0x0000000083800000, 0x0000000083800000|100%| O|  |TAMS 0x0000000083800000, 0x0000000083700000| Untracked 
|  56|0x0000000083800000, 0x0000000083900000, 0x0000000083900000|100%| O|  |TAMS 0x0000000083900000, 0x0000000083800000| Untracked 
|  57|0x0000000083900000, 0x0000000083a00000, 0x0000000083a00000|100%| O|  |TAMS 0x0000000083a00000, 0x0000000083900000| Untracked 
|  58|0x0000000083a00000, 0x0000000083b00000, 0x0000000083b00000|100%| O|  |TAMS 0x0000000083b00000, 0x0000000083a00000| Untracked 
|  59|0x0000000083b00000, 0x0000000083c00000, 0x0000000083c00000|100%| O|  |TAMS 0x0000000083c00000, 0x0000000083b00000| Untracked 
|  60|0x0000000083c00000, 0x0000000083d00000, 0x0000000083d00000|100%| O|  |TAMS 0x0000000083d00000, 0x0000000083c00000| Untracked 
|  61|0x0000000083d00000, 0x0000000083e00000, 0x0000000083e00000|100%| O|  |TAMS 0x0000000083e00000, 0x0000000083d00000| Untracked 
|  62|0x0000000083e00000, 0x0000000083f00000, 0x0000000083f00000|100%| O|  |TAMS 0x0000000083f00000, 0x0000000083e00000| Untracked 
|  63|0x0000000083f00000, 0x0000000084000000, 0x0000000084000000|100%|HS|  |TAMS 0x0000000084000000, 0x0000000083f00000| Complete 
|  64|0x0000000084000000, 0x0000000084100000, 0x0000000084100000|100%|HC|  |TAMS 0x0000000084100000, 0x0000000084000000| Complete 
|  65|0x0000000084100000, 0x0000000084200000, 0x0000000084200000|100%| O|  |TAMS 0x0000000084100000, 0x0000000084100000| Untracked 
|  66|0x0000000084200000, 0x0000000084300000, 0x0000000084300000|100%| O|  |TAMS 0x0000000084200000, 0x0000000084200000| Untracked 
|  67|0x0000000084300000, 0x0000000084400000, 0x0000000084400000|100%| O|  |TAMS 0x0000000084300000, 0x0000000084300000| Untracked 
|  68|0x0000000084400000, 0x0000000084500000, 0x0000000084500000|100%|HS|  |TAMS 0x0000000084500000, 0x0000000084400000| Complete 
|  69|0x0000000084500000, 0x0000000084600000, 0x0000000084600000|100%|HC|  |TAMS 0x0000000084600000, 0x0000000084500000| Complete 
|  70|0x0000000084600000, 0x0000000084700000, 0x0000000084700000|100%|HC|  |TAMS 0x0000000084700000, 0x0000000084600000| Complete 
|  71|0x0000000084700000, 0x0000000084800000, 0x0000000084800000|100%|HC|  |TAMS 0x0000000084800000, 0x0000000084700000| Complete 
|  72|0x0000000084800000, 0x0000000084900000, 0x0000000084900000|100%|HC|  |TAMS 0x0000000084900000, 0x0000000084800000| Complete 
|  73|0x0000000084900000, 0x0000000084a00000, 0x0000000084a00000|100%|HC|  |TAMS 0x0000000084a00000, 0x0000000084900000| Complete 
|  74|0x0000000084a00000, 0x0000000084b00000, 0x0000000084b00000|100%|HC|  |TAMS 0x0000000084b00000, 0x0000000084a00000| Complete 
|  75|0x0000000084b00000, 0x0000000084c00000, 0x0000000084c00000|100%|HC|  |TAMS 0x0000000084c00000, 0x0000000084b00000| Complete 
|  76|0x0000000084c00000, 0x0000000084d00000, 0x0000000084d00000|100%|HC|  |TAMS 0x0000000084d00000, 0x0000000084c00000| Complete 
|  77|0x0000000084d00000, 0x0000000084e00000, 0x0000000084e00000|100%|HC|  |TAMS 0x0000000084e00000, 0x0000000084d00000| Complete 
|  78|0x0000000084e00000, 0x0000000084f00000, 0x0000000084f00000|100%| O|  |TAMS 0x0000000084f00000, 0x0000000084e00000| Untracked 
|  79|0x0000000084f00000, 0x0000000085000000, 0x0000000085000000|100%| O|  |TAMS 0x0000000084f00000, 0x0000000084f00000| Untracked 
|  80|0x0000000085000000, 0x0000000085100000, 0x0000000085100000|100%| O|  |TAMS 0x0000000085000000, 0x0000000085000000| Untracked 
|  81|0x0000000085100000, 0x0000000085200000, 0x0000000085200000|100%| O|  |TAMS 0x0000000085100000, 0x0000000085100000| Untracked 
|  82|0x0000000085200000, 0x0000000085200000, 0x0000000085300000|  0%| F|  |TAMS 0x0000000085200000, 0x0000000085200000| Untracked 
|  83|0x0000000085300000, 0x0000000085400000, 0x0000000085400000|100%| O|  |TAMS 0x0000000085400000, 0x0000000085300000| Untracked 
|  84|0x0000000085400000, 0x0000000085500000, 0x0000000085500000|100%| O|  |TAMS 0x0000000085500000, 0x0000000085400000| Untracked 
|  85|0x0000000085500000, 0x0000000085600000, 0x0000000085600000|100%| O|  |TAMS 0x0000000085600000, 0x0000000085500000| Untracked 
|  86|0x0000000085600000, 0x0000000085700000, 0x0000000085700000|100%| O|  |TAMS 0x0000000085700000, 0x0000000085600000| Untracked 
|  87|0x0000000085700000, 0x0000000085800000, 0x0000000085800000|100%| O|  |TAMS 0x0000000085800000, 0x0000000085700000| Untracked 
|  88|0x0000000085800000, 0x0000000085900000, 0x0000000085900000|100%| O|  |TAMS 0x0000000085900000, 0x0000000085800000| Untracked 
|  89|0x0000000085900000, 0x0000000085a00000, 0x0000000085a00000|100%| O|  |TAMS 0x0000000085994000, 0x0000000085900000| Untracked 
|  90|0x0000000085a00000, 0x0000000085b00000, 0x0000000085b00000|100%| O|  |TAMS 0x0000000085a00000, 0x0000000085a00000| Untracked 
|  91|0x0000000085b00000, 0x0000000085b04200, 0x0000000085c00000|  1%| O|  |TAMS 0x0000000085b00000, 0x0000000085b00000| Untracked 
|  92|0x0000000085c00000, 0x0000000085c00000, 0x0000000085d00000|  0%| F|  |TAMS 0x0000000085c00000, 0x0000000085c00000| Untracked 
|  93|0x0000000085d00000, 0x0000000085d00000, 0x0000000085e00000|  0%| F|  |TAMS 0x0000000085d00000, 0x0000000085d00000| Untracked 
|  94|0x0000000085e00000, 0x0000000085e00000, 0x0000000085f00000|  0%| F|  |TAMS 0x0000000085e00000, 0x0000000085e00000| Untracked 
|  95|0x0000000085f00000, 0x0000000085f00000, 0x0000000086000000|  0%| F|  |TAMS 0x0000000085f00000, 0x0000000085f00000| Untracked 
|  96|0x0000000086000000, 0x0000000086000000, 0x0000000086100000|  0%| F|  |TAMS 0x0000000086000000, 0x0000000086000000| Untracked 
|  97|0x0000000086100000, 0x0000000086100000, 0x0000000086200000|  0%| F|  |TAMS 0x0000000086100000, 0x0000000086100000| Untracked 
|  98|0x0000000086200000, 0x0000000086200000, 0x0000000086300000|  0%| F|  |TAMS 0x0000000086200000, 0x0000000086200000| Untracked 
|  99|0x0000000086300000, 0x0000000086300000, 0x0000000086400000|  0%| F|  |TAMS 0x0000000086300000, 0x0000000086300000| Untracked 
| 100|0x0000000086400000, 0x0000000086400000, 0x0000000086500000|  0%| F|  |TAMS 0x0000000086400000, 0x0000000086400000| Untracked 
| 101|0x0000000086500000, 0x0000000086500000, 0x0000000086600000|  0%| F|  |TAMS 0x0000000086500000, 0x0000000086500000| Untracked 
| 102|0x0000000086600000, 0x0000000086600000, 0x0000000086700000|  0%| F|  |TAMS 0x0000000086600000, 0x0000000086600000| Untracked 
| 103|0x0000000086700000, 0x0000000086700000, 0x0000000086800000|  0%| F|  |TAMS 0x0000000086700000, 0x0000000086700000| Untracked 
| 104|0x0000000086800000, 0x0000000086800000, 0x0000000086900000|  0%| F|  |TAMS 0x0000000086800000, 0x0000000086800000| Untracked 
| 105|0x0000000086900000, 0x0000000086900000, 0x0000000086a00000|  0%| F|  |TAMS 0x0000000086900000, 0x0000000086900000| Untracked 
| 106|0x0000000086a00000, 0x0000000086a00000, 0x0000000086b00000|  0%| F|  |TAMS 0x0000000086a00000, 0x0000000086a00000| Untracked 
| 107|0x0000000086b00000, 0x0000000086b00000, 0x0000000086c00000|  0%| F|  |TAMS 0x0000000086b00000, 0x0000000086b00000| Untracked 
| 108|0x0000000086c00000, 0x0000000086c00000, 0x0000000086d00000|  0%| F|  |TAMS 0x0000000086c00000, 0x0000000086c00000| Untracked 
| 109|0x0000000086d00000, 0x0000000086d00000, 0x0000000086e00000|  0%| F|  |TAMS 0x0000000086d00000, 0x0000000086d00000| Untracked 
| 110|0x0000000086e00000, 0x0000000086e00000, 0x0000000086f00000|  0%| F|  |TAMS 0x0000000086e00000, 0x0000000086e00000| Untracked 
| 111|0x0000000086f00000, 0x0000000086f00000, 0x0000000087000000|  0%| F|  |TAMS 0x0000000086f00000, 0x0000000086f00000| Untracked 
| 112|0x0000000087000000, 0x0000000087000000, 0x0000000087100000|  0%| F|  |TAMS 0x0000000087000000, 0x0000000087000000| Untracked 
| 113|0x0000000087100000, 0x0000000087100000, 0x0000000087200000|  0%| F|  |TAMS 0x0000000087100000, 0x0000000087100000| Untracked 
| 114|0x0000000087200000, 0x0000000087200000, 0x0000000087300000|  0%| F|  |TAMS 0x0000000087200000, 0x0000000087200000| Untracked 
| 115|0x0000000087300000, 0x0000000087300000, 0x0000000087400000|  0%| F|  |TAMS 0x0000000087300000, 0x0000000087300000| Untracked 
| 116|0x0000000087400000, 0x0000000087400000, 0x0000000087500000|  0%| F|  |TAMS 0x0000000087400000, 0x0000000087400000| Untracked 
| 117|0x0000000087500000, 0x0000000087500000, 0x0000000087600000|  0%| F|  |TAMS 0x0000000087500000, 0x0000000087500000| Untracked 
| 118|0x0000000087600000, 0x0000000087600000, 0x0000000087700000|  0%| F|  |TAMS 0x0000000087600000, 0x0000000087600000| Untracked 
| 119|0x0000000087700000, 0x0000000087700000, 0x0000000087800000|  0%| F|  |TAMS 0x0000000087700000, 0x0000000087700000| Untracked 
| 120|0x0000000087800000, 0x0000000087800000, 0x0000000087900000|  0%| F|  |TAMS 0x0000000087800000, 0x0000000087800000| Untracked 
| 121|0x0000000087900000, 0x0000000087900000, 0x0000000087a00000|  0%| F|  |TAMS 0x0000000087900000, 0x0000000087900000| Untracked 
| 122|0x0000000087a00000, 0x0000000087a00000, 0x0000000087b00000|  0%| F|  |TAMS 0x0000000087a00000, 0x0000000087a00000| Untracked 
| 123|0x0000000087b00000, 0x0000000087b00000, 0x0000000087c00000|  0%| F|  |TAMS 0x0000000087b00000, 0x0000000087b00000| Untracked 
| 124|0x0000000087c00000, 0x0000000087c00000, 0x0000000087d00000|  0%| F|  |TAMS 0x0000000087c00000, 0x0000000087c00000| Untracked 
| 125|0x0000000087d00000, 0x0000000087d00000, 0x0000000087e00000|  0%| F|  |TAMS 0x0000000087d00000, 0x0000000087d00000| Untracked 
| 126|0x0000000087e00000, 0x0000000087e00000, 0x0000000087f00000|  0%| F|  |TAMS 0x0000000087e00000, 0x0000000087e00000| Untracked 
| 127|0x0000000087f00000, 0x0000000087f00000, 0x0000000088000000|  0%| F|  |TAMS 0x0000000087f00000, 0x0000000087f00000| Untracked 
| 128|0x0000000088000000, 0x0000000088000000, 0x0000000088100000|  0%| F|  |TAMS 0x0000000088000000, 0x0000000088000000| Untracked 
| 129|0x0000000088100000, 0x0000000088100000, 0x0000000088200000|  0%| F|  |TAMS 0x0000000088100000, 0x0000000088100000| Untracked 
| 130|0x0000000088200000, 0x0000000088200000, 0x0000000088300000|  0%| F|  |TAMS 0x0000000088200000, 0x0000000088200000| Untracked 
| 131|0x0000000088300000, 0x000000008835a170, 0x0000000088400000| 35%| S|CS|TAMS 0x0000000088300000, 0x0000000088300000| Complete 
| 132|0x0000000088400000, 0x0000000088500000, 0x0000000088500000|100%| S|CS|TAMS 0x0000000088400000, 0x0000000088400000| Complete 
| 133|0x0000000088500000, 0x0000000088500000, 0x0000000088600000|  0%| F|  |TAMS 0x0000000088500000, 0x0000000088500000| Untracked 
| 134|0x0000000088600000, 0x0000000088600000, 0x0000000088700000|  0%| F|  |TAMS 0x0000000088600000, 0x0000000088600000| Untracked 
| 135|0x0000000088700000, 0x0000000088700000, 0x0000000088800000|  0%| F|  |TAMS 0x0000000088700000, 0x0000000088700000| Untracked 
| 136|0x0000000088800000, 0x0000000088900000, 0x0000000088900000|100%| S|CS|TAMS 0x0000000088800000, 0x0000000088800000| Complete 
| 137|0x0000000088900000, 0x0000000088a00000, 0x0000000088a00000|100%| S|CS|TAMS 0x0000000088900000, 0x0000000088900000| Complete 
| 138|0x0000000088a00000, 0x0000000088a00000, 0x0000000088b00000|  0%| F|  |TAMS 0x0000000088a00000, 0x0000000088a00000| Untracked 
| 139|0x0000000088b00000, 0x0000000088b00000, 0x0000000088c00000|  0%| F|  |TAMS 0x0000000088b00000, 0x0000000088b00000| Untracked 
| 140|0x0000000088c00000, 0x0000000088d00000, 0x0000000088d00000|100%| S|CS|TAMS 0x0000000088c00000, 0x0000000088c00000| Complete 
| 141|0x0000000088d00000, 0x0000000088e00000, 0x0000000088e00000|100%| S|CS|TAMS 0x0000000088d00000, 0x0000000088d00000| Complete 
| 142|0x0000000088e00000, 0x0000000088f00000, 0x0000000088f00000|100%| S|CS|TAMS 0x0000000088e00000, 0x0000000088e00000| Complete 
| 143|0x0000000088f00000, 0x0000000088f00000, 0x0000000089000000|  0%| F|  |TAMS 0x0000000088f00000, 0x0000000088f00000| Untracked 
| 144|0x0000000089000000, 0x0000000089000000, 0x0000000089100000|  0%| F|  |TAMS 0x0000000089000000, 0x0000000089000000| Untracked 
| 145|0x0000000089100000, 0x0000000089100000, 0x0000000089200000|  0%| F|  |TAMS 0x0000000089100000, 0x0000000089100000| Untracked 
| 146|0x0000000089200000, 0x0000000089200000, 0x0000000089300000|  0%| F|  |TAMS 0x0000000089200000, 0x0000000089200000| Untracked 
| 147|0x0000000089300000, 0x0000000089300000, 0x0000000089400000|  0%| F|  |TAMS 0x0000000089300000, 0x0000000089300000| Untracked 
| 148|0x0000000089400000, 0x0000000089400000, 0x0000000089500000|  0%| F|  |TAMS 0x0000000089400000, 0x0000000089400000| Untracked 
| 149|0x0000000089500000, 0x0000000089500000, 0x0000000089600000|  0%| F|  |TAMS 0x0000000089500000, 0x0000000089500000| Untracked 
| 150|0x0000000089600000, 0x0000000089600000, 0x0000000089700000|  0%| F|  |TAMS 0x0000000089600000, 0x0000000089600000| Untracked 
| 151|0x0000000089700000, 0x0000000089700000, 0x0000000089800000|  0%| F|  |TAMS 0x0000000089700000, 0x0000000089700000| Untracked 
| 152|0x0000000089800000, 0x0000000089800000, 0x0000000089900000|  0%| F|  |TAMS 0x0000000089800000, 0x0000000089800000| Untracked 
| 153|0x0000000089900000, 0x0000000089900000, 0x0000000089a00000|  0%| F|  |TAMS 0x0000000089900000, 0x0000000089900000| Untracked 
| 154|0x0000000089a00000, 0x0000000089a00000, 0x0000000089b00000|  0%| F|  |TAMS 0x0000000089a00000, 0x0000000089a00000| Untracked 
| 155|0x0000000089b00000, 0x0000000089b00000, 0x0000000089c00000|  0%| F|  |TAMS 0x0000000089b00000, 0x0000000089b00000| Untracked 
| 156|0x0000000089c00000, 0x0000000089c00000, 0x0000000089d00000|  0%| F|  |TAMS 0x0000000089c00000, 0x0000000089c00000| Untracked 
| 157|0x0000000089d00000, 0x0000000089d00000, 0x0000000089e00000|  0%| F|  |TAMS 0x0000000089d00000, 0x0000000089d00000| Untracked 
| 158|0x0000000089e00000, 0x0000000089e00000, 0x0000000089f00000|  0%| F|  |TAMS 0x0000000089e00000, 0x0000000089e00000| Untracked 
| 159|0x0000000089f00000, 0x0000000089f00000, 0x000000008a000000|  0%| F|  |TAMS 0x0000000089f00000, 0x0000000089f00000| Untracked 
| 160|0x000000008a000000, 0x000000008a000000, 0x000000008a100000|  0%| F|  |TAMS 0x000000008a000000, 0x000000008a000000| Untracked 
| 161|0x000000008a100000, 0x000000008a100000, 0x000000008a200000|  0%| F|  |TAMS 0x000000008a100000, 0x000000008a100000| Untracked 
| 162|0x000000008a200000, 0x000000008a200000, 0x000000008a300000|  0%| F|  |TAMS 0x000000008a200000, 0x000000008a200000| Untracked 
| 163|0x000000008a300000, 0x000000008a300000, 0x000000008a400000|  0%| F|  |TAMS 0x000000008a300000, 0x000000008a300000| Untracked 
| 164|0x000000008a400000, 0x000000008a400000, 0x000000008a500000|  0%| F|  |TAMS 0x000000008a400000, 0x000000008a400000| Untracked 
| 165|0x000000008a500000, 0x000000008a500000, 0x000000008a600000|  0%| F|  |TAMS 0x000000008a500000, 0x000000008a500000| Untracked 
| 166|0x000000008a600000, 0x000000008a600000, 0x000000008a700000|  0%| F|  |TAMS 0x000000008a600000, 0x000000008a600000| Untracked 
| 167|0x000000008a700000, 0x000000008a700000, 0x000000008a800000|  0%| F|  |TAMS 0x000000008a700000, 0x000000008a700000| Untracked 
| 168|0x000000008a800000, 0x000000008a800000, 0x000000008a900000|  0%| F|  |TAMS 0x000000008a800000, 0x000000008a800000| Untracked 
| 169|0x000000008a900000, 0x000000008a900000, 0x000000008aa00000|  0%| F|  |TAMS 0x000000008a900000, 0x000000008a900000| Untracked 
| 170|0x000000008aa00000, 0x000000008aa00000, 0x000000008ab00000|  0%| F|  |TAMS 0x000000008aa00000, 0x000000008aa00000| Untracked 
| 171|0x000000008ab00000, 0x000000008ab00000, 0x000000008ac00000|  0%| F|  |TAMS 0x000000008ab00000, 0x000000008ab00000| Untracked 
| 172|0x000000008ac00000, 0x000000008ac00000, 0x000000008ad00000|  0%| F|  |TAMS 0x000000008ac00000, 0x000000008ac00000| Untracked 
| 173|0x000000008ad00000, 0x000000008ad00000, 0x000000008ae00000|  0%| F|  |TAMS 0x000000008ad00000, 0x000000008ad00000| Untracked 
| 174|0x000000008ae00000, 0x000000008ae00000, 0x000000008af00000|  0%| F|  |TAMS 0x000000008ae00000, 0x000000008ae00000| Untracked 
| 175|0x000000008af00000, 0x000000008af00000, 0x000000008b000000|  0%| F|  |TAMS 0x000000008af00000, 0x000000008af00000| Untracked 
| 176|0x000000008b000000, 0x000000008b000000, 0x000000008b100000|  0%| F|  |TAMS 0x000000008b000000, 0x000000008b000000| Untracked 
| 177|0x000000008b100000, 0x000000008b100000, 0x000000008b200000|  0%| F|  |TAMS 0x000000008b100000, 0x000000008b100000| Untracked 
| 178|0x000000008b200000, 0x000000008b200000, 0x000000008b300000|  0%| F|  |TAMS 0x000000008b200000, 0x000000008b200000| Untracked 
| 179|0x000000008b300000, 0x000000008b300000, 0x000000008b400000|  0%| F|  |TAMS 0x000000008b300000, 0x000000008b300000| Untracked 
| 180|0x000000008b400000, 0x000000008b400000, 0x000000008b500000|  0%| F|  |TAMS 0x000000008b400000, 0x000000008b400000| Untracked 
| 181|0x000000008b500000, 0x000000008b500000, 0x000000008b600000|  0%| F|  |TAMS 0x000000008b500000, 0x000000008b500000| Untracked 
| 182|0x000000008b600000, 0x000000008b600000, 0x000000008b700000|  0%| F|  |TAMS 0x000000008b600000, 0x000000008b600000| Untracked 
| 183|0x000000008b700000, 0x000000008b700000, 0x000000008b800000|  0%| F|  |TAMS 0x000000008b700000, 0x000000008b700000| Untracked 
| 184|0x000000008b800000, 0x000000008b800000, 0x000000008b900000|  0%| F|  |TAMS 0x000000008b800000, 0x000000008b800000| Untracked 
| 185|0x000000008b900000, 0x000000008b900000, 0x000000008ba00000|  0%| F|  |TAMS 0x000000008b900000, 0x000000008b900000| Untracked 
| 186|0x000000008ba00000, 0x000000008ba00000, 0x000000008bb00000|  0%| F|  |TAMS 0x000000008ba00000, 0x000000008ba00000| Untracked 
| 187|0x000000008bb00000, 0x000000008bb00000, 0x000000008bc00000|  0%| F|  |TAMS 0x000000008bb00000, 0x000000008bb00000| Untracked 
| 188|0x000000008bc00000, 0x000000008bc00000, 0x000000008bd00000|  0%| F|  |TAMS 0x000000008bc00000, 0x000000008bc00000| Untracked 
| 189|0x000000008bd00000, 0x000000008bd00000, 0x000000008be00000|  0%| F|  |TAMS 0x000000008bd00000, 0x000000008bd00000| Untracked 
| 190|0x000000008be00000, 0x000000008be00000, 0x000000008bf00000|  0%| F|  |TAMS 0x000000008be00000, 0x000000008be00000| Untracked 
| 191|0x000000008bf00000, 0x000000008bf00000, 0x000000008c000000|  0%| F|  |TAMS 0x000000008bf00000, 0x000000008bf00000| Untracked 
| 192|0x000000008c000000, 0x000000008c000000, 0x000000008c100000|  0%| F|  |TAMS 0x000000008c000000, 0x000000008c000000| Untracked 
| 193|0x000000008c100000, 0x000000008c100000, 0x000000008c200000|  0%| F|  |TAMS 0x000000008c100000, 0x000000008c100000| Untracked 
| 194|0x000000008c200000, 0x000000008c200000, 0x000000008c300000|  0%| F|  |TAMS 0x000000008c200000, 0x000000008c200000| Untracked 
| 195|0x000000008c300000, 0x000000008c300000, 0x000000008c400000|  0%| F|  |TAMS 0x000000008c300000, 0x000000008c300000| Untracked 
| 196|0x000000008c400000, 0x000000008c400000, 0x000000008c500000|  0%| F|  |TAMS 0x000000008c400000, 0x000000008c400000| Untracked 
| 197|0x000000008c500000, 0x000000008c500000, 0x000000008c600000|  0%| F|  |TAMS 0x000000008c500000, 0x000000008c500000| Untracked 
| 198|0x000000008c600000, 0x000000008c600000, 0x000000008c700000|  0%| F|  |TAMS 0x000000008c600000, 0x000000008c600000| Untracked 
| 199|0x000000008c700000, 0x000000008c700000, 0x000000008c800000|  0%| F|  |TAMS 0x000000008c700000, 0x000000008c700000| Untracked 
| 200|0x000000008c800000, 0x000000008c800000, 0x000000008c900000|  0%| F|  |TAMS 0x000000008c800000, 0x000000008c800000| Untracked 
| 201|0x000000008c900000, 0x000000008c900000, 0x000000008ca00000|  0%| F|  |TAMS 0x000000008c900000, 0x000000008c900000| Untracked 
| 202|0x000000008ca00000, 0x000000008ca00000, 0x000000008cb00000|  0%| F|  |TAMS 0x000000008ca00000, 0x000000008ca00000| Untracked 
| 203|0x000000008cb00000, 0x000000008cb00000, 0x000000008cc00000|  0%| F|  |TAMS 0x000000008cb00000, 0x000000008cb00000| Untracked 
| 204|0x000000008cc00000, 0x000000008cc00000, 0x000000008cd00000|  0%| F|  |TAMS 0x000000008cc00000, 0x000000008cc00000| Untracked 
| 205|0x000000008cd00000, 0x000000008cd00000, 0x000000008ce00000|  0%| F|  |TAMS 0x000000008cd00000, 0x000000008cd00000| Untracked 
| 206|0x000000008ce00000, 0x000000008ce00000, 0x000000008cf00000|  0%| F|  |TAMS 0x000000008ce00000, 0x000000008ce00000| Untracked 
| 207|0x000000008cf00000, 0x000000008cf00000, 0x000000008d000000|  0%| F|  |TAMS 0x000000008cf00000, 0x000000008cf00000| Untracked 
| 208|0x000000008d000000, 0x000000008d000000, 0x000000008d100000|  0%| F|  |TAMS 0x000000008d000000, 0x000000008d000000| Untracked 
| 209|0x000000008d100000, 0x000000008d100000, 0x000000008d200000|  0%| F|  |TAMS 0x000000008d100000, 0x000000008d100000| Untracked 
| 210|0x000000008d200000, 0x000000008d200000, 0x000000008d300000|  0%| F|  |TAMS 0x000000008d200000, 0x000000008d200000| Untracked 
| 211|0x000000008d300000, 0x000000008d300000, 0x000000008d400000|  0%| F|  |TAMS 0x000000008d300000, 0x000000008d300000| Untracked 
| 212|0x000000008d400000, 0x000000008d400000, 0x000000008d500000|  0%| F|  |TAMS 0x000000008d400000, 0x000000008d400000| Untracked 
| 213|0x000000008d500000, 0x000000008d500000, 0x000000008d600000|  0%| F|  |TAMS 0x000000008d500000, 0x000000008d500000| Untracked 
| 214|0x000000008d600000, 0x000000008d600000, 0x000000008d700000|  0%| F|  |TAMS 0x000000008d600000, 0x000000008d600000| Untracked 
| 215|0x000000008d700000, 0x000000008d700000, 0x000000008d800000|  0%| F|  |TAMS 0x000000008d700000, 0x000000008d700000| Untracked 
| 216|0x000000008d800000, 0x000000008d800000, 0x000000008d900000|  0%| F|  |TAMS 0x000000008d800000, 0x000000008d800000| Untracked 
| 217|0x000000008d900000, 0x000000008d900000, 0x000000008da00000|  0%| F|  |TAMS 0x000000008d900000, 0x000000008d900000| Untracked 
| 218|0x000000008da00000, 0x000000008da00000, 0x000000008db00000|  0%| F|  |TAMS 0x000000008da00000, 0x000000008da00000| Untracked 
| 219|0x000000008db00000, 0x000000008db00000, 0x000000008dc00000|  0%| F|  |TAMS 0x000000008db00000, 0x000000008db00000| Untracked 
| 220|0x000000008dc00000, 0x000000008dc00000, 0x000000008dd00000|  0%| F|  |TAMS 0x000000008dc00000, 0x000000008dc00000| Untracked 
| 221|0x000000008dd00000, 0x000000008dd00000, 0x000000008de00000|  0%| F|  |TAMS 0x000000008dd00000, 0x000000008dd00000| Untracked 
| 222|0x000000008de00000, 0x000000008de00000, 0x000000008df00000|  0%| F|  |TAMS 0x000000008de00000, 0x000000008de00000| Untracked 
| 223|0x000000008df00000, 0x000000008df00000, 0x000000008e000000|  0%| F|  |TAMS 0x000000008df00000, 0x000000008df00000| Untracked 
| 224|0x000000008e000000, 0x000000008e000000, 0x000000008e100000|  0%| F|  |TAMS 0x000000008e000000, 0x000000008e000000| Untracked 
| 225|0x000000008e100000, 0x000000008e100000, 0x000000008e200000|  0%| F|  |TAMS 0x000000008e100000, 0x000000008e100000| Untracked 
| 226|0x000000008e200000, 0x000000008e200000, 0x000000008e300000|  0%| F|  |TAMS 0x000000008e200000, 0x000000008e200000| Untracked 
| 227|0x000000008e300000, 0x000000008e300000, 0x000000008e400000|  0%| F|  |TAMS 0x000000008e300000, 0x000000008e300000| Untracked 
| 228|0x000000008e400000, 0x000000008e400000, 0x000000008e500000|  0%| F|  |TAMS 0x000000008e400000, 0x000000008e400000| Untracked 
| 229|0x000000008e500000, 0x000000008e500000, 0x000000008e600000|  0%| F|  |TAMS 0x000000008e500000, 0x000000008e500000| Untracked 
| 230|0x000000008e600000, 0x000000008e600000, 0x000000008e700000|  0%| F|  |TAMS 0x000000008e600000, 0x000000008e600000| Untracked 
| 231|0x000000008e700000, 0x000000008e700000, 0x000000008e800000|  0%| F|  |TAMS 0x000000008e700000, 0x000000008e700000| Untracked 
| 232|0x000000008e800000, 0x000000008e800000, 0x000000008e900000|  0%| F|  |TAMS 0x000000008e800000, 0x000000008e800000| Untracked 
| 233|0x000000008e900000, 0x000000008e900000, 0x000000008ea00000|  0%| F|  |TAMS 0x000000008e900000, 0x000000008e900000| Untracked 
| 234|0x000000008ea00000, 0x000000008ea00000, 0x000000008eb00000|  0%| F|  |TAMS 0x000000008ea00000, 0x000000008ea00000| Untracked 
| 235|0x000000008eb00000, 0x000000008eb00000, 0x000000008ec00000|  0%| F|  |TAMS 0x000000008eb00000, 0x000000008eb00000| Untracked 
| 236|0x000000008ec00000, 0x000000008ec00000, 0x000000008ed00000|  0%| F|  |TAMS 0x000000008ec00000, 0x000000008ec00000| Untracked 
| 237|0x000000008ed00000, 0x000000008ed00000, 0x000000008ee00000|  0%| F|  |TAMS 0x000000008ed00000, 0x000000008ed00000| Untracked 
| 238|0x000000008ee00000, 0x000000008ee00000, 0x000000008ef00000|  0%| F|  |TAMS 0x000000008ee00000, 0x000000008ee00000| Untracked 
| 239|0x000000008ef00000, 0x000000008ef00000, 0x000000008f000000|  0%| F|  |TAMS 0x000000008ef00000, 0x000000008ef00000| Untracked 
| 240|0x000000008f000000, 0x000000008f000000, 0x000000008f100000|  0%| F|  |TAMS 0x000000008f000000, 0x000000008f000000| Untracked 
| 241|0x000000008f100000, 0x000000008f100000, 0x000000008f200000|  0%| F|  |TAMS 0x000000008f100000, 0x000000008f100000| Untracked 
| 242|0x000000008f200000, 0x000000008f200000, 0x000000008f300000|  0%| F|  |TAMS 0x000000008f200000, 0x000000008f200000| Untracked 
| 243|0x000000008f300000, 0x000000008f300000, 0x000000008f400000|  0%| F|  |TAMS 0x000000008f300000, 0x000000008f300000| Untracked 
| 244|0x000000008f400000, 0x000000008f400000, 0x000000008f500000|  0%| F|  |TAMS 0x000000008f400000, 0x000000008f400000| Untracked 
| 245|0x000000008f500000, 0x000000008f500000, 0x000000008f600000|  0%| F|  |TAMS 0x000000008f500000, 0x000000008f500000| Untracked 
| 246|0x000000008f600000, 0x000000008f600000, 0x000000008f700000|  0%| F|  |TAMS 0x000000008f600000, 0x000000008f600000| Untracked 
| 247|0x000000008f700000, 0x000000008f700000, 0x000000008f800000|  0%| F|  |TAMS 0x000000008f700000, 0x000000008f700000| Untracked 
| 248|0x000000008f800000, 0x000000008f800000, 0x000000008f900000|  0%| F|  |TAMS 0x000000008f800000, 0x000000008f800000| Untracked 
| 249|0x000000008f900000, 0x000000008f900000, 0x000000008fa00000|  0%| F|  |TAMS 0x000000008f900000, 0x000000008f900000| Untracked 
| 250|0x000000008fa00000, 0x000000008fa00000, 0x000000008fb00000|  0%| F|  |TAMS 0x000000008fa00000, 0x000000008fa00000| Untracked 
| 251|0x000000008fb00000, 0x000000008fb00000, 0x000000008fc00000|  0%| F|  |TAMS 0x000000008fb00000, 0x000000008fb00000| Untracked 
| 252|0x000000008fc00000, 0x000000008fc00000, 0x000000008fd00000|  0%| F|  |TAMS 0x000000008fc00000, 0x000000008fc00000| Untracked 
| 253|0x000000008fd00000, 0x000000008fd00000, 0x000000008fe00000|  0%| F|  |TAMS 0x000000008fd00000, 0x000000008fd00000| Untracked 
| 254|0x000000008fe00000, 0x000000008fe00000, 0x000000008ff00000|  0%| F|  |TAMS 0x000000008fe00000, 0x000000008fe00000| Untracked 
| 255|0x000000008ff00000, 0x000000008ff00000, 0x0000000090000000|  0%| F|  |TAMS 0x000000008ff00000, 0x000000008ff00000| Untracked 
| 256|0x0000000090000000, 0x0000000090000000, 0x0000000090100000|  0%| F|  |TAMS 0x0000000090000000, 0x0000000090000000| Untracked 
| 257|0x0000000090100000, 0x0000000090100000, 0x0000000090200000|  0%| F|  |TAMS 0x0000000090100000, 0x0000000090100000| Untracked 
| 258|0x0000000090200000, 0x0000000090200000, 0x0000000090300000|  0%| F|  |TAMS 0x0000000090200000, 0x0000000090200000| Untracked 
| 259|0x0000000090300000, 0x0000000090300000, 0x0000000090400000|  0%| F|  |TAMS 0x0000000090300000, 0x0000000090300000| Untracked 
| 260|0x0000000090400000, 0x0000000090400000, 0x0000000090500000|  0%| F|  |TAMS 0x0000000090400000, 0x0000000090400000| Untracked 
| 261|0x0000000090500000, 0x0000000090500000, 0x0000000090600000|  0%| F|  |TAMS 0x0000000090500000, 0x0000000090500000| Untracked 
| 262|0x0000000090600000, 0x0000000090600000, 0x0000000090700000|  0%| F|  |TAMS 0x0000000090600000, 0x0000000090600000| Untracked 
| 263|0x0000000090700000, 0x0000000090700000, 0x0000000090800000|  0%| F|  |TAMS 0x0000000090700000, 0x0000000090700000| Untracked 
| 264|0x0000000090800000, 0x0000000090800000, 0x0000000090900000|  0%| F|  |TAMS 0x0000000090800000, 0x0000000090800000| Untracked 
| 265|0x0000000090900000, 0x0000000090900000, 0x0000000090a00000|  0%| F|  |TAMS 0x0000000090900000, 0x0000000090900000| Untracked 
| 266|0x0000000090a00000, 0x0000000090a00000, 0x0000000090b00000|  0%| F|  |TAMS 0x0000000090a00000, 0x0000000090a00000| Untracked 
| 267|0x0000000090b00000, 0x0000000090b00000, 0x0000000090c00000|  0%| F|  |TAMS 0x0000000090b00000, 0x0000000090b00000| Untracked 
| 268|0x0000000090c00000, 0x0000000090c00000, 0x0000000090d00000|  0%| F|  |TAMS 0x0000000090c00000, 0x0000000090c00000| Untracked 
| 269|0x0000000090d00000, 0x0000000090d00000, 0x0000000090e00000|  0%| F|  |TAMS 0x0000000090d00000, 0x0000000090d00000| Untracked 
| 270|0x0000000090e00000, 0x0000000090e00000, 0x0000000090f00000|  0%| F|  |TAMS 0x0000000090e00000, 0x0000000090e00000| Untracked 
| 271|0x0000000090f00000, 0x0000000090f00000, 0x0000000091000000|  0%| F|  |TAMS 0x0000000090f00000, 0x0000000090f00000| Untracked 
| 272|0x0000000091000000, 0x0000000091000000, 0x0000000091100000|  0%| F|  |TAMS 0x0000000091000000, 0x0000000091000000| Untracked 
| 273|0x0000000091100000, 0x0000000091100000, 0x0000000091200000|  0%| F|  |TAMS 0x0000000091100000, 0x0000000091100000| Untracked 
| 274|0x0000000091200000, 0x0000000091200000, 0x0000000091300000|  0%| F|  |TAMS 0x0000000091200000, 0x0000000091200000| Untracked 
| 275|0x0000000091300000, 0x0000000091300000, 0x0000000091400000|  0%| F|  |TAMS 0x0000000091300000, 0x0000000091300000| Untracked 
| 276|0x0000000091400000, 0x0000000091400000, 0x0000000091500000|  0%| F|  |TAMS 0x0000000091400000, 0x0000000091400000| Untracked 
| 277|0x0000000091500000, 0x0000000091500000, 0x0000000091600000|  0%| F|  |TAMS 0x0000000091500000, 0x0000000091500000| Untracked 
| 278|0x0000000091600000, 0x0000000091600000, 0x0000000091700000|  0%| F|  |TAMS 0x0000000091600000, 0x0000000091600000| Untracked 
| 279|0x0000000091700000, 0x0000000091700000, 0x0000000091800000|  0%| F|  |TAMS 0x0000000091700000, 0x0000000091700000| Untracked 
| 280|0x0000000091800000, 0x0000000091800000, 0x0000000091900000|  0%| F|  |TAMS 0x0000000091800000, 0x0000000091800000| Untracked 
| 281|0x0000000091900000, 0x0000000091900000, 0x0000000091a00000|  0%| F|  |TAMS 0x0000000091900000, 0x0000000091900000| Untracked 
| 282|0x0000000091a00000, 0x0000000091a00000, 0x0000000091b00000|  0%| F|  |TAMS 0x0000000091a00000, 0x0000000091a00000| Untracked 
| 283|0x0000000091b00000, 0x0000000091b00000, 0x0000000091c00000|  0%| F|  |TAMS 0x0000000091b00000, 0x0000000091b00000| Untracked 
| 284|0x0000000091c00000, 0x0000000091c00000, 0x0000000091d00000|  0%| F|  |TAMS 0x0000000091c00000, 0x0000000091c00000| Untracked 
| 285|0x0000000091d00000, 0x0000000091d00000, 0x0000000091e00000|  0%| F|  |TAMS 0x0000000091d00000, 0x0000000091d00000| Untracked 
| 286|0x0000000091e00000, 0x0000000091e00000, 0x0000000091f00000|  0%| F|  |TAMS 0x0000000091e00000, 0x0000000091e00000| Untracked 
| 287|0x0000000091f00000, 0x0000000091f00000, 0x0000000092000000|  0%| F|  |TAMS 0x0000000091f00000, 0x0000000091f00000| Untracked 
| 288|0x0000000092000000, 0x0000000092000000, 0x0000000092100000|  0%| F|  |TAMS 0x0000000092000000, 0x0000000092000000| Untracked 
| 289|0x0000000092100000, 0x0000000092100000, 0x0000000092200000|  0%| F|  |TAMS 0x0000000092100000, 0x0000000092100000| Untracked 
| 290|0x0000000092200000, 0x0000000092200000, 0x0000000092300000|  0%| F|  |TAMS 0x0000000092200000, 0x0000000092200000| Untracked 
| 291|0x0000000092300000, 0x0000000092300000, 0x0000000092400000|  0%| F|  |TAMS 0x0000000092300000, 0x0000000092300000| Untracked 
| 292|0x0000000092400000, 0x0000000092400000, 0x0000000092500000|  0%| F|  |TAMS 0x0000000092400000, 0x0000000092400000| Untracked 
| 293|0x0000000092500000, 0x0000000092500000, 0x0000000092600000|  0%| F|  |TAMS 0x0000000092500000, 0x0000000092500000| Untracked 
| 294|0x0000000092600000, 0x0000000092600000, 0x0000000092700000|  0%| F|  |TAMS 0x0000000092600000, 0x0000000092600000| Untracked 
| 295|0x0000000092700000, 0x0000000092700000, 0x0000000092800000|  0%| F|  |TAMS 0x0000000092700000, 0x0000000092700000| Untracked 
| 296|0x0000000092800000, 0x0000000092800000, 0x0000000092900000|  0%| F|  |TAMS 0x0000000092800000, 0x0000000092800000| Untracked 
| 297|0x0000000092900000, 0x0000000092900000, 0x0000000092a00000|  0%| F|  |TAMS 0x0000000092900000, 0x0000000092900000| Untracked 
| 298|0x0000000092a00000, 0x0000000092a00000, 0x0000000092b00000|  0%| F|  |TAMS 0x0000000092a00000, 0x0000000092a00000| Untracked 
| 299|0x0000000092b00000, 0x0000000092b00000, 0x0000000092c00000|  0%| F|  |TAMS 0x0000000092b00000, 0x0000000092b00000| Untracked 
| 300|0x0000000092c00000, 0x0000000092c00000, 0x0000000092d00000|  0%| F|  |TAMS 0x0000000092c00000, 0x0000000092c00000| Untracked 
| 301|0x0000000092d00000, 0x0000000092d00000, 0x0000000092e00000|  0%| F|  |TAMS 0x0000000092d00000, 0x0000000092d00000| Untracked 
| 302|0x0000000092e00000, 0x0000000092e00000, 0x0000000092f00000|  0%| F|  |TAMS 0x0000000092e00000, 0x0000000092e00000| Untracked 
| 303|0x0000000092f00000, 0x0000000092f00000, 0x0000000093000000|  0%| F|  |TAMS 0x0000000092f00000, 0x0000000092f00000| Untracked 
| 304|0x0000000093000000, 0x0000000093000000, 0x0000000093100000|  0%| F|  |TAMS 0x0000000093000000, 0x0000000093000000| Untracked 
| 305|0x0000000093100000, 0x0000000093100000, 0x0000000093200000|  0%| F|  |TAMS 0x0000000093100000, 0x0000000093100000| Untracked 
| 306|0x0000000093200000, 0x0000000093200000, 0x0000000093300000|  0%| F|  |TAMS 0x0000000093200000, 0x0000000093200000| Untracked 
| 307|0x0000000093300000, 0x0000000093300000, 0x0000000093400000|  0%| F|  |TAMS 0x0000000093300000, 0x0000000093300000| Untracked 
| 308|0x0000000093400000, 0x0000000093400000, 0x0000000093500000|  0%| F|  |TAMS 0x0000000093400000, 0x0000000093400000| Untracked 
| 309|0x0000000093500000, 0x0000000093500000, 0x0000000093600000|  0%| F|  |TAMS 0x0000000093500000, 0x0000000093500000| Untracked 
| 310|0x0000000093600000, 0x0000000093600000, 0x0000000093700000|  0%| F|  |TAMS 0x0000000093600000, 0x0000000093600000| Untracked 
| 311|0x0000000093700000, 0x0000000093700000, 0x0000000093800000|  0%| F|  |TAMS 0x0000000093700000, 0x0000000093700000| Untracked 
| 312|0x0000000093800000, 0x0000000093800000, 0x0000000093900000|  0%| F|  |TAMS 0x0000000093800000, 0x0000000093800000| Untracked 
| 313|0x0000000093900000, 0x0000000093900000, 0x0000000093a00000|  0%| F|  |TAMS 0x0000000093900000, 0x0000000093900000| Untracked 
| 314|0x0000000093a00000, 0x0000000093a00000, 0x0000000093b00000|  0%| F|  |TAMS 0x0000000093a00000, 0x0000000093a00000| Untracked 
| 315|0x0000000093b00000, 0x0000000093b00000, 0x0000000093c00000|  0%| F|  |TAMS 0x0000000093b00000, 0x0000000093b00000| Untracked 
| 316|0x0000000093c00000, 0x0000000093c00000, 0x0000000093d00000|  0%| F|  |TAMS 0x0000000093c00000, 0x0000000093c00000| Untracked 
| 317|0x0000000093d00000, 0x0000000093d00000, 0x0000000093e00000|  0%| F|  |TAMS 0x0000000093d00000, 0x0000000093d00000| Untracked 
| 318|0x0000000093e00000, 0x0000000093e00000, 0x0000000093f00000|  0%| F|  |TAMS 0x0000000093e00000, 0x0000000093e00000| Untracked 
| 319|0x0000000093f00000, 0x0000000093f00000, 0x0000000094000000|  0%| F|  |TAMS 0x0000000093f00000, 0x0000000093f00000| Untracked 
| 320|0x0000000094000000, 0x0000000094000000, 0x0000000094100000|  0%| F|  |TAMS 0x0000000094000000, 0x0000000094000000| Untracked 
| 321|0x0000000094100000, 0x0000000094100000, 0x0000000094200000|  0%| F|  |TAMS 0x0000000094100000, 0x0000000094100000| Untracked 
| 322|0x0000000094200000, 0x0000000094200000, 0x0000000094300000|  0%| F|  |TAMS 0x0000000094200000, 0x0000000094200000| Untracked 
| 323|0x0000000094300000, 0x0000000094300000, 0x0000000094400000|  0%| F|  |TAMS 0x0000000094300000, 0x0000000094300000| Untracked 
| 324|0x0000000094400000, 0x0000000094400000, 0x0000000094500000|  0%| F|  |TAMS 0x0000000094400000, 0x0000000094400000| Untracked 
| 325|0x0000000094500000, 0x0000000094500000, 0x0000000094600000|  0%| F|  |TAMS 0x0000000094500000, 0x0000000094500000| Untracked 
| 326|0x0000000094600000, 0x0000000094600000, 0x0000000094700000|  0%| F|  |TAMS 0x0000000094600000, 0x0000000094600000| Untracked 
| 327|0x0000000094700000, 0x0000000094700000, 0x0000000094800000|  0%| F|  |TAMS 0x0000000094700000, 0x0000000094700000| Untracked 
| 328|0x0000000094800000, 0x0000000094800000, 0x0000000094900000|  0%| F|  |TAMS 0x0000000094800000, 0x0000000094800000| Untracked 
| 329|0x0000000094900000, 0x0000000094900000, 0x0000000094a00000|  0%| F|  |TAMS 0x0000000094900000, 0x0000000094900000| Untracked 
| 330|0x0000000094a00000, 0x0000000094a00000, 0x0000000094b00000|  0%| F|  |TAMS 0x0000000094a00000, 0x0000000094a00000| Untracked 
| 331|0x0000000094b00000, 0x0000000094b00000, 0x0000000094c00000|  0%| F|  |TAMS 0x0000000094b00000, 0x0000000094b00000| Untracked 
| 332|0x0000000094c00000, 0x0000000094d00000, 0x0000000094d00000|100%| E|  |TAMS 0x0000000094c00000, 0x0000000094c00000| Complete 
| 333|0x0000000094d00000, 0x0000000094e00000, 0x0000000094e00000|100%| E|CS|TAMS 0x0000000094d00000, 0x0000000094d00000| Complete 
| 334|0x0000000094e00000, 0x0000000094f00000, 0x0000000094f00000|100%| E|CS|TAMS 0x0000000094e00000, 0x0000000094e00000| Complete 
| 335|0x0000000094f00000, 0x0000000095000000, 0x0000000095000000|100%| E|CS|TAMS 0x0000000094f00000, 0x0000000094f00000| Complete 
| 336|0x0000000095000000, 0x0000000095100000, 0x0000000095100000|100%| E|CS|TAMS 0x0000000095000000, 0x0000000095000000| Complete 
| 337|0x0000000095100000, 0x0000000095200000, 0x0000000095200000|100%| E|CS|TAMS 0x0000000095100000, 0x0000000095100000| Complete 
| 338|0x0000000095200000, 0x0000000095300000, 0x0000000095300000|100%| E|CS|TAMS 0x0000000095200000, 0x0000000095200000| Complete 
| 339|0x0000000095300000, 0x0000000095400000, 0x0000000095400000|100%| E|CS|TAMS 0x0000000095300000, 0x0000000095300000| Complete 
| 340|0x0000000095400000, 0x0000000095500000, 0x0000000095500000|100%| E|CS|TAMS 0x0000000095400000, 0x0000000095400000| Complete 
| 341|0x0000000095500000, 0x0000000095600000, 0x0000000095600000|100%| E|CS|TAMS 0x0000000095500000, 0x0000000095500000| Complete 
| 342|0x0000000095600000, 0x0000000095700000, 0x0000000095700000|100%| E|CS|TAMS 0x0000000095600000, 0x0000000095600000| Complete 
| 343|0x0000000095700000, 0x0000000095800000, 0x0000000095800000|100%| E|CS|TAMS 0x0000000095700000, 0x0000000095700000| Complete 
| 344|0x0000000095800000, 0x0000000095900000, 0x0000000095900000|100%| E|CS|TAMS 0x0000000095800000, 0x0000000095800000| Complete 

Card table byte_map: [0x0000020be5880000,0x0000020be5c80000] _byte_map_base: 0x0000020be5480000

Marking Bits (Prev, Next): (CMBitMap*) 0x0000020bd301bc70, (CMBitMap*) 0x0000020bd301bcb0
 Prev Bits: [0x0000020be6080000, 0x0000020be8080000)
 Next Bits: [0x0000020be8080000, 0x0000020bea080000)

Polling page: 0x0000020bd2780000

Metaspace:

Usage:
  Non-class:     39.12 MB used.
      Class:      5.94 MB used.
       Both:     45.07 MB used.

Virtual space:
  Non-class space:       40.00 MB reserved,      39.38 MB ( 98%) committed,  5 nodes.
      Class space:        1.00 GB reserved,       6.12 MB ( <1%) committed,  1 nodes.
             Both:        1.04 GB reserved,      45.50 MB (  4%) committed. 

Chunk freelists:
   Non-Class:  80.00 KB
       Class:  1.82 MB
        Both:  1.90 MB

MaxMetaspaceSize: unlimited
CompressedClassSpaceSize: 1.00 GB
Initial GC threshold: 21.00 MB
Current GC threshold: 75.62 MB
CDS: off
MetaspaceReclaimPolicy: balanced
 - commit_granule_bytes: 65536.
 - commit_granule_words: 8192.
 - virtual_space_node_default_size: 1048576.
 - enlarge_chunks_in_place: 1.
 - new_chunks_are_fully_committed: 0.
 - uncommit_free_chunks: 1.
 - use_allocation_guard: 0.
 - handle_deallocations: 1.


Internal statistics:

num_allocs_failed_limit: 3.
num_arena_births: 412.
num_arena_deaths: 0.
num_vsnodes_births: 6.
num_vsnodes_deaths: 0.
num_space_committed: 728.
num_space_uncommitted: 0.
num_chunks_returned_to_freelist: 3.
num_chunks_taken_from_freelist: 1811.
num_chunk_merges: 3.
num_chunk_splits: 1172.
num_chunks_enlarged: 798.
num_purges: 0.
num_inconsistent_stats: 0.

CodeHeap 'non-profiled nmethods': size=120000Kb used=3100Kb max_used=3100Kb free=116899Kb
 bounds [0x0000020bddf50000, 0x0000020bde260000, 0x0000020be5480000]
CodeHeap 'profiled nmethods': size=120000Kb used=8403Kb max_used=10283Kb free=111596Kb
 bounds [0x0000020bd6480000, 0x0000020bd6e90000, 0x0000020bdd9b0000]
CodeHeap 'non-nmethods': size=5760Kb used=2297Kb max_used=2372Kb free=3462Kb
 bounds [0x0000020bdd9b0000, 0x0000020bddc20000, 0x0000020bddf50000]
 total_blobs=4978 nmethods=4169 adapters=720
 compilation: enabled
              stopped_count=0, restarted_count=0
 full_count=0

Compilation events (20 events):
Event: 27.539 Thread 0x0000020bf020a790 nmethod 4833 0x0000020bde24e310 code [0x0000020bde24e4a0, 0x0000020bde24e5c8]
Event: 27.539 Thread 0x0000020bf020a790 4834       4       org.objectweb.asm.MethodVisitor::visitEnd (15 bytes)
Event: 27.539 Thread 0x0000020bec58cd90 4835       3       org.gradle.internal.classpath.InstrumentingTransformer$InstrumentingMethodVisitor::visitMethodInsn (69 bytes)
Event: 27.540 Thread 0x0000020bec58cd90 nmethod 4835 0x0000020bd6c7ff90 code [0x0000020bd6c80180, 0x0000020bd6c805d8]
Event: 27.541 Thread 0x0000020bf020a790 nmethod 4834 0x0000020bde24e710 code [0x0000020bde24e8a0, 0x0000020bde24e9c8]
Event: 27.541 Thread 0x0000020bf020a790 4825       4       org.objectweb.asm.MethodVisitor::visitFrame (22 bytes)
Event: 27.544 Thread 0x0000020bf020a790 nmethod 4825 0x0000020bde24eb10 code [0x0000020bde24ecc0, 0x0000020bde24ee38]
Event: 27.545 Thread 0x0000020bf020a790 4829       4       org.gradle.internal.classpath.InstrumentingTransformer$InstrumentingMethodVisitor::visitINVOKEVIRTUAL (130 bytes)
Event: 27.582 Thread 0x0000020bf020a790 nmethod 4829 0x0000020bde24f010 code [0x0000020bde24f1e0, 0x0000020bde250088]
Event: 27.583 Thread 0x0000020bf020a790 4837       4       java.util.zip.Deflater::ensureOpen (47 bytes)
Event: 27.584 Thread 0x0000020bf020a790 nmethod 4837 0x0000020bde250790 code [0x0000020bde250900, 0x0000020bde2509b8]
Event: 27.584 Thread 0x0000020bf020a790 4836   !   4       java.util.zip.Deflater::deflate (413 bytes)
Event: 27.594 Thread 0x0000020bf020a790 nmethod 4836 0x0000020bde250a90 code [0x0000020bde250c40, 0x0000020bde251378]
Event: 27.595 Thread 0x0000020bf020a790 4773       4       org.gradle.internal.classpath.InstrumentingBackwardsCompatibilityVisitor$BackwardCompatibilityMethodVisitor::visitLdcInsn (11 bytes)
Event: 27.598 Thread 0x0000020bf020a790 nmethod 4773 0x0000020bde251910 code [0x0000020bde251aa0, 0x0000020bde251bc8]
Event: 27.598 Thread 0x0000020bf020a790 4823       4       org.gradle.internal.classpath.InstrumentingTransformer$InstrumentingMethodVisitor::visitINVOKESPECIAL (81 bytes)
Event: 27.625 Thread 0x0000020bf020a790 nmethod 4823 0x0000020bde251d10 code [0x0000020bde251f40, 0x0000020bde252e10]
Event: 27.627 Thread 0x0000020bf020a790 4838       4       org.objectweb.asm.MethodVisitor::visitLocalVariable (24 bytes)
Event: 27.629 Thread 0x0000020bec58cd90 4839       3       org.apache.tools.zip.ZipEntry::getExtraField (55 bytes)
Event: 27.630 Thread 0x0000020bec58cd90 nmethod 4839 0x0000020bd64e0890 code [0x0000020bd64e0a60, 0x0000020bd64e0fc8]

GC Heap History (20 events):
Event: 19.586 GC heap before
{Heap before GC invocations=58 (full 0):
 garbage-first heap   total 293888K, used 250297K [0x0000000080000000, 0x0000000100000000)
  region size 1024K, 160 young (163840K), 13 survivors (13312K)
 Metaspace       used 46130K, committed 46528K, reserved 1089536K
  class space    used 6086K, committed 6272K, reserved 1048576K
}
Event: 19.605 GC heap after
{Heap after GC invocations=59 (full 0):
 garbage-first heap   total 293888K, used 101293K [0x0000000080000000, 0x0000000100000000)
  region size 1024K, 12 young (12288K), 12 survivors (12288K)
 Metaspace       used 46130K, committed 46528K, reserved 1089536K
  class space    used 6086K, committed 6272K, reserved 1048576K
}
Event: 20.131 GC heap before
{Heap before GC invocations=60 (full 0):
 garbage-first heap   total 293888K, used 251821K [0x0000000080000000, 0x0000000100000000)
  region size 1024K, 159 young (162816K), 12 survivors (12288K)
 Metaspace       used 46130K, committed 46528K, reserved 1089536K
  class space    used 6086K, committed 6272K, reserved 1048576K
}
Event: 20.151 GC heap after
{Heap after GC invocations=61 (full 0):
 garbage-first heap   total 293888K, used 102690K [0x0000000080000000, 0x0000000100000000)
  region size 1024K, 12 young (12288K), 12 survivors (12288K)
 Metaspace       used 46130K, committed 46528K, reserved 1089536K
  class space    used 6086K, committed 6272K, reserved 1048576K
}
Event: 20.187 GC heap before
{Heap before GC invocations=61 (full 0):
 garbage-first heap   total 293888K, used 112930K [0x0000000080000000, 0x0000000100000000)
  region size 1024K, 23 young (23552K), 12 survivors (12288K)
 Metaspace       used 46130K, committed 46528K, reserved 1089536K
  class space    used 6086K, committed 6272K, reserved 1048576K
}
Event: 20.199 GC heap after
{Heap after GC invocations=62 (full 0):
 garbage-first heap   total 293888K, used 102992K [0x0000000080000000, 0x0000000100000000)
  region size 1024K, 11 young (11264K), 11 survivors (11264K)
 Metaspace       used 46130K, committed 46528K, reserved 1089536K
  class space    used 6086K, committed 6272K, reserved 1048576K
}
Event: 20.878 GC heap before
{Heap before GC invocations=63 (full 0):
 garbage-first heap   total 293888K, used 254544K [0x0000000080000000, 0x0000000100000000)
  region size 1024K, 157 young (160768K), 11 survivors (11264K)
 Metaspace       used 46144K, committed 46592K, reserved 1089536K
  class space    used 6087K, committed 6272K, reserved 1048576K
}
Event: 20.889 GC heap after
{Heap after GC invocations=64 (full 0):
 garbage-first heap   total 293888K, used 98380K [0x0000000080000000, 0x0000000100000000)
  region size 1024K, 10 young (10240K), 10 survivors (10240K)
 Metaspace       used 46144K, committed 46592K, reserved 1089536K
  class space    used 6087K, committed 6272K, reserved 1048576K
}
Event: 21.600 GC heap before
{Heap before GC invocations=64 (full 0):
 garbage-first heap   total 293888K, used 253004K [0x0000000080000000, 0x0000000100000000)
  region size 1024K, 161 young (164864K), 10 survivors (10240K)
 Metaspace       used 46145K, committed 46592K, reserved 1089536K
  class space    used 6087K, committed 6272K, reserved 1048576K
}
Event: 21.614 GC heap after
{Heap after GC invocations=65 (full 0):
 garbage-first heap   total 353280K, used 99340K [0x0000000080000000, 0x0000000100000000)
  region size 1024K, 11 young (11264K), 11 survivors (11264K)
 Metaspace       used 46145K, committed 46592K, reserved 1089536K
  class space    used 6087K, committed 6272K, reserved 1048576K
}
Event: 23.125 GC heap before
{Heap before GC invocations=66 (full 0):
 garbage-first heap   total 353280K, used 303116K [0x0000000080000000, 0x0000000100000000)
  region size 1024K, 207 young (211968K), 11 survivors (11264K)
 Metaspace       used 46148K, committed 46592K, reserved 1089536K
  class space    used 6087K, committed 6272K, reserved 1048576K
}
Event: 23.140 GC heap after
{Heap after GC invocations=67 (full 0):
 garbage-first heap   total 353280K, used 94268K [0x0000000080000000, 0x0000000100000000)
  region size 1024K, 9 young (9216K), 9 survivors (9216K)
 Metaspace       used 46148K, committed 46592K, reserved 1089536K
  class space    used 6087K, committed 6272K, reserved 1048576K
}
Event: 23.202 GC heap before
{Heap before GC invocations=67 (full 0):
 garbage-first heap   total 353280K, used 101436K [0x0000000080000000, 0x0000000100000000)
  region size 1024K, 17 young (17408K), 9 survivors (9216K)
 Metaspace       used 46148K, committed 46592K, reserved 1089536K
  class space    used 6087K, committed 6272K, reserved 1048576K
}
Event: 23.216 GC heap after
{Heap after GC invocations=68 (full 0):
 garbage-first heap   total 353280K, used 93604K [0x0000000080000000, 0x0000000100000000)
  region size 1024K, 2 young (2048K), 2 survivors (2048K)
 Metaspace       used 46148K, committed 46592K, reserved 1089536K
  class space    used 6087K, committed 6272K, reserved 1048576K
}
Event: 24.426 GC heap before
{Heap before GC invocations=68 (full 0):
 garbage-first heap   total 353280K, used 303524K [0x0000000080000000, 0x0000000100000000)
  region size 1024K, 207 young (211968K), 2 survivors (2048K)
 Metaspace       used 46149K, committed 46592K, reserved 1089536K
  class space    used 6087K, committed 6272K, reserved 1048576K
}
Event: 24.430 GC heap after
{Heap after GC invocations=69 (full 0):
 garbage-first heap   total 353280K, used 94224K [0x0000000080000000, 0x0000000100000000)
  region size 1024K, 2 young (2048K), 2 survivors (2048K)
 Metaspace       used 46149K, committed 46592K, reserved 1089536K
  class space    used 6087K, committed 6272K, reserved 1048576K
}
Event: 26.009 GC heap before
{Heap before GC invocations=69 (full 0):
 garbage-first heap   total 353280K, used 309264K [0x0000000080000000, 0x0000000100000000)
  region size 1024K, 207 young (211968K), 2 survivors (2048K)
 Metaspace       used 46149K, committed 46592K, reserved 1089536K
  class space    used 6087K, committed 6272K, reserved 1048576K
}
Event: 26.018 GC heap after
{Heap after GC invocations=70 (full 0):
 garbage-first heap   total 353280K, used 96466K [0x0000000080000000, 0x0000000100000000)
  region size 1024K, 5 young (5120K), 5 survivors (5120K)
 Metaspace       used 46149K, committed 46592K, reserved 1089536K
  class space    used 6087K, committed 6272K, reserved 1048576K
}
Event: 27.550 GC heap before
{Heap before GC invocations=70 (full 0):
 garbage-first heap   total 353280K, used 312530K [0x0000000080000000, 0x0000000100000000)
  region size 1024K, 207 young (211968K), 5 survivors (5120K)
 Metaspace       used 46149K, committed 46592K, reserved 1089536K
  class space    used 6087K, committed 6272K, reserved 1048576K
}
Event: 27.559 GC heap after
{Heap after GC invocations=71 (full 0):
 garbage-first heap   total 353280K, used 98680K [0x0000000080000000, 0x0000000100000000)
  region size 1024K, 7 young (7168K), 7 survivors (7168K)
 Metaspace       used 46149K, committed 46592K, reserved 1089536K
  class space    used 6087K, committed 6272K, reserved 1048576K
}

Dll operation events (2 events):
Event: 0.019 Loaded shared library C:\Program Files\Android\Android Studio\jbr\bin\java.dll
Event: 0.786 Loaded shared library C:\Program Files\Android\Android Studio\jbr\bin\verify.dll

Deoptimization events (20 events):
Event: 25.883 Thread 0x0000020bf10dace0 Uncommon trap: trap_request=0xffffff45 fr.pc=0x0000020bde1aaa54 relative=0x0000000000006854
Event: 25.883 Thread 0x0000020bf10dace0 Uncommon trap: reason=unstable_if action=reinterpret pc=0x0000020bde1aaa54 method=org.objectweb.asm.ClassReader.readConst(I[C)Ljava/lang/Object; @ 15 c2
Event: 25.883 Thread 0x0000020bf10dace0 DEOPT PACKING pc=0x0000020bde1aaa54 sp=0x00000085044fe820
Event: 25.883 Thread 0x0000020bf10dace0 DEOPT UNPACKING pc=0x0000020bdda069a3 sp=0x00000085044fe758 mode 2
Event: 26.868 Thread 0x0000020bf10dace0 Uncommon trap: trap_request=0xffffff45 fr.pc=0x0000020bde2230c8 relative=0x0000000000001148
Event: 26.868 Thread 0x0000020bf10dace0 Uncommon trap: reason=unstable_if action=reinterpret pc=0x0000020bde2230c8 method=org.objectweb.asm.MethodWriter.visitIntInsn(II)V @ 84 c2
Event: 26.868 Thread 0x0000020bf10dace0 DEOPT PACKING pc=0x0000020bde2230c8 sp=0x00000085044fe610
Event: 26.868 Thread 0x0000020bf10dace0 DEOPT UNPACKING pc=0x0000020bdda069a3 sp=0x00000085044fe528 mode 2
Event: 27.264 Thread 0x0000020bf10dace0 Uncommon trap: trap_request=0xffffff45 fr.pc=0x0000020bde226008 relative=0x0000000000000c68
Event: 27.264 Thread 0x0000020bf10dace0 Uncommon trap: reason=unstable_if action=reinterpret pc=0x0000020bde226008 method=org.objectweb.asm.ClassReader.readConst(I[C)Ljava/lang/Object; @ 233 c2
Event: 27.264 Thread 0x0000020bf10dace0 DEOPT PACKING pc=0x0000020bde226008 sp=0x00000085044fe640
Event: 27.265 Thread 0x0000020bf10dace0 DEOPT UNPACKING pc=0x0000020bdda069a3 sp=0x00000085044fe5d0 mode 2
Event: 27.409 Thread 0x0000020bf10dace0 Uncommon trap: trap_request=0xffffff45 fr.pc=0x0000020bde232dc4 relative=0x0000000000002f84
Event: 27.409 Thread 0x0000020bf10dace0 Uncommon trap: reason=unstable_if action=reinterpret pc=0x0000020bde232dc4 method=org.objectweb.asm.MethodWriter.visitLocalVariable(Ljava/lang/String;Ljava/lang/String;Ljava/lang/String;Lorg/objectweb/asm/Label;Lorg/objectweb/asm/Label;I)V @ 195 c2
Event: 27.409 Thread 0x0000020bf10dace0 DEOPT PACKING pc=0x0000020bde232dc4 sp=0x00000085044fe610
Event: 27.409 Thread 0x0000020bf10dace0 DEOPT UNPACKING pc=0x0000020bdda069a3 sp=0x00000085044fe420 mode 2
Event: 27.538 Thread 0x0000020bf10dace0 Uncommon trap: trap_request=0xffffff45 fr.pc=0x0000020bde248fd8 relative=0x0000000000001318
Event: 27.538 Thread 0x0000020bf10dace0 Uncommon trap: reason=unstable_if action=reinterpret pc=0x0000020bde248fd8 method=org.gradle.internal.classpath.InstrumentingTransformer$InstrumentingMethodVisitor.visitINVOKEVIRTUAL(Ljava/lang/String;Ljava/lang/String;Ljava/lang/String;)Z @ 10 c2
Event: 27.538 Thread 0x0000020bf10dace0 DEOPT PACKING pc=0x0000020bde248fd8 sp=0x00000085044fe600
Event: 27.538 Thread 0x0000020bf10dace0 DEOPT UNPACKING pc=0x0000020bdda069a3 sp=0x00000085044fe580 mode 2

Classes unloaded (0 events):
No events

Classes redefined (0 events):
No events

Internal exceptions (20 events):
Event: 11.075 Thread 0x0000020beeb11220 Exception <a 'java/lang/NoSuchMethodError'{0x00000000855f9680}: 'int java.lang.invoke.DirectMethodHandle$Holder.invokeSpecialIFC(java.lang.Object, java.lang.Object, java.lang.Object, java.lang.Object, java.lang.Object)'> (0x00000000855f9680) 
thrown [s\src\hotspot\share\interpreter\linkResolver.cpp, line 771]
Event: 11.304 Thread 0x0000020beeb11220 Exception <a 'java/lang/NoSuchMethodError'{0x0000000086a149b0}: 'int java.lang.invoke.DirectMethodHandle$Holder.invokeStatic(java.lang.Object)'> (0x0000000086a149b0) 
thrown [s\src\hotspot\share\interpreter\linkResolver.cpp, line 771]
Event: 11.305 Thread 0x0000020beeb11220 Exception <a 'java/lang/NoSuchMethodError'{0x0000000086a18da0}: 'int java.lang.invoke.DirectMethodHandle$Holder.invokeStaticInit(java.lang.Object)'> (0x0000000086a18da0) 
thrown [s\src\hotspot\share\interpreter\linkResolver.cpp, line 771]
Event: 11.348 Thread 0x0000020bf10da810 Exception <a 'sun/nio/fs/WindowsException'{0x0000000086af5f28}> (0x0000000086af5f28) 
thrown [s\src\hotspot\share\prims\jni.cpp, line 517]
Event: 11.355 Thread 0x0000020bf10da810 Exception <a 'sun/nio/fs/WindowsException'{0x0000000086918bd0}> (0x0000000086918bd0) 
thrown [s\src\hotspot\share\prims\jni.cpp, line 517]
Event: 11.356 Thread 0x0000020bf10da810 Exception <a 'sun/nio/fs/WindowsException'{0x000000008692a220}> (0x000000008692a220) 
thrown [s\src\hotspot\share\prims\jni.cpp, line 517]
Event: 11.366 Thread 0x0000020beeb11220 Exception <a 'java/lang/ClassNotFoundException'{0x0000000086998388}: sync_studio_tooling3_77d3i5ti9sgz8maqah928o10aBeanInfo> (0x0000000086998388) 
thrown [s\src\hotspot\share\classfile\systemDictionary.cpp, line 256]
Event: 11.366 Thread 0x0000020beeb11220 Exception <a 'java/lang/ClassNotFoundException'{0x000000008699ef98}: sync_studio_tooling3_77d3i5ti9sgz8maqah928o10aCustomizer> (0x000000008699ef98) 
thrown [s\src\hotspot\share\classfile\systemDictionary.cpp, line 256]
Event: 11.399 Thread 0x0000020beeb11220 Exception <a 'java/lang/ClassNotFoundException'{0x0000000086b71058}: ijinit_8g9znb63flaxoivvlaial8tsdBeanInfo> (0x0000000086b71058) 
thrown [s\src\hotspot\share\classfile\systemDictionary.cpp, line 256]
Event: 11.400 Thread 0x0000020beeb11220 Exception <a 'java/lang/ClassNotFoundException'{0x0000000086b853f8}: ijinit_8g9znb63flaxoivvlaial8tsdCustomizer> (0x0000000086b853f8) 
thrown [s\src\hotspot\share\classfile\systemDictionary.cpp, line 256]
Event: 11.407 Thread 0x0000020beeb11220 Exception <a 'java/lang/ClassNotFoundException'{0x0000000086bc8238}: ijinit_8g9znb63flaxoivvlaial8tsd$_run_closure1BeanInfo> (0x0000000086bc8238) 
thrown [s\src\hotspot\share\classfile\systemDictionary.cpp, line 256]
Event: 11.408 Thread 0x0000020beeb11220 Exception <a 'java/lang/ClassNotFoundException'{0x0000000086bcf198}: ijinit_8g9znb63flaxoivvlaial8tsd$_run_closure1Customizer> (0x0000000086bcf198) 
thrown [s\src\hotspot\share\classfile\systemDictionary.cpp, line 256]
Event: 11.540 Thread 0x0000020bf10e0850 Exception <a 'sun/nio/fs/WindowsException'{0x0000000088147dc0}> (0x0000000088147dc0) 
thrown [s\src\hotspot\share\prims\jni.cpp, line 517]
Event: 11.541 Thread 0x0000020beeb0f540 Exception <a 'sun/nio/fs/WindowsException'{0x000000008813d438}> (0x000000008813d438) 
thrown [s\src\hotspot\share\prims\jni.cpp, line 517]
Event: 11.787 Thread 0x0000020bf10dace0 Exception <a 'sun/nio/fs/WindowsException'{0x0000000088ef87f8}> (0x0000000088ef87f8) 
thrown [s\src\hotspot\share\prims\jni.cpp, line 517]
Event: 20.278 Thread 0x0000020bf10e0850 Implicit null exception at 0x0000020bde142d43 to 0x0000020bde143344
Event: 20.383 Thread 0x0000020bf10e0850 Exception <a 'sun/nio/fs/WindowsException'{0x000000008ef2e058}> (0x000000008ef2e058) 
thrown [s\src\hotspot\share\prims\jni.cpp, line 517]
Event: 20.386 Thread 0x0000020bf10e0850 Exception <a 'sun/nio/fs/WindowsException'{0x000000008ef2e1e0}> (0x000000008ef2e1e0) 
thrown [s\src\hotspot\share\prims\jni.cpp, line 517]
Event: 21.949 Thread 0x0000020beeb0f540 Exception <a 'sun/nio/fs/WindowsException'{0x00000000921ef908}> (0x00000000921ef908) 
thrown [s\src\hotspot\share\prims\jni.cpp, line 517]
Event: 21.951 Thread 0x0000020beeb0f540 Exception <a 'sun/nio/fs/WindowsException'{0x00000000921efab8}> (0x00000000921efab8) 
thrown [s\src\hotspot\share\prims\jni.cpp, line 517]

VM Operations (20 events):
Event: 21.711 Executing VM operation: G1Concurrent
Event: 21.715 Executing VM operation: G1Concurrent done
Event: 21.742 Executing VM operation: G1Concurrent
Event: 21.743 Executing VM operation: G1Concurrent done
Event: 22.745 Executing VM operation: Cleanup
Event: 22.745 Executing VM operation: Cleanup done
Event: 23.125 Executing VM operation: G1CollectForAllocation
Event: 23.141 Executing VM operation: G1CollectForAllocation done
Event: 23.202 Executing VM operation: G1CollectForAllocation
Event: 23.217 Executing VM operation: G1CollectForAllocation done
Event: 24.222 Executing VM operation: Cleanup
Event: 24.222 Executing VM operation: Cleanup done
Event: 24.426 Executing VM operation: G1CollectForAllocation
Event: 24.430 Executing VM operation: G1CollectForAllocation done
Event: 26.009 Executing VM operation: G1CollectForAllocation
Event: 26.018 Executing VM operation: G1CollectForAllocation done
Event: 27.023 Executing VM operation: Cleanup
Event: 27.039 Executing VM operation: Cleanup done
Event: 27.549 Executing VM operation: G1CollectForAllocation
Event: 27.559 Executing VM operation: G1CollectForAllocation done

Events (20 events):
Event: 21.065 Thread 0x0000020bec5966b0 flushing nmethod 0x0000020bd6d4e610
Event: 21.065 Thread 0x0000020bec5966b0 flushing nmethod 0x0000020bd6d4ed10
Event: 21.065 Thread 0x0000020bec5966b0 flushing nmethod 0x0000020bd6d57a90
Event: 21.065 Thread 0x0000020bec5966b0 flushing nmethod 0x0000020bd6d58390
Event: 21.065 Thread 0x0000020bec5966b0 flushing nmethod 0x0000020bd6d5cf10
Event: 21.065 Thread 0x0000020bec5966b0 flushing nmethod 0x0000020bd6d60e90
Event: 21.065 Thread 0x0000020bec5966b0 flushing nmethod 0x0000020bd6d63a90
Event: 21.065 Thread 0x0000020bec5966b0 flushing nmethod 0x0000020bd6d68790
Event: 21.065 Thread 0x0000020bec5966b0 flushing nmethod 0x0000020bd6d71090
Event: 21.065 Thread 0x0000020bec5966b0 flushing nmethod 0x0000020bd6d84f90
Event: 21.065 Thread 0x0000020bec5966b0 flushing nmethod 0x0000020bd6d85f90
Event: 21.066 Thread 0x0000020bec5966b0 flushing nmethod 0x0000020bd6da8990
Event: 21.066 Thread 0x0000020bec5966b0 flushing nmethod 0x0000020bd6daa610
Event: 21.066 Thread 0x0000020bec5966b0 flushing nmethod 0x0000020bd6dab110
Event: 21.066 Thread 0x0000020bec5966b0 flushing nmethod 0x0000020bd6dbb090
Event: 21.066 Thread 0x0000020bec5966b0 flushing nmethod 0x0000020bd6dbe910
Event: 21.066 Thread 0x0000020bec5966b0 flushing nmethod 0x0000020bd6dc4f10
Event: 21.066 Thread 0x0000020bec5966b0 flushing nmethod 0x0000020bd6e1da90
Event: 21.066 Thread 0x0000020bec5966b0 flushing nmethod 0x0000020bd6e68990
Event: 26.550 Thread 0x0000020bf020a790 Thread added: 0x0000020bf020a790


Dynamic libraries:
0x00007ff77b480000 - 0x00007ff77b48a000 	C:\Program Files\Android\Android Studio\jbr\bin\java.exe
0x00007fff5b1b0000 - 0x00007fff5b3c4000 	C:\WINDOWS\SYSTEM32\ntdll.dll
0x00007fff5a100000 - 0x00007fff5a1c2000 	C:\WINDOWS\System32\KERNEL32.DLL
0x00007fff58870000 - 0x00007fff58c0c000 	C:\WINDOWS\System32\KERNELBASE.dll
0x00007fff58660000 - 0x00007fff58771000 	C:\WINDOWS\System32\ucrtbase.dll
0x00007fff52e00000 - 0x00007fff52e1b000 	C:\Program Files\Android\Android Studio\jbr\bin\VCRUNTIME140.dll
0x00007fff51660000 - 0x00007fff51677000 	C:\Program Files\Android\Android Studio\jbr\bin\jli.dll
0x00007fff590c0000 - 0x00007fff5926b000 	C:\WINDOWS\System32\USER32.dll
0x00007fff58780000 - 0x00007fff587a6000 	C:\WINDOWS\System32\win32u.dll
0x00007fff3dd60000 - 0x00007fff3dfee000 	C:\WINDOWS\WinSxS\amd64_microsoft.windows.common-controls_6595b64144ccf1df_6.0.22621.608_none_a9444ca7c10bb01d\COMCTL32.dll
0x00007fff593f0000 - 0x00007fff59419000 	C:\WINDOWS\System32\GDI32.dll
0x00007fff59420000 - 0x00007fff594c7000 	C:\WINDOWS\System32\msvcrt.dll
0x00007fff58e00000 - 0x00007fff58f13000 	C:\WINDOWS\System32\gdi32full.dll
0x00007fff58f20000 - 0x00007fff58fba000 	C:\WINDOWS\System32\msvcp_win.dll
0x00007fff5a8d0000 - 0x00007fff5a901000 	C:\WINDOWS\System32\IMM32.DLL
0x00007fff4ec10000 - 0x00007fff4ec1c000 	C:\Program Files\Android\Android Studio\jbr\bin\vcruntime140_1.dll
0x00007fff3b140000 - 0x00007fff3b1cd000 	C:\Program Files\Android\Android Studio\jbr\bin\msvcp140.dll
0x00007fff080e0000 - 0x00007fff08d4d000 	C:\Program Files\Android\Android Studio\jbr\bin\server\jvm.dll
0x00007fff59630000 - 0x00007fff596de000 	C:\WINDOWS\System32\ADVAPI32.dll
0x00007fff5af40000 - 0x00007fff5afe4000 	C:\WINDOWS\System32\sechost.dll
0x00007fff59ee0000 - 0x00007fff59ff7000 	C:\WINDOWS\System32\RPCRT4.dll
0x00007fff561b0000 - 0x00007fff561ba000 	C:\WINDOWS\SYSTEM32\VERSION.dll
0x00007fff52010000 - 0x00007fff52044000 	C:\WINDOWS\SYSTEM32\WINMM.dll
0x00007fff56240000 - 0x00007fff56249000 	C:\WINDOWS\SYSTEM32\WSOCK32.dll
0x00007fff5b0f0000 - 0x00007fff5b161000 	C:\WINDOWS\System32\WS2_32.dll
0x00007fff57610000 - 0x00007fff57628000 	C:\WINDOWS\SYSTEM32\kernel.appcore.dll
0x00007fff56230000 - 0x00007fff5623a000 	C:\Program Files\Android\Android Studio\jbr\bin\jimage.dll
0x00007fff50040000 - 0x00007fff5026e000 	C:\WINDOWS\SYSTEM32\DBGHELP.DLL
0x00007fff5a390000 - 0x00007fff5a719000 	C:\WINDOWS\System32\combase.dll
0x00007fff594f0000 - 0x00007fff595c7000 	C:\WINDOWS\System32\OLEAUT32.dll
0x00007fff4f5c0000 - 0x00007fff4f5f2000 	C:\WINDOWS\SYSTEM32\dbgcore.DLL
0x00007fff58c10000 - 0x00007fff58c8b000 	C:\WINDOWS\System32\bcryptPrimitives.dll
0x00007fff3c680000 - 0x00007fff3c6a5000 	C:\Program Files\Android\Android Studio\jbr\bin\java.dll
0x00007fff4e230000 - 0x00007fff4e248000 	C:\Program Files\Android\Android Studio\jbr\bin\zip.dll
0x00007fff596e0000 - 0x00007fff59ed0000 	C:\WINDOWS\System32\SHELL32.dll
0x00007fff565b0000 - 0x00007fff56e7d000 	C:\WINDOWS\SYSTEM32\windows.storage.dll
0x00007fff56470000 - 0x00007fff565ae000 	C:\WINDOWS\SYSTEM32\wintypes.dll
0x00007fff592f0000 - 0x00007fff593e1000 	C:\WINDOWS\System32\SHCORE.dll
0x00007fff5b090000 - 0x00007fff5b0ee000 	C:\WINDOWS\System32\shlwapi.dll
0x00007fff58520000 - 0x00007fff58541000 	C:\WINDOWS\SYSTEM32\profapi.dll
0x00007fff4d5b0000 - 0x00007fff4d5c9000 	C:\Program Files\Android\Android Studio\jbr\bin\net.dll
0x00007fff51ed0000 - 0x00007fff52007000 	C:\WINDOWS\SYSTEM32\WINHTTP.dll
0x00007fff57a90000 - 0x00007fff57af9000 	C:\WINDOWS\system32\mswsock.dll
0x00007fff4c050000 - 0x00007fff4c066000 	C:\Program Files\Android\Android Studio\jbr\bin\nio.dll
0x00007fff51650000 - 0x00007fff51660000 	C:\Program Files\Android\Android Studio\jbr\bin\verify.dll
0x00007fff47160000 - 0x00007fff47187000 	C:\Users\mohan\.gradle\native\e1d6ef7f7dcc3fd88c89a11ec53ec762bb8ba0a96d01ffa2cd45eb1d1d8dd5c5\windows-amd64\native-platform.dll
0x00007fff265b0000 - 0x00007fff266f4000 	C:\Users\mohan\.gradle\native\0d407fdbe67a94daf76414ababcb853783967236a71b16ec16e742cd7a986fd3\windows-amd64\native-platform-file-events.dll
0x00007fff56100000 - 0x00007fff56109000 	C:\Program Files\Android\Android Studio\jbr\bin\management.dll
0x00007fff52c30000 - 0x00007fff52c3b000 	C:\Program Files\Android\Android Studio\jbr\bin\management_ext.dll
0x00007fff59ed0000 - 0x00007fff59ed8000 	C:\WINDOWS\System32\PSAPI.DLL
0x00007fff57d10000 - 0x00007fff57d2b000 	C:\WINDOWS\SYSTEM32\CRYPTSP.dll
0x00007fff57580000 - 0x00007fff575b5000 	C:\WINDOWS\system32\rsaenh.dll
0x00007fff57bb0000 - 0x00007fff57bd8000 	C:\WINDOWS\SYSTEM32\USERENV.dll
0x00007fff57ed0000 - 0x00007fff57ef8000 	C:\WINDOWS\SYSTEM32\bcrypt.dll
0x00007fff57d30000 - 0x00007fff57d3c000 	C:\WINDOWS\SYSTEM32\CRYPTBASE.dll
0x00007fff57110000 - 0x00007fff5713d000 	C:\WINDOWS\SYSTEM32\IPHLPAPI.DLL
0x00007fff592e0000 - 0x00007fff592e9000 	C:\WINDOWS\System32\NSI.dll
0x00007fff51eb0000 - 0x00007fff51ec9000 	C:\WINDOWS\SYSTEM32\dhcpcsvc6.DLL
0x00007fff51e90000 - 0x00007fff51eaf000 	C:\WINDOWS\SYSTEM32\dhcpcsvc.DLL
0x00007fff57190000 - 0x00007fff57283000 	C:\WINDOWS\SYSTEM32\DNSAPI.dll
0x00007fff4d5a0000 - 0x00007fff4d5a8000 	C:\WINDOWS\system32\wshunix.dll

dbghelp: loaded successfully - version: 4.0.5 - missing functions: none
symbol engine: initialized successfully - sym options: 0x614 - pdb path: .;C:\Program Files\Android\Android Studio\jbr\bin;C:\WINDOWS\SYSTEM32;C:\WINDOWS\WinSxS\amd64_microsoft.windows.common-controls_6595b64144ccf1df_6.0.22621.608_none_a9444ca7c10bb01d;C:\Program Files\Android\Android Studio\jbr\bin\server;C:\Users\mohan\.gradle\native\e1d6ef7f7dcc3fd88c89a11ec53ec762bb8ba0a96d01ffa2cd45eb1d1d8dd5c5\windows-amd64;C:\Users\mohan\.gradle\native\0d407fdbe67a94daf76414ababcb853783967236a71b16ec16e742cd7a986fd3\windows-amd64

VM Arguments:
jvm_args: --add-opens=java.base/java.util=ALL-UNNAMED --add-opens=java.base/java.lang=ALL-UNNAMED --add-opens=java.base/java.lang.invoke=ALL-UNNAMED --add-opens=java.base/java.util=ALL-UNNAMED --add-opens=java.prefs/java.util.prefs=ALL-UNNAMED --add-opens=java.prefs/java.util.prefs=ALL-UNNAMED --add-opens=java.base/java.nio.charset=ALL-UNNAMED --add-opens=java.base/java.net=ALL-UNNAMED --add-opens=java.base/java.util.concurrent.atomic=ALL-UNNAMED -Xmx2048m -Dfile.encoding=UTF-8 -Duser.country=IN -Duser.language=en -Duser.variant 
java_command: org.gradle.launcher.daemon.bootstrap.GradleDaemon 7.5
java_class_path (initial): C:\Users\mohan\.gradle\wrapper\dists\gradle-7.5-bin\f1w0cc9nuo0eivz97x2xlu9sv\gradle-7.5\lib\gradle-launcher-7.5.jar
Launcher Type: SUN_STANDARD

[Global flags]
     intx CICompilerCount                          = 3                                         {product} {ergonomic}
     uint ConcGCThreads                            = 1                                         {product} {ergonomic}
     uint G1ConcRefinementThreads                  = 4                                         {product} {ergonomic}
   size_t G1HeapRegionSize                         = 1048576                                   {product} {ergonomic}
    uintx GCDrainStackTargetSize                   = 64                                        {product} {ergonomic}
   size_t InitialHeapSize                          = 58720256                                  {product} {ergonomic}
   size_t MarkStackSize                            = 4194304                                   {product} {ergonomic}
   size_t MaxHeapSize                              = 2147483648                                {product} {command line}
   size_t MaxNewSize                               = 1287651328                                {product} {ergonomic}
   size_t MinHeapDeltaBytes                        = 1048576                                   {product} {ergonomic}
   size_t MinHeapSize                              = 8388608                                   {product} {ergonomic}
    uintx NonNMethodCodeHeapSize                   = 5832780                                {pd product} {ergonomic}
    uintx NonProfiledCodeHeapSize                  = 122912730                              {pd product} {ergonomic}
    uintx ProfiledCodeHeapSize                     = 122912730                              {pd product} {ergonomic}
    uintx ReservedCodeCacheSize                    = 251658240                              {pd product} {ergonomic}
     bool SegmentedCodeCache                       = true                                      {product} {ergonomic}
   size_t SoftMaxHeapSize                          = 2147483648                             {manageable} {ergonomic}
     bool UseCompressedClassPointers               = true                           {product lp64_product} {ergonomic}
     bool UseCompressedOops                        = true                           {product lp64_product} {ergonomic}
     bool UseG1GC                                  = true                                      {product} {ergonomic}
     bool UseLargePagesIndividualAllocation        = false                                  {pd product} {ergonomic}

Logging:
Log output configuration:
 #0: stdout all=warning uptime,level,tags
 #1: stderr all=off uptime,level,tags

Environment Variables:
PATH=C:\Program Files\Common Files\Oracle\Java\javapath;C:\WINDOWS\system32;C:\WINDOWS;C:\WINDOWS\System32\Wbem;C:\WINDOWS\System32\WindowsPowerShell\v1.0\;C:\WINDOWS\System32\OpenSSH\;C:\Program Files\dotnet\;C:\Program Files\Git\cmd;C:\Users\mohan\AppData\Local\Programs\Python\Python37\Scripts\;C:\Users\mohan\AppData\Local\Programs\Python\Python37\;C:\Users\mohan\AppData\Local\Microsoft\WindowsApps;C:\Users\mohan\AppData\Local\Programs\Microsoft VS Code\bin;C:\Program Files\JetBrains\PyCharm Community Edition 2021.3.2\bin;;C:\Users\mohan\OneDrive\Desktop\flutter_windows_3.3.8-stable\flutter\bin;
USERNAME=mohan
OS=Windows_NT
PROCESSOR_IDENTIFIER=AMD64 Family 23 Model 24 Stepping 1, AuthenticAMD
TMP=C:\Users\mohan\AppData\Local\Temp
TEMP=C:\Users\mohan\AppData\Local\Temp



---------------  S Y S T E M  ---------------

OS:
 Windows 11 , 64 bit Build 22621 (10.0.22621.1485)
OS uptime: 22 days 20:48 hours
Hyper-V role detected

CPU: total 4 (initial active 4) (4 cores per cpu, 2 threads per core) family 23 model 24 stepping 1 microcode 0x0, cx8, cmov, fxsr, ht, mmx, 3dnowpref, sse, sse2, sse3, ssse3, sse4a, sse4.1, sse4.2, popcnt, lzcnt, tsc, tscinvbit, avx, avx2, aes, clmul, bmi1, bmi2, adx, sha, fma, vzeroupper, clflush, clflushopt, hv

Memory: 4k page, system-wide physical 3470M (359M free)
TotalPageFile size 14222M (AvailPageFile size 4M)
current process WorkingSet (physical memory assigned to process): 365M, peak: 398M
current process commit charge ("private bytes"): 535M, peak: 548M

vm_info: OpenJDK 64-Bit Server VM (17.0.6+0-b2043.56-9586694) for windows-amd64 JRE (17.0.6+0-b2043.56-9586694), built on Feb  9 2023 20:06:20 by "androidbuild" with MS VC++ 16.10 / 16.11 (VS2019)

END.
